<?xml version="1.0" encoding="UTF-8"?>
<!-- Generated by org.testng.reporters.JUnitXMLReporter -->
<testsuite ignored="2" hostname="Rakesh" failures="1" tests="3" name="Test" time="8.391" errors="0" timestamp="2023-09-14T18:29:31 IST">
  <testcase classname="com.saucedemo.base.BasePage" name="@AfterMethod tearDown" time="0.22">
    <failure type="java.lang.StackOverflowError">
      <![CDATA[java.lang.StackOverflowError
at com.saucedemo.utils.ExtentUtils.endReport(ExtentUtils.java:31)
at com.saucedemo.utils.ExtentUtils.endReport(ExtentUtils.java:31)
at com.saucedemo.utils.ExtentUtils.endReport(ExtentUtils.java:31)
at com.saucedemo.utils.ExtentUtils.endReport(ExtentUtils.java:31)
at com.saucedemo.utils.ExtentUtils.endReport(ExtentUtils.java:31)
at com.saucedemo.utils.ExtentUtils.endReport(ExtentUtils.java:31)
at com.saucedemo.utils.ExtentUtils.endReport(ExtentUtils.java:31)
at com.saucedemo.utils.ExtentUtils.endReport(ExtentUtils.java:31)
at com.saucedemo.utils.ExtentUtils.endReport(ExtentUtils.java:31)
at com.saucedemo.utils.ExtentUtils.endReport(ExtentUtils.java:31)
at com.saucedemo.utils.ExtentUtils.endReport(ExtentUtils.java:31)
at com.saucedemo.utils.ExtentUtils.endReport(ExtentUtils.java:31)
at com.saucedemo.utils.ExtentUtils.endReport(ExtentUtils.java:31)
at com.saucedemo.utils.ExtentUtils.endReport(ExtentUtils.java:31)
at com.saucedemo.utils.ExtentUtils.endReport(ExtentUtils.java:31)
at com.saucedemo.utils.ExtentUtils.endReport(ExtentUtils.java:31)
at com.saucedemo.utils.ExtentUtils.endReport(ExtentUtils.java:31)
at com.saucedemo.utils.ExtentUtils.endReport(ExtentUtils.java:31)
at com.saucedemo.utils.ExtentUtils.endReport(ExtentUtils.java:31)
at com.saucedemo.utils.ExtentUtils.endReport(ExtentUtils.java:31)
at com.saucedemo.utils.ExtentUtils.endReport(ExtentUtils.java:31)
at com.saucedemo.utils.ExtentUtils.endReport(ExtentUtils.java:31)
at com.saucedemo.utils.ExtentUtils.endReport(ExtentUtils.java:31)
at com.saucedemo.utils.ExtentUtils.endReport(ExtentUtils.java:31)
at com.saucedemo.utils.ExtentUtils.endReport(ExtentUtils.java:31)
at com.saucedemo.utils.ExtentUtils.endReport(ExtentUtils.java:31)
at com.saucedemo.utils.ExtentUtils.endReport(ExtentUtils.java:31)
at com.saucedemo.utils.ExtentUtils.endReport(ExtentUtils.java:31)
at com.saucedemo.utils.ExtentUtils.endReport(ExtentUtils.java:31)
at com.saucedemo.utils.ExtentUtils.endReport(ExtentUtils.java:31)
at com.saucedemo.utils.ExtentUtils.endReport(ExtentUtils.java:31)
at com.saucedemo.utils.ExtentUtils.endReport(ExtentUtils.java:31)
at com.saucedemo.utils.ExtentUtils.endReport(ExtentUtils.java:31)
at com.saucedemo.utils.ExtentUtils.endReport(ExtentUtils.java:31)
at com.saucedemo.utils.ExtentUtils.endReport(ExtentUtils.java:31)
at com.saucedemo.utils.ExtentUtils.endReport(ExtentUtils.java:31)
at com.saucedemo.utils.ExtentUtils.endReport(ExtentUtils.java:31)
at com.saucedemo.utils.ExtentUtils.endReport(ExtentUtils.java:31)
at com.saucedemo.utils.ExtentUtils.endReport(ExtentUtils.java:31)
at com.saucedemo.utils.ExtentUtils.endReport(ExtentUtils.java:31)
at com.saucedemo.utils.ExtentUtils.endReport(ExtentUtils.java:31)
at com.saucedemo.utils.ExtentUtils.endReport(ExtentUtils.java:31)
at com.saucedemo.utils.ExtentUtils.endReport(ExtentUtils.java:31)
at com.saucedemo.utils.ExtentUtils.endReport(ExtentUtils.java:31)
at com.saucedemo.utils.ExtentUtils.endReport(ExtentUtils.java:31)
at com.saucedemo.utils.ExtentUtils.endReport(ExtentUtils.java:31)
at com.saucedemo.utils.ExtentUtils.endReport(ExtentUtils.java:31)
at com.saucedemo.utils.ExtentUtils.endReport(ExtentUtils.java:31)
at com.saucedemo.utils.ExtentUtils.endReport(ExtentUtils.java:31)
at com.saucedemo.utils.ExtentUtils.endReport(ExtentUtils.java:31)
at com.saucedemo.utils.ExtentUtils.endReport(ExtentUtils.java:31)
at com.saucedemo.utils.ExtentUtils.endReport(ExtentUtils.java:31)
at com.saucedemo.utils.ExtentUtils.endReport(ExtentUtils.java:31)
at com.saucedemo.utils.ExtentUtils.endReport(ExtentUtils.java:31)
at com.saucedemo.utils.ExtentUtils.endReport(ExtentUtils.java:31)
at com.saucedemo.utils.ExtentUtils.endReport(ExtentUtils.java:31)
at com.saucedemo.utils.ExtentUtils.endReport(ExtentUtils.java:31)
at com.saucedemo.utils.ExtentUtils.endReport(ExtentUtils.java:31)
at com.saucedemo.utils.ExtentUtils.endReport(ExtentUtils.java:31)
at com.saucedemo.utils.ExtentUtils.endReport(ExtentUtils.java:31)
at com.saucedemo.utils.ExtentUtils.endReport(ExtentUtils.java:31)
at com.saucedemo.utils.ExtentUtils.endReport(ExtentUtils.java:31)
at com.saucedemo.utils.ExtentUtils.endReport(ExtentUtils.java:31)
at com.saucedemo.utils.ExtentUtils.endReport(ExtentUtils.java:31)
at com.saucedemo.utils.ExtentUtils.endReport(ExtentUtils.java:31)
at com.saucedemo.utils.ExtentUtils.endReport(ExtentUtils.java:31)
at com.saucedemo.utils.ExtentUtils.endReport(ExtentUtils.java:31)
at com.saucedemo.utils.ExtentUtils.endReport(ExtentUtils.java:31)
at com.saucedemo.utils.ExtentUtils.endReport(ExtentUtils.java:31)
at com.saucedemo.utils.ExtentUtils.endReport(ExtentUtils.java:31)
at com.saucedemo.utils.ExtentUtils.endReport(ExtentUtils.java:31)
at com.saucedemo.utils.ExtentUtils.endReport(ExtentUtils.java:31)
at com.saucedemo.utils.ExtentUtils.endReport(ExtentUtils.java:31)
at com.saucedemo.utils.ExtentUtils.endReport(ExtentUtils.java:31)
at com.saucedemo.utils.ExtentUtils.endReport(ExtentUtils.java:31)
at com.saucedemo.utils.ExtentUtils.endReport(ExtentUtils.java:31)
at com.saucedemo.utils.ExtentUtils.endReport(ExtentUtils.java:31)
at com.saucedemo.utils.ExtentUtils.endReport(ExtentUtils.java:31)
at com.saucedemo.utils.ExtentUtils.endReport(ExtentUtils.java:31)
at com.saucedemo.utils.ExtentUtils.endReport(ExtentUtils.java:31)
at com.saucedemo.utils.ExtentUtils.endReport(ExtentUtils.java:31)
at com.saucedemo.utils.ExtentUtils.endReport(ExtentUtils.java:31)
at com.saucedemo.utils.ExtentUtils.endReport(ExtentUtils.java:31)
at com.saucedemo.utils.ExtentUtils.endReport(ExtentUtils.java:31)
at com.saucedemo.utils.ExtentUtils.endReport(ExtentUtils.java:31)
at com.saucedemo.utils.ExtentUtils.endReport(ExtentUtils.java:31)
at com.saucedemo.utils.ExtentUtils.endReport(ExtentUtils.java:31)
at com.saucedemo.utils.ExtentUtils.endReport(ExtentUtils.java:31)
at com.saucedemo.utils.ExtentUtils.endReport(ExtentUtils.java:31)
at com.saucedemo.utils.ExtentUtils.endReport(ExtentUtils.java:31)
at com.saucedemo.utils.ExtentUtils.endReport(ExtentUtils.java:31)
at com.saucedemo.utils.ExtentUtils.endReport(ExtentUtils.java:31)
at com.saucedemo.utils.ExtentUtils.endReport(ExtentUtils.java:31)
at com.saucedemo.utils.ExtentUtils.endReport(ExtentUtils.java:31)
at com.saucedemo.utils.ExtentUtils.endReport(ExtentUtils.java:31)
at com.saucedemo.utils.ExtentUtils.endReport(ExtentUtils.java:31)
at com.saucedemo.utils.ExtentUtils.endReport(ExtentUtils.java:31)
at com.saucedemo.utils.ExtentUtils.endReport(ExtentUtils.java:31)
at com.saucedemo.utils.ExtentUtils.endReport(ExtentUtils.java:31)
at com.saucedemo.utils.ExtentUtils.endReport(ExtentUtils.java:31)
at com.saucedemo.utils.ExtentUtils.endReport(ExtentUtils.java:31)
at com.saucedemo.utils.ExtentUtils.endReport(ExtentUtils.java:31)
at com.saucedemo.utils.ExtentUtils.endReport(ExtentUtils.java:31)
at com.saucedemo.utils.ExtentUtils.endReport(ExtentUtils.java:31)
at com.saucedemo.utils.ExtentUtils.endReport(ExtentUtils.java:31)
at com.saucedemo.utils.ExtentUtils.endReport(ExtentUtils.java:31)
at com.saucedemo.utils.ExtentUtils.endReport(ExtentUtils.java:31)
at com.saucedemo.utils.ExtentUtils.endReport(ExtentUtils.java:31)
at com.saucedemo.utils.ExtentUtils.endReport(ExtentUtils.java:31)
at com.saucedemo.utils.ExtentUtils.endReport(ExtentUtils.java:31)
at com.saucedemo.utils.ExtentUtils.endReport(ExtentUtils.java:31)
at com.saucedemo.utils.ExtentUtils.endReport(ExtentUtils.java:31)
at com.saucedemo.utils.ExtentUtils.endReport(ExtentUtils.java:31)
at com.saucedemo.utils.ExtentUtils.endReport(ExtentUtils.java:31)
at com.saucedemo.utils.ExtentUtils.endReport(ExtentUtils.java:31)
at com.saucedemo.utils.ExtentUtils.endReport(ExtentUtils.java:31)
at com.saucedemo.utils.ExtentUtils.endReport(ExtentUtils.java:31)
at com.saucedemo.utils.ExtentUtils.endReport(ExtentUtils.java:31)
at com.saucedemo.utils.ExtentUtils.endReport(ExtentUtils.java:31)
at com.saucedemo.utils.ExtentUtils.endReport(ExtentUtils.java:31)
at com.saucedemo.utils.ExtentUtils.endReport(ExtentUtils.java:31)
at com.saucedemo.utils.ExtentUtils.endReport(ExtentUtils.java:31)
at com.saucedemo.utils.ExtentUtils.endReport(ExtentUtils.java:31)
at com.saucedemo.utils.ExtentUtils.endReport(ExtentUtils.java:31)
at com.saucedemo.utils.ExtentUtils.endReport(ExtentUtils.java:31)
at com.saucedemo.utils.ExtentUtils.endReport(ExtentUtils.java:31)
at com.saucedemo.utils.ExtentUtils.endReport(ExtentUtils.java:31)
at com.saucedemo.utils.ExtentUtils.endReport(ExtentUtils.java:31)
at com.saucedemo.utils.ExtentUtils.endReport(ExtentUtils.java:31)
at com.saucedemo.utils.ExtentUtils.endReport(ExtentUtils.java:31)
at com.saucedemo.utils.ExtentUtils.endReport(ExtentUtils.java:31)
at com.saucedemo.utils.ExtentUtils.endReport(ExtentUtils.java:31)
at com.saucedemo.utils.ExtentUtils.endReport(ExtentUtils.java:31)
at com.saucedemo.utils.ExtentUtils.endReport(ExtentUtils.java:31)
at com.saucedemo.utils.ExtentUtils.endReport(ExtentUtils.java:31)
at com.saucedemo.utils.ExtentUtils.endReport(ExtentUtils.java:31)
at com.saucedemo.utils.ExtentUtils.endReport(ExtentUtils.java:31)
at com.saucedemo.utils.ExtentUtils.endReport(ExtentUtils.java:31)
at com.saucedemo.utils.ExtentUtils.endReport(ExtentUtils.java:31)
at com.saucedemo.utils.ExtentUtils.endReport(ExtentUtils.java:31)
at com.saucedemo.utils.ExtentUtils.endReport(ExtentUtils.java:31)
at com.saucedemo.utils.ExtentUtils.endReport(ExtentUtils.java:31)
at com.saucedemo.utils.ExtentUtils.endReport(ExtentUtils.java:31)
at com.saucedemo.utils.ExtentUtils.endReport(ExtentUtils.java:31)
at com.saucedemo.utils.ExtentUtils.endReport(ExtentUtils.java:31)
at com.saucedemo.utils.ExtentUtils.endReport(ExtentUtils.java:31)
at com.saucedemo.utils.ExtentUtils.endReport(ExtentUtils.java:31)
at com.saucedemo.utils.ExtentUtils.endReport(ExtentUtils.java:31)
at com.saucedemo.utils.ExtentUtils.endReport(ExtentUtils.java:31)
at com.saucedemo.utils.ExtentUtils.endReport(ExtentUtils.java:31)
at com.saucedemo.utils.ExtentUtils.endReport(ExtentUtils.java:31)
at com.saucedemo.utils.ExtentUtils.endReport(ExtentUtils.java:31)
at com.saucedemo.utils.ExtentUtils.endReport(ExtentUtils.java:31)
at com.saucedemo.utils.ExtentUtils.endReport(ExtentUtils.java:31)
at com.saucedemo.utils.ExtentUtils.endReport(ExtentUtils.java:31)
at com.saucedemo.utils.ExtentUtils.endReport(ExtentUtils.java:31)
at com.saucedemo.utils.ExtentUtils.endReport(ExtentUtils.java:31)
at com.saucedemo.utils.ExtentUtils.endReport(ExtentUtils.java:31)
at com.saucedemo.utils.ExtentUtils.endReport(ExtentUtils.java:31)
at com.saucedemo.utils.ExtentUtils.endReport(ExtentUtils.java:31)
at com.saucedemo.utils.ExtentUtils.endReport(ExtentUtils.java:31)
at com.saucedemo.utils.ExtentUtils.endReport(ExtentUtils.java:31)
at com.saucedemo.utils.ExtentUtils.endReport(ExtentUtils.java:31)
at com.saucedemo.utils.ExtentUtils.endReport(ExtentUtils.java:31)
at com.saucedemo.utils.ExtentUtils.endReport(ExtentUtils.java:31)
at com.saucedemo.utils.ExtentUtils.endReport(ExtentUtils.java:31)
at com.saucedemo.utils.ExtentUtils.endReport(ExtentUtils.java:31)
at com.saucedemo.utils.ExtentUtils.endReport(ExtentUtils.java:31)
at com.saucedemo.utils.ExtentUtils.endReport(ExtentUtils.java:31)
at com.saucedemo.utils.ExtentUtils.endReport(ExtentUtils.java:31)
at com.saucedemo.utils.ExtentUtils.endReport(ExtentUtils.java:31)
at com.saucedemo.utils.ExtentUtils.endReport(ExtentUtils.java:31)
at com.saucedemo.utils.ExtentUtils.endReport(ExtentUtils.java:31)
at com.saucedemo.utils.ExtentUtils.endReport(ExtentUtils.java:31)
at com.saucedemo.utils.ExtentUtils.endReport(ExtentUtils.java:31)
at com.saucedemo.utils.ExtentUtils.endReport(ExtentUtils.java:31)
at com.saucedemo.utils.ExtentUtils.endReport(ExtentUtils.java:31)
at com.saucedemo.utils.ExtentUtils.endReport(ExtentUtils.java:31)
at com.saucedemo.utils.ExtentUtils.endReport(ExtentUtils.java:31)
at com.saucedemo.utils.ExtentUtils.endReport(ExtentUtils.java:31)
at com.saucedemo.utils.ExtentUtils.endReport(ExtentUtils.java:31)
at com.saucedemo.utils.ExtentUtils.endReport(ExtentUtils.java:31)
at com.saucedemo.utils.ExtentUtils.endReport(ExtentUtils.java:31)
at com.saucedemo.utils.ExtentUtils.endReport(ExtentUtils.java:31)
at com.saucedemo.utils.ExtentUtils.endReport(ExtentUtils.java:31)
at com.saucedemo.utils.ExtentUtils.endReport(ExtentUtils.java:31)
at com.saucedemo.utils.ExtentUtils.endReport(ExtentUtils.java:31)
at com.saucedemo.utils.ExtentUtils.endReport(ExtentUtils.java:31)
at com.saucedemo.utils.ExtentUtils.endReport(ExtentUtils.java:31)
at com.saucedemo.utils.ExtentUtils.endReport(ExtentUtils.java:31)
at com.saucedemo.utils.ExtentUtils.endReport(ExtentUtils.java:31)
at com.saucedemo.utils.ExtentUtils.endReport(ExtentUtils.java:31)
at com.saucedemo.utils.ExtentUtils.endReport(ExtentUtils.java:31)
at com.saucedemo.utils.ExtentUtils.endReport(ExtentUtils.java:31)
at com.saucedemo.utils.ExtentUtils.endReport(ExtentUtils.java:31)
at com.saucedemo.utils.ExtentUtils.endReport(ExtentUtils.java:31)
at com.saucedemo.utils.ExtentUtils.endReport(ExtentUtils.java:31)
at com.saucedemo.utils.ExtentUtils.endReport(ExtentUtils.java:31)
at com.saucedemo.utils.ExtentUtils.endReport(ExtentUtils.java:31)
at com.saucedemo.utils.ExtentUtils.endReport(ExtentUtils.java:31)
at com.saucedemo.utils.ExtentUtils.endReport(ExtentUtils.java:31)
at com.saucedemo.utils.ExtentUtils.endReport(ExtentUtils.java:31)
at com.saucedemo.utils.ExtentUtils.endReport(ExtentUtils.java:31)
at com.saucedemo.utils.ExtentUtils.endReport(ExtentUtils.java:31)
at com.saucedemo.utils.ExtentUtils.endReport(ExtentUtils.java:31)
at com.saucedemo.utils.ExtentUtils.endReport(ExtentUtils.java:31)
at com.saucedemo.utils.ExtentUtils.endReport(ExtentUtils.java:31)
at com.saucedemo.utils.ExtentUtils.endReport(ExtentUtils.java:31)
at com.saucedemo.utils.ExtentUtils.endReport(ExtentUtils.java:31)
at com.saucedemo.utils.ExtentUtils.endReport(ExtentUtils.java:31)
at com.saucedemo.utils.ExtentUtils.endReport(ExtentUtils.java:31)
at com.saucedemo.utils.ExtentUtils.endReport(ExtentUtils.java:31)
at com.saucedemo.utils.ExtentUtils.endReport(ExtentUtils.java:31)
at com.saucedemo.utils.ExtentUtils.endReport(ExtentUtils.java:31)
at com.saucedemo.utils.ExtentUtils.endReport(ExtentUtils.java:31)
at com.saucedemo.utils.ExtentUtils.endReport(ExtentUtils.java:31)
at com.saucedemo.utils.ExtentUtils.endReport(ExtentUtils.java:31)
at com.saucedemo.utils.ExtentUtils.endReport(ExtentUtils.java:31)
at com.saucedemo.utils.ExtentUtils.endReport(ExtentUtils.java:31)
at com.saucedemo.utils.ExtentUtils.endReport(ExtentUtils.java:31)
at com.saucedemo.utils.ExtentUtils.endReport(ExtentUtils.java:31)
at com.saucedemo.utils.ExtentUtils.endReport(ExtentUtils.java:31)
at com.saucedemo.utils.ExtentUtils.endReport(ExtentUtils.java:31)
at com.saucedemo.utils.ExtentUtils.endReport(ExtentUtils.java:31)
at com.saucedemo.utils.ExtentUtils.endReport(ExtentUtils.java:31)
at com.saucedemo.utils.ExtentUtils.endReport(ExtentUtils.java:31)
at com.saucedemo.utils.ExtentUtils.endReport(ExtentUtils.java:31)
at com.saucedemo.utils.ExtentUtils.endReport(ExtentUtils.java:31)
at com.saucedemo.utils.ExtentUtils.endReport(ExtentUtils.java:31)
at com.saucedemo.utils.ExtentUtils.endReport(ExtentUtils.java:31)
at com.saucedemo.utils.ExtentUtils.endReport(ExtentUtils.java:31)
at com.saucedemo.utils.ExtentUtils.endReport(ExtentUtils.java:31)
at com.saucedemo.utils.ExtentUtils.endReport(ExtentUtils.java:31)
at com.saucedemo.utils.ExtentUtils.endReport(ExtentUtils.java:31)
at com.saucedemo.utils.ExtentUtils.endReport(ExtentUtils.java:31)
at com.saucedemo.utils.ExtentUtils.endReport(ExtentUtils.java:31)
at com.saucedemo.utils.ExtentUtils.endReport(ExtentUtils.java:31)
at com.saucedemo.utils.ExtentUtils.endReport(ExtentUtils.java:31)
at com.saucedemo.utils.ExtentUtils.endReport(ExtentUtils.java:31)
at com.saucedemo.utils.ExtentUtils.endReport(ExtentUtils.java:31)
at com.saucedemo.utils.ExtentUtils.endReport(ExtentUtils.java:31)
at com.saucedemo.utils.ExtentUtils.endReport(ExtentUtils.java:31)
at com.saucedemo.utils.ExtentUtils.endReport(ExtentUtils.java:31)
at com.saucedemo.utils.ExtentUtils.endReport(ExtentUtils.java:31)
at com.saucedemo.utils.ExtentUtils.endReport(ExtentUtils.java:31)
at com.saucedemo.utils.ExtentUtils.endReport(ExtentUtils.java:31)
at com.saucedemo.utils.ExtentUtils.endReport(ExtentUtils.java:31)
at com.saucedemo.utils.ExtentUtils.endReport(ExtentUtils.java:31)
at com.saucedemo.utils.ExtentUtils.endReport(ExtentUtils.java:31)
at com.saucedemo.utils.ExtentUtils.endReport(ExtentUtils.java:31)
at com.saucedemo.utils.ExtentUtils.endReport(ExtentUtils.java:31)
at com.saucedemo.utils.ExtentUtils.endReport(ExtentUtils.java:31)
at com.saucedemo.utils.ExtentUtils.endReport(ExtentUtils.java:31)
at com.saucedemo.utils.ExtentUtils.endReport(ExtentUtils.java:31)
at com.saucedemo.utils.ExtentUtils.endReport(ExtentUtils.java:31)
at com.saucedemo.utils.ExtentUtils.endReport(ExtentUtils.java:31)
at com.saucedemo.utils.ExtentUtils.endReport(ExtentUtils.java:31)
at com.saucedemo.utils.ExtentUtils.endReport(ExtentUtils.java:31)
at com.saucedemo.utils.ExtentUtils.endReport(ExtentUtils.java:31)
at com.saucedemo.utils.ExtentUtils.endReport(ExtentUtils.java:31)
at com.saucedemo.utils.ExtentUtils.endReport(ExtentUtils.java:31)
at com.saucedemo.utils.ExtentUtils.endReport(ExtentUtils.java:31)
at com.saucedemo.utils.ExtentUtils.endReport(ExtentUtils.java:31)
at com.saucedemo.utils.ExtentUtils.endReport(ExtentUtils.java:31)
at com.saucedemo.utils.ExtentUtils.endReport(ExtentUtils.java:31)
at com.saucedemo.utils.ExtentUtils.endReport(ExtentUtils.java:31)
at com.saucedemo.utils.ExtentUtils.endReport(ExtentUtils.java:31)
at com.saucedemo.utils.ExtentUtils.endReport(ExtentUtils.java:31)
at com.saucedemo.utils.ExtentUtils.endReport(ExtentUtils.java:31)
at com.saucedemo.utils.ExtentUtils.endReport(ExtentUtils.java:31)
at com.saucedemo.utils.ExtentUtils.endReport(ExtentUtils.java:31)
at com.saucedemo.utils.ExtentUtils.endReport(ExtentUtils.java:31)
at com.saucedemo.utils.ExtentUtils.endReport(ExtentUtils.java:31)
at com.saucedemo.utils.ExtentUtils.endReport(ExtentUtils.java:31)
at com.saucedemo.utils.ExtentUtils.endReport(ExtentUtils.java:31)
at com.saucedemo.utils.ExtentUtils.endReport(ExtentUtils.java:31)
at com.saucedemo.utils.ExtentUtils.endReport(ExtentUtils.java:31)
at com.saucedemo.utils.ExtentUtils.endReport(ExtentUtils.java:31)
at com.saucedemo.utils.ExtentUtils.endReport(ExtentUtils.java:31)
at com.saucedemo.utils.ExtentUtils.endReport(ExtentUtils.java:31)
at com.saucedemo.utils.ExtentUtils.endReport(ExtentUtils.java:31)
at com.saucedemo.utils.ExtentUtils.endReport(ExtentUtils.java:31)
at com.saucedemo.utils.ExtentUtils.endReport(ExtentUtils.java:31)
at com.saucedemo.utils.ExtentUtils.endReport(ExtentUtils.java:31)
at com.saucedemo.utils.ExtentUtils.endReport(ExtentUtils.java:31)
at com.saucedemo.utils.ExtentUtils.endReport(ExtentUtils.java:31)
at com.saucedemo.utils.ExtentUtils.endReport(ExtentUtils.java:31)
at com.saucedemo.utils.ExtentUtils.endReport(ExtentUtils.java:31)
at com.saucedemo.utils.ExtentUtils.endReport(ExtentUtils.java:31)
at com.saucedemo.utils.ExtentUtils.endReport(ExtentUtils.java:31)
at com.saucedemo.utils.ExtentUtils.endReport(ExtentUtils.java:31)
at com.saucedemo.utils.ExtentUtils.endReport(ExtentUtils.java:31)
at com.saucedemo.utils.ExtentUtils.endReport(ExtentUtils.java:31)
at com.saucedemo.utils.ExtentUtils.endReport(ExtentUtils.java:31)
at com.saucedemo.utils.ExtentUtils.endReport(ExtentUtils.java:31)
at com.saucedemo.utils.ExtentUtils.endReport(ExtentUtils.java:31)
at com.saucedemo.utils.ExtentUtils.endReport(ExtentUtils.java:31)
at com.saucedemo.utils.ExtentUtils.endReport(ExtentUtils.java:31)
at com.saucedemo.utils.ExtentUtils.endReport(ExtentUtils.java:31)
at com.saucedemo.utils.ExtentUtils.endReport(ExtentUtils.java:31)
at com.saucedemo.utils.ExtentUtils.endReport(ExtentUtils.java:31)
at com.saucedemo.utils.ExtentUtils.endReport(ExtentUtils.java:31)
at com.saucedemo.utils.ExtentUtils.endReport(ExtentUtils.java:31)
at com.saucedemo.utils.ExtentUtils.endReport(ExtentUtils.java:31)
at com.saucedemo.utils.ExtentUtils.endReport(ExtentUtils.java:31)
at com.saucedemo.utils.ExtentUtils.endReport(ExtentUtils.java:31)
at com.saucedemo.utils.ExtentUtils.endReport(ExtentUtils.java:31)
at com.saucedemo.utils.ExtentUtils.endReport(ExtentUtils.java:31)
at com.saucedemo.utils.ExtentUtils.endReport(ExtentUtils.java:31)
at com.saucedemo.utils.ExtentUtils.endReport(ExtentUtils.java:31)
at com.saucedemo.utils.ExtentUtils.endReport(ExtentUtils.java:31)
at com.saucedemo.utils.ExtentUtils.endReport(ExtentUtils.java:31)
at com.saucedemo.utils.ExtentUtils.endReport(ExtentUtils.java:31)
at com.saucedemo.utils.ExtentUtils.endReport(ExtentUtils.java:31)
at com.saucedemo.utils.ExtentUtils.endReport(ExtentUtils.java:31)
at com.saucedemo.utils.ExtentUtils.endReport(ExtentUtils.java:31)
at com.saucedemo.utils.ExtentUtils.endReport(ExtentUtils.java:31)
at com.saucedemo.utils.ExtentUtils.endReport(ExtentUtils.java:31)
at com.saucedemo.utils.ExtentUtils.endReport(ExtentUtils.java:31)
at com.saucedemo.utils.ExtentUtils.endReport(ExtentUtils.java:31)
at com.saucedemo.utils.ExtentUtils.endReport(ExtentUtils.java:31)
at com.saucedemo.utils.ExtentUtils.endReport(ExtentUtils.java:31)
at com.saucedemo.utils.ExtentUtils.endReport(ExtentUtils.java:31)
at com.saucedemo.utils.ExtentUtils.endReport(ExtentUtils.java:31)
at com.saucedemo.utils.ExtentUtils.endReport(ExtentUtils.java:31)
at com.saucedemo.utils.ExtentUtils.endReport(ExtentUtils.java:31)
at com.saucedemo.utils.ExtentUtils.endReport(ExtentUtils.java:31)
at com.saucedemo.utils.ExtentUtils.endReport(ExtentUtils.java:31)
at com.saucedemo.utils.ExtentUtils.endReport(ExtentUtils.java:31)
at com.saucedemo.utils.ExtentUtils.endReport(ExtentUtils.java:31)
at com.saucedemo.utils.ExtentUtils.endReport(ExtentUtils.java:31)
at com.saucedemo.utils.ExtentUtils.endReport(ExtentUtils.java:31)
at com.saucedemo.utils.ExtentUtils.endReport(ExtentUtils.java:31)
at com.saucedemo.utils.ExtentUtils.endReport(ExtentUtils.java:31)
at com.saucedemo.utils.ExtentUtils.endReport(ExtentUtils.java:31)
at com.saucedemo.utils.ExtentUtils.endReport(ExtentUtils.java:31)
at com.saucedemo.utils.ExtentUtils.endReport(ExtentUtils.java:31)
at com.saucedemo.utils.ExtentUtils.endReport(ExtentUtils.java:31)
at com.saucedemo.utils.ExtentUtils.endReport(ExtentUtils.java:31)
at com.saucedemo.utils.ExtentUtils.endReport(ExtentUtils.java:31)
at com.saucedemo.utils.ExtentUtils.endReport(ExtentUtils.java:31)
at com.saucedemo.utils.ExtentUtils.endReport(ExtentUtils.java:31)
at com.saucedemo.utils.ExtentUtils.endReport(ExtentUtils.java:31)
at com.saucedemo.utils.ExtentUtils.endReport(ExtentUtils.java:31)
at com.saucedemo.utils.ExtentUtils.endReport(ExtentUtils.java:31)
at com.saucedemo.utils.ExtentUtils.endReport(ExtentUtils.java:31)
at com.saucedemo.utils.ExtentUtils.endReport(ExtentUtils.java:31)
at com.saucedemo.utils.ExtentUtils.endReport(ExtentUtils.java:31)
at com.saucedemo.utils.ExtentUtils.endReport(ExtentUtils.java:31)
at com.saucedemo.utils.ExtentUtils.endReport(ExtentUtils.java:31)
at com.saucedemo.utils.ExtentUtils.endReport(ExtentUtils.java:31)
at com.saucedemo.utils.ExtentUtils.endReport(ExtentUtils.java:31)
at com.saucedemo.utils.ExtentUtils.endReport(ExtentUtils.java:31)
at com.saucedemo.utils.ExtentUtils.endReport(ExtentUtils.java:31)
at com.saucedemo.utils.ExtentUtils.endReport(ExtentUtils.java:31)
at com.saucedemo.utils.ExtentUtils.endReport(ExtentUtils.java:31)
at com.saucedemo.utils.ExtentUtils.endReport(ExtentUtils.java:31)
at com.saucedemo.utils.ExtentUtils.endReport(ExtentUtils.java:31)
at com.saucedemo.utils.ExtentUtils.endReport(ExtentUtils.java:31)
at com.saucedemo.utils.ExtentUtils.endReport(ExtentUtils.java:31)
at com.saucedemo.utils.ExtentUtils.endReport(ExtentUtils.java:31)
at com.saucedemo.utils.ExtentUtils.endReport(ExtentUtils.java:31)
at com.saucedemo.utils.ExtentUtils.endReport(ExtentUtils.java:31)
at com.saucedemo.utils.ExtentUtils.endReport(ExtentUtils.java:31)
at com.saucedemo.utils.ExtentUtils.endReport(ExtentUtils.java:31)
at com.saucedemo.utils.ExtentUtils.endReport(ExtentUtils.java:31)
at com.saucedemo.utils.ExtentUtils.endReport(ExtentUtils.java:31)
at com.saucedemo.utils.ExtentUtils.endReport(ExtentUtils.java:31)
at com.saucedemo.utils.ExtentUtils.endReport(ExtentUtils.java:31)
at com.saucedemo.utils.ExtentUtils.endReport(ExtentUtils.java:31)
at com.saucedemo.utils.ExtentUtils.endReport(ExtentUtils.java:31)
at com.saucedemo.utils.ExtentUtils.endReport(ExtentUtils.java:31)
at com.saucedemo.utils.ExtentUtils.endReport(ExtentUtils.java:31)
at com.saucedemo.utils.ExtentUtils.endReport(ExtentUtils.java:31)
at com.saucedemo.utils.ExtentUtils.endReport(ExtentUtils.java:31)
at com.saucedemo.utils.ExtentUtils.endReport(ExtentUtils.java:31)
at com.saucedemo.utils.ExtentUtils.endReport(ExtentUtils.java:31)
at com.saucedemo.utils.ExtentUtils.endReport(ExtentUtils.java:31)
at com.saucedemo.utils.ExtentUtils.endReport(ExtentUtils.java:31)
at com.saucedemo.utils.ExtentUtils.endReport(ExtentUtils.java:31)
at com.saucedemo.utils.ExtentUtils.endReport(ExtentUtils.java:31)
at com.saucedemo.utils.ExtentUtils.endReport(ExtentUtils.java:31)
at com.saucedemo.utils.ExtentUtils.endReport(ExtentUtils.java:31)
at com.saucedemo.utils.ExtentUtils.endReport(ExtentUtils.java:31)
at com.saucedemo.utils.ExtentUtils.endReport(ExtentUtils.java:31)
at com.saucedemo.utils.ExtentUtils.endReport(ExtentUtils.java:31)
at com.saucedemo.utils.ExtentUtils.endReport(ExtentUtils.java:31)
at com.saucedemo.utils.ExtentUtils.endReport(ExtentUtils.java:31)
at com.saucedemo.utils.ExtentUtils.endReport(ExtentUtils.java:31)
at com.saucedemo.utils.ExtentUtils.endReport(ExtentUtils.java:31)
at com.saucedemo.utils.ExtentUtils.endReport(ExtentUtils.java:31)
at com.saucedemo.utils.ExtentUtils.endReport(ExtentUtils.java:31)
at com.saucedemo.utils.ExtentUtils.endReport(ExtentUtils.java:31)
at com.saucedemo.utils.ExtentUtils.endReport(ExtentUtils.java:31)
at com.saucedemo.utils.ExtentUtils.endReport(ExtentUtils.java:31)
at com.saucedemo.utils.ExtentUtils.endReport(ExtentUtils.java:31)
at com.saucedemo.utils.ExtentUtils.endReport(ExtentUtils.java:31)
at com.saucedemo.utils.ExtentUtils.endReport(ExtentUtils.java:31)
at com.saucedemo.utils.ExtentUtils.endReport(ExtentUtils.java:31)
at com.saucedemo.utils.ExtentUtils.endReport(ExtentUtils.java:31)
at com.saucedemo.utils.ExtentUtils.endReport(ExtentUtils.java:31)
at com.saucedemo.utils.ExtentUtils.endReport(ExtentUtils.java:31)
at com.saucedemo.utils.ExtentUtils.endReport(ExtentUtils.java:31)
at com.saucedemo.utils.ExtentUtils.endReport(ExtentUtils.java:31)
at com.saucedemo.utils.ExtentUtils.endReport(ExtentUtils.java:31)
at com.saucedemo.utils.ExtentUtils.endReport(ExtentUtils.java:31)
at com.saucedemo.utils.ExtentUtils.endReport(ExtentUtils.java:31)
at com.saucedemo.utils.ExtentUtils.endReport(ExtentUtils.java:31)
at com.saucedemo.utils.ExtentUtils.endReport(ExtentUtils.java:31)
at com.saucedemo.utils.ExtentUtils.endReport(ExtentUtils.java:31)
at com.saucedemo.utils.ExtentUtils.endReport(ExtentUtils.java:31)
at com.saucedemo.utils.ExtentUtils.endReport(ExtentUtils.java:31)
at com.saucedemo.utils.ExtentUtils.endReport(ExtentUtils.java:31)
at com.saucedemo.utils.ExtentUtils.endReport(ExtentUtils.java:31)
at com.saucedemo.utils.ExtentUtils.endReport(ExtentUtils.java:31)
at com.saucedemo.utils.ExtentUtils.endReport(ExtentUtils.java:31)
at com.saucedemo.utils.ExtentUtils.endReport(ExtentUtils.java:31)
at com.saucedemo.utils.ExtentUtils.endReport(ExtentUtils.java:31)
at com.saucedemo.utils.ExtentUtils.endReport(ExtentUtils.java:31)
at com.saucedemo.utils.ExtentUtils.endReport(ExtentUtils.java:31)
at com.saucedemo.utils.ExtentUtils.endReport(ExtentUtils.java:31)
at com.saucedemo.utils.ExtentUtils.endReport(ExtentUtils.java:31)
at com.saucedemo.utils.ExtentUtils.endReport(ExtentUtils.java:31)
at com.saucedemo.utils.ExtentUtils.endReport(ExtentUtils.java:31)
at com.saucedemo.utils.ExtentUtils.endReport(ExtentUtils.java:31)
at com.saucedemo.utils.ExtentUtils.endReport(ExtentUtils.java:31)
at com.saucedemo.utils.ExtentUtils.endReport(ExtentUtils.java:31)
at com.saucedemo.utils.ExtentUtils.endReport(ExtentUtils.java:31)
at com.saucedemo.utils.ExtentUtils.endReport(ExtentUtils.java:31)
at com.saucedemo.utils.ExtentUtils.endReport(ExtentUtils.java:31)
at com.saucedemo.utils.ExtentUtils.endReport(ExtentUtils.java:31)
at com.saucedemo.utils.ExtentUtils.endReport(ExtentUtils.java:31)
at com.saucedemo.utils.ExtentUtils.endReport(ExtentUtils.java:31)
at com.saucedemo.utils.ExtentUtils.endReport(ExtentUtils.java:31)
at com.saucedemo.utils.ExtentUtils.endReport(ExtentUtils.java:31)
at com.saucedemo.utils.ExtentUtils.endReport(ExtentUtils.java:31)
at com.saucedemo.utils.ExtentUtils.endReport(ExtentUtils.java:31)
at com.saucedemo.utils.ExtentUtils.endReport(ExtentUtils.java:31)
at com.saucedemo.utils.ExtentUtils.endReport(ExtentUtils.java:31)
at com.saucedemo.utils.ExtentUtils.endReport(ExtentUtils.java:31)
at com.saucedemo.utils.ExtentUtils.endReport(ExtentUtils.java:31)
at com.saucedemo.utils.ExtentUtils.endReport(ExtentUtils.java:31)
at com.saucedemo.utils.ExtentUtils.endReport(ExtentUtils.java:31)
at com.saucedemo.utils.ExtentUtils.endReport(ExtentUtils.java:31)
at com.saucedemo.utils.ExtentUtils.endReport(ExtentUtils.java:31)
at com.saucedemo.utils.ExtentUtils.endReport(ExtentUtils.java:31)
at com.saucedemo.utils.ExtentUtils.endReport(ExtentUtils.java:31)
at com.saucedemo.utils.ExtentUtils.endReport(ExtentUtils.java:31)
at com.saucedemo.utils.ExtentUtils.endReport(ExtentUtils.java:31)
at com.saucedemo.utils.ExtentUtils.endReport(ExtentUtils.java:31)
at com.saucedemo.utils.ExtentUtils.endReport(ExtentUtils.java:31)
at com.saucedemo.utils.ExtentUtils.endReport(ExtentUtils.java:31)
at com.saucedemo.utils.ExtentUtils.endReport(ExtentUtils.java:31)
at com.saucedemo.utils.ExtentUtils.endReport(ExtentUtils.java:31)
at com.saucedemo.utils.ExtentUtils.endReport(ExtentUtils.java:31)
at com.saucedemo.utils.ExtentUtils.endReport(ExtentUtils.java:31)
at com.saucedemo.utils.ExtentUtils.endReport(ExtentUtils.java:31)
at com.saucedemo.utils.ExtentUtils.endReport(ExtentUtils.java:31)
at com.saucedemo.utils.ExtentUtils.endReport(ExtentUtils.java:31)
at com.saucedemo.utils.ExtentUtils.endReport(ExtentUtils.java:31)
at com.saucedemo.utils.ExtentUtils.endReport(ExtentUtils.java:31)
at com.saucedemo.utils.ExtentUtils.endReport(ExtentUtils.java:31)
at com.saucedemo.utils.ExtentUtils.endReport(ExtentUtils.java:31)
at com.saucedemo.utils.ExtentUtils.endReport(ExtentUtils.java:31)
at com.saucedemo.utils.ExtentUtils.endReport(ExtentUtils.java:31)
at com.saucedemo.utils.ExtentUtils.endReport(ExtentUtils.java:31)
at com.saucedemo.utils.ExtentUtils.endReport(ExtentUtils.java:31)
at com.saucedemo.utils.ExtentUtils.endReport(ExtentUtils.java:31)
at com.saucedemo.utils.ExtentUtils.endReport(ExtentUtils.java:31)
at com.saucedemo.utils.ExtentUtils.endReport(ExtentUtils.java:31)
at com.saucedemo.utils.ExtentUtils.endReport(ExtentUtils.java:31)
at com.saucedemo.utils.ExtentUtils.endReport(ExtentUtils.java:31)
at com.saucedemo.utils.ExtentUtils.endReport(ExtentUtils.java:31)
at com.saucedemo.utils.ExtentUtils.endReport(ExtentUtils.java:31)
at com.saucedemo.utils.ExtentUtils.endReport(ExtentUtils.java:31)
at com.saucedemo.utils.ExtentUtils.endReport(ExtentUtils.java:31)
at com.saucedemo.utils.ExtentUtils.endReport(ExtentUtils.java:31)
at com.saucedemo.utils.ExtentUtils.endReport(ExtentUtils.java:31)
at com.saucedemo.utils.ExtentUtils.endReport(ExtentUtils.java:31)
at com.saucedemo.utils.ExtentUtils.endReport(ExtentUtils.java:31)
at com.saucedemo.utils.ExtentUtils.endReport(ExtentUtils.java:31)
at com.saucedemo.utils.ExtentUtils.endReport(ExtentUtils.java:31)
at com.saucedemo.utils.ExtentUtils.endReport(ExtentUtils.java:31)
at com.saucedemo.utils.ExtentUtils.endReport(ExtentUtils.java:31)
at com.saucedemo.utils.ExtentUtils.endReport(ExtentUtils.java:31)
at com.saucedemo.utils.ExtentUtils.endReport(ExtentUtils.java:31)
at com.saucedemo.utils.ExtentUtils.endReport(ExtentUtils.java:31)
at com.saucedemo.utils.ExtentUtils.endReport(ExtentUtils.java:31)
at com.saucedemo.utils.ExtentUtils.endReport(ExtentUtils.java:31)
at com.saucedemo.utils.ExtentUtils.endReport(ExtentUtils.java:31)
at com.saucedemo.utils.ExtentUtils.endReport(ExtentUtils.java:31)
at com.saucedemo.utils.ExtentUtils.endReport(ExtentUtils.java:31)
at com.saucedemo.utils.ExtentUtils.endReport(ExtentUtils.java:31)
at com.saucedemo.utils.ExtentUtils.endReport(ExtentUtils.java:31)
at com.saucedemo.utils.ExtentUtils.endReport(ExtentUtils.java:31)
at com.saucedemo.utils.ExtentUtils.endReport(ExtentUtils.java:31)
at com.saucedemo.utils.ExtentUtils.endReport(ExtentUtils.java:31)
at com.saucedemo.utils.ExtentUtils.endReport(ExtentUtils.java:31)
at com.saucedemo.utils.ExtentUtils.endReport(ExtentUtils.java:31)
at com.saucedemo.utils.ExtentUtils.endReport(ExtentUtils.java:31)
at com.saucedemo.utils.ExtentUtils.endReport(ExtentUtils.java:31)
at com.saucedemo.utils.ExtentUtils.endReport(ExtentUtils.java:31)
at com.saucedemo.utils.ExtentUtils.endReport(ExtentUtils.java:31)
at com.saucedemo.utils.ExtentUtils.endReport(ExtentUtils.java:31)
at com.saucedemo.utils.ExtentUtils.endReport(ExtentUtils.java:31)
at com.saucedemo.utils.ExtentUtils.endReport(ExtentUtils.java:31)
at com.saucedemo.utils.ExtentUtils.endReport(ExtentUtils.java:31)
at com.saucedemo.utils.ExtentUtils.endReport(ExtentUtils.java:31)
at com.saucedemo.utils.ExtentUtils.endReport(ExtentUtils.java:31)
at com.saucedemo.utils.ExtentUtils.endReport(ExtentUtils.java:31)
at com.saucedemo.utils.ExtentUtils.endReport(ExtentUtils.java:31)
at com.saucedemo.utils.ExtentUtils.endReport(ExtentUtils.java:31)
at com.saucedemo.utils.ExtentUtils.endReport(ExtentUtils.java:31)
at com.saucedemo.utils.ExtentUtils.endReport(ExtentUtils.java:31)
at com.saucedemo.utils.ExtentUtils.endReport(ExtentUtils.java:31)
at com.saucedemo.utils.ExtentUtils.endReport(ExtentUtils.java:31)
at com.saucedemo.utils.ExtentUtils.endReport(ExtentUtils.java:31)
at com.saucedemo.utils.ExtentUtils.endReport(ExtentUtils.java:31)
at com.saucedemo.utils.ExtentUtils.endReport(ExtentUtils.java:31)
at com.saucedemo.utils.ExtentUtils.endReport(ExtentUtils.java:31)
at com.saucedemo.utils.ExtentUtils.endReport(ExtentUtils.java:31)
at com.saucedemo.utils.ExtentUtils.endReport(ExtentUtils.java:31)
at com.saucedemo.utils.ExtentUtils.endReport(ExtentUtils.java:31)
at com.saucedemo.utils.ExtentUtils.endReport(ExtentUtils.java:31)
at com.saucedemo.utils.ExtentUtils.endReport(ExtentUtils.java:31)
at com.saucedemo.utils.ExtentUtils.endReport(ExtentUtils.java:31)
at com.saucedemo.utils.ExtentUtils.endReport(ExtentUtils.java:31)
at com.saucedemo.utils.ExtentUtils.endReport(ExtentUtils.java:31)
at com.saucedemo.utils.ExtentUtils.endReport(ExtentUtils.java:31)
at com.saucedemo.utils.ExtentUtils.endReport(ExtentUtils.java:31)
at com.saucedemo.utils.ExtentUtils.endReport(ExtentUtils.java:31)
at com.saucedemo.utils.ExtentUtils.endReport(ExtentUtils.java:31)
at com.saucedemo.utils.ExtentUtils.endReport(ExtentUtils.java:31)
at com.saucedemo.utils.ExtentUtils.endReport(ExtentUtils.java:31)
at com.saucedemo.utils.ExtentUtils.endReport(ExtentUtils.java:31)
at com.saucedemo.utils.ExtentUtils.endReport(ExtentUtils.java:31)
at com.saucedemo.utils.ExtentUtils.endReport(ExtentUtils.java:31)
at com.saucedemo.utils.ExtentUtils.endReport(ExtentUtils.java:31)
at com.saucedemo.utils.ExtentUtils.endReport(ExtentUtils.java:31)
at com.saucedemo.utils.ExtentUtils.endReport(ExtentUtils.java:31)
at com.saucedemo.utils.ExtentUtils.endReport(ExtentUtils.java:31)
at com.saucedemo.utils.ExtentUtils.endReport(ExtentUtils.java:31)
at com.saucedemo.utils.ExtentUtils.endReport(ExtentUtils.java:31)
at com.saucedemo.utils.ExtentUtils.endReport(ExtentUtils.java:31)
at com.saucedemo.utils.ExtentUtils.endReport(ExtentUtils.java:31)
at com.saucedemo.utils.ExtentUtils.endReport(ExtentUtils.java:31)
at com.saucedemo.utils.ExtentUtils.endReport(ExtentUtils.java:31)
at com.saucedemo.utils.ExtentUtils.endReport(ExtentUtils.java:31)
at com.saucedemo.utils.ExtentUtils.endReport(ExtentUtils.java:31)
at com.saucedemo.utils.ExtentUtils.endReport(ExtentUtils.java:31)
at com.saucedemo.utils.ExtentUtils.endReport(ExtentUtils.java:31)
at com.saucedemo.utils.ExtentUtils.endReport(ExtentUtils.java:31)
at com.saucedemo.utils.ExtentUtils.endReport(ExtentUtils.java:31)
at com.saucedemo.utils.ExtentUtils.endReport(ExtentUtils.java:31)
at com.saucedemo.utils.ExtentUtils.endReport(ExtentUtils.java:31)
at com.saucedemo.utils.ExtentUtils.endReport(ExtentUtils.java:31)
at com.saucedemo.utils.ExtentUtils.endReport(ExtentUtils.java:31)
at com.saucedemo.utils.ExtentUtils.endReport(ExtentUtils.java:31)
at com.saucedemo.utils.ExtentUtils.endReport(ExtentUtils.java:31)
at com.saucedemo.utils.ExtentUtils.endReport(ExtentUtils.java:31)
at com.saucedemo.utils.ExtentUtils.endReport(ExtentUtils.java:31)
at com.saucedemo.utils.ExtentUtils.endReport(ExtentUtils.java:31)
at com.saucedemo.utils.ExtentUtils.endReport(ExtentUtils.java:31)
at com.saucedemo.utils.ExtentUtils.endReport(ExtentUtils.java:31)
at com.saucedemo.utils.ExtentUtils.endReport(ExtentUtils.java:31)
at com.saucedemo.utils.ExtentUtils.endReport(ExtentUtils.java:31)
at com.saucedemo.utils.ExtentUtils.endReport(ExtentUtils.java:31)
at com.saucedemo.utils.ExtentUtils.endReport(ExtentUtils.java:31)
at com.saucedemo.utils.ExtentUtils.endReport(ExtentUtils.java:31)
at com.saucedemo.utils.ExtentUtils.endReport(ExtentUtils.java:31)
at com.saucedemo.utils.ExtentUtils.endReport(ExtentUtils.java:31)
at com.saucedemo.utils.ExtentUtils.endReport(ExtentUtils.java:31)
at com.saucedemo.utils.ExtentUtils.endReport(ExtentUtils.java:31)
at com.saucedemo.utils.ExtentUtils.endReport(ExtentUtils.java:31)
at com.saucedemo.utils.ExtentUtils.endReport(ExtentUtils.java:31)
at com.saucedemo.utils.ExtentUtils.endReport(ExtentUtils.java:31)
at com.saucedemo.utils.ExtentUtils.endReport(ExtentUtils.java:31)
at com.saucedemo.utils.ExtentUtils.endReport(ExtentUtils.java:31)
at com.saucedemo.utils.ExtentUtils.endReport(ExtentUtils.java:31)
at com.saucedemo.utils.ExtentUtils.endReport(ExtentUtils.java:31)
at com.saucedemo.utils.ExtentUtils.endReport(ExtentUtils.java:31)
at com.saucedemo.utils.ExtentUtils.endReport(ExtentUtils.java:31)
at com.saucedemo.utils.ExtentUtils.endReport(ExtentUtils.java:31)
at com.saucedemo.utils.ExtentUtils.endReport(ExtentUtils.java:31)
at com.saucedemo.utils.ExtentUtils.endReport(ExtentUtils.java:31)
at com.saucedemo.utils.ExtentUtils.endReport(ExtentUtils.java:31)
at com.saucedemo.utils.ExtentUtils.endReport(ExtentUtils.java:31)
at com.saucedemo.utils.ExtentUtils.endReport(ExtentUtils.java:31)
at com.saucedemo.utils.ExtentUtils.endReport(ExtentUtils.java:31)
at com.saucedemo.utils.ExtentUtils.endReport(ExtentUtils.java:31)
at com.saucedemo.utils.ExtentUtils.endReport(ExtentUtils.java:31)
at com.saucedemo.utils.ExtentUtils.endReport(ExtentUtils.java:31)
at com.saucedemo.utils.ExtentUtils.endReport(ExtentUtils.java:31)
at com.saucedemo.utils.ExtentUtils.endReport(ExtentUtils.java:31)
at com.saucedemo.utils.ExtentUtils.endReport(ExtentUtils.java:31)
at com.saucedemo.utils.ExtentUtils.endReport(ExtentUtils.java:31)
at com.saucedemo.utils.ExtentUtils.endReport(ExtentUtils.java:31)
at com.saucedemo.utils.ExtentUtils.endReport(ExtentUtils.java:31)
at com.saucedemo.utils.ExtentUtils.endReport(ExtentUtils.java:31)
at com.saucedemo.utils.ExtentUtils.endReport(ExtentUtils.java:31)
at com.saucedemo.utils.ExtentUtils.endReport(ExtentUtils.java:31)
at com.saucedemo.utils.ExtentUtils.endReport(ExtentUtils.java:31)
at com.saucedemo.utils.ExtentUtils.endReport(ExtentUtils.java:31)
at com.saucedemo.utils.ExtentUtils.endReport(ExtentUtils.java:31)
at com.saucedemo.utils.ExtentUtils.endReport(ExtentUtils.java:31)
at com.saucedemo.utils.ExtentUtils.endReport(ExtentUtils.java:31)
at com.saucedemo.utils.ExtentUtils.endReport(ExtentUtils.java:31)
at com.saucedemo.utils.ExtentUtils.endReport(ExtentUtils.java:31)
at com.saucedemo.utils.ExtentUtils.endReport(ExtentUtils.java:31)
at com.saucedemo.utils.ExtentUtils.endReport(ExtentUtils.java:31)
at com.saucedemo.utils.ExtentUtils.endReport(ExtentUtils.java:31)
at com.saucedemo.utils.ExtentUtils.endReport(ExtentUtils.java:31)
at com.saucedemo.utils.ExtentUtils.endReport(ExtentUtils.java:31)
at com.saucedemo.utils.ExtentUtils.endReport(ExtentUtils.java:31)
at com.saucedemo.utils.ExtentUtils.endReport(ExtentUtils.java:31)
at com.saucedemo.utils.ExtentUtils.endReport(ExtentUtils.java:31)
at com.saucedemo.utils.ExtentUtils.endReport(ExtentUtils.java:31)
at com.saucedemo.utils.ExtentUtils.endReport(ExtentUtils.java:31)
at com.saucedemo.utils.ExtentUtils.endReport(ExtentUtils.java:31)
at com.saucedemo.utils.ExtentUtils.endReport(ExtentUtils.java:31)
at com.saucedemo.utils.ExtentUtils.endReport(ExtentUtils.java:31)
at com.saucedemo.utils.ExtentUtils.endReport(ExtentUtils.java:31)
at com.saucedemo.utils.ExtentUtils.endReport(ExtentUtils.java:31)
at com.saucedemo.utils.ExtentUtils.endReport(ExtentUtils.java:31)
at com.saucedemo.utils.ExtentUtils.endReport(ExtentUtils.java:31)
at com.saucedemo.utils.ExtentUtils.endReport(ExtentUtils.java:31)
at com.saucedemo.utils.ExtentUtils.endReport(ExtentUtils.java:31)
at com.saucedemo.utils.ExtentUtils.endReport(ExtentUtils.java:31)
at com.saucedemo.utils.ExtentUtils.endReport(ExtentUtils.java:31)
at com.saucedemo.utils.ExtentUtils.endReport(ExtentUtils.java:31)
at com.saucedemo.utils.ExtentUtils.endReport(ExtentUtils.java:31)
at com.saucedemo.utils.ExtentUtils.endReport(ExtentUtils.java:31)
at com.saucedemo.utils.ExtentUtils.endReport(ExtentUtils.java:31)
at com.saucedemo.utils.ExtentUtils.endReport(ExtentUtils.java:31)
at com.saucedemo.utils.ExtentUtils.endReport(ExtentUtils.java:31)
at com.saucedemo.utils.ExtentUtils.endReport(ExtentUtils.java:31)
at com.saucedemo.utils.ExtentUtils.endReport(ExtentUtils.java:31)
at com.saucedemo.utils.ExtentUtils.endReport(ExtentUtils.java:31)
at com.saucedemo.utils.ExtentUtils.endReport(ExtentUtils.java:31)
at com.saucedemo.utils.ExtentUtils.endReport(ExtentUtils.java:31)
at com.saucedemo.utils.ExtentUtils.endReport(ExtentUtils.java:31)
at com.saucedemo.utils.ExtentUtils.endReport(ExtentUtils.java:31)
at com.saucedemo.utils.ExtentUtils.endReport(ExtentUtils.java:31)
at com.saucedemo.utils.ExtentUtils.endReport(ExtentUtils.java:31)
at com.saucedemo.utils.ExtentUtils.endReport(ExtentUtils.java:31)
at com.saucedemo.utils.ExtentUtils.endReport(ExtentUtils.java:31)
at com.saucedemo.utils.ExtentUtils.endReport(ExtentUtils.java:31)
at com.saucedemo.utils.ExtentUtils.endReport(ExtentUtils.java:31)
at com.saucedemo.utils.ExtentUtils.endReport(ExtentUtils.java:31)
at com.saucedemo.utils.ExtentUtils.endReport(ExtentUtils.java:31)
at com.saucedemo.utils.ExtentUtils.endReport(ExtentUtils.java:31)
at com.saucedemo.utils.ExtentUtils.endReport(ExtentUtils.java:31)
at com.saucedemo.utils.ExtentUtils.endReport(ExtentUtils.java:31)
at com.saucedemo.utils.ExtentUtils.endReport(ExtentUtils.java:31)
at com.saucedemo.utils.ExtentUtils.endReport(ExtentUtils.java:31)
at com.saucedemo.utils.ExtentUtils.endReport(ExtentUtils.java:31)
at com.saucedemo.utils.ExtentUtils.endReport(ExtentUtils.java:31)
at com.saucedemo.utils.ExtentUtils.endReport(ExtentUtils.java:31)
at com.saucedemo.utils.ExtentUtils.endReport(ExtentUtils.java:31)
at com.saucedemo.utils.ExtentUtils.endReport(ExtentUtils.java:31)
at com.saucedemo.utils.ExtentUtils.endReport(ExtentUtils.java:31)
at com.saucedemo.utils.ExtentUtils.endReport(ExtentUtils.java:31)
at com.saucedemo.utils.ExtentUtils.endReport(ExtentUtils.java:31)
at com.saucedemo.utils.ExtentUtils.endReport(ExtentUtils.java:31)
at com.saucedemo.utils.ExtentUtils.endReport(ExtentUtils.java:31)
at com.saucedemo.utils.ExtentUtils.endReport(ExtentUtils.java:31)
at com.saucedemo.utils.ExtentUtils.endReport(ExtentUtils.java:31)
at com.saucedemo.utils.ExtentUtils.endReport(ExtentUtils.java:31)
at com.saucedemo.utils.ExtentUtils.endReport(ExtentUtils.java:31)
at com.saucedemo.utils.ExtentUtils.endReport(ExtentUtils.java:31)
at com.saucedemo.utils.ExtentUtils.endReport(ExtentUtils.java:31)
at com.saucedemo.utils.ExtentUtils.endReport(ExtentUtils.java:31)
at com.saucedemo.utils.ExtentUtils.endReport(ExtentUtils.java:31)
at com.saucedemo.utils.ExtentUtils.endReport(ExtentUtils.java:31)
at com.saucedemo.utils.ExtentUtils.endReport(ExtentUtils.java:31)
at com.saucedemo.utils.ExtentUtils.endReport(ExtentUtils.java:31)
at com.saucedemo.utils.ExtentUtils.endReport(ExtentUtils.java:31)
at com.saucedemo.utils.ExtentUtils.endReport(ExtentUtils.java:31)
at com.saucedemo.utils.ExtentUtils.endReport(ExtentUtils.java:31)
at com.saucedemo.utils.ExtentUtils.endReport(ExtentUtils.java:31)
at com.saucedemo.utils.ExtentUtils.endReport(ExtentUtils.java:31)
at com.saucedemo.utils.ExtentUtils.endReport(ExtentUtils.java:31)
at com.saucedemo.utils.ExtentUtils.endReport(ExtentUtils.java:31)
at com.saucedemo.utils.ExtentUtils.endReport(ExtentUtils.java:31)
at com.saucedemo.utils.ExtentUtils.endReport(ExtentUtils.java:31)
at com.saucedemo.utils.ExtentUtils.endReport(ExtentUtils.java:31)
at com.saucedemo.utils.ExtentUtils.endReport(ExtentUtils.java:31)
at com.saucedemo.utils.ExtentUtils.endReport(ExtentUtils.java:31)
at com.saucedemo.utils.ExtentUtils.endReport(ExtentUtils.java:31)
at com.saucedemo.utils.ExtentUtils.endReport(ExtentUtils.java:31)
at com.saucedemo.utils.ExtentUtils.endReport(ExtentUtils.java:31)
at com.saucedemo.utils.ExtentUtils.endReport(ExtentUtils.java:31)
at com.saucedemo.utils.ExtentUtils.endReport(ExtentUtils.java:31)
at com.saucedemo.utils.ExtentUtils.endReport(ExtentUtils.java:31)
at com.saucedemo.utils.ExtentUtils.endReport(ExtentUtils.java:31)
at com.saucedemo.utils.ExtentUtils.endReport(ExtentUtils.java:31)
at com.saucedemo.utils.ExtentUtils.endReport(ExtentUtils.java:31)
at com.saucedemo.utils.ExtentUtils.endReport(ExtentUtils.java:31)
at com.saucedemo.utils.ExtentUtils.endReport(ExtentUtils.java:31)
at com.saucedemo.utils.ExtentUtils.endReport(ExtentUtils.java:31)
at com.saucedemo.utils.ExtentUtils.endReport(ExtentUtils.java:31)
at com.saucedemo.utils.ExtentUtils.endReport(ExtentUtils.java:31)
at com.saucedemo.utils.ExtentUtils.endReport(ExtentUtils.java:31)
at com.saucedemo.utils.ExtentUtils.endReport(ExtentUtils.java:31)
at com.saucedemo.utils.ExtentUtils.endReport(ExtentUtils.java:31)
at com.saucedemo.utils.ExtentUtils.endReport(ExtentUtils.java:31)
at com.saucedemo.utils.ExtentUtils.endReport(ExtentUtils.java:31)
at com.saucedemo.utils.ExtentUtils.endReport(ExtentUtils.java:31)
at com.saucedemo.utils.ExtentUtils.endReport(ExtentUtils.java:31)
at com.saucedemo.utils.ExtentUtils.endReport(ExtentUtils.java:31)
at com.saucedemo.utils.ExtentUtils.endReport(ExtentUtils.java:31)
at com.saucedemo.utils.ExtentUtils.endReport(ExtentUtils.java:31)
at com.saucedemo.utils.ExtentUtils.endReport(ExtentUtils.java:31)
at com.saucedemo.utils.ExtentUtils.endReport(ExtentUtils.java:31)
at com.saucedemo.utils.ExtentUtils.endReport(ExtentUtils.java:31)
at com.saucedemo.utils.ExtentUtils.endReport(ExtentUtils.java:31)
at com.saucedemo.utils.ExtentUtils.endReport(ExtentUtils.java:31)
at com.saucedemo.utils.ExtentUtils.endReport(ExtentUtils.java:31)
at com.saucedemo.utils.ExtentUtils.endReport(ExtentUtils.java:31)
at com.saucedemo.utils.ExtentUtils.endReport(ExtentUtils.java:31)
at com.saucedemo.utils.ExtentUtils.endReport(ExtentUtils.java:31)
at com.saucedemo.utils.ExtentUtils.endReport(ExtentUtils.java:31)
at com.saucedemo.utils.ExtentUtils.endReport(ExtentUtils.java:31)
at com.saucedemo.utils.ExtentUtils.endReport(ExtentUtils.java:31)
at com.saucedemo.utils.ExtentUtils.endReport(ExtentUtils.java:31)
at com.saucedemo.utils.ExtentUtils.endReport(ExtentUtils.java:31)
at com.saucedemo.utils.ExtentUtils.endReport(ExtentUtils.java:31)
at com.saucedemo.utils.ExtentUtils.endReport(ExtentUtils.java:31)
at com.saucedemo.utils.ExtentUtils.endReport(ExtentUtils.java:31)
at com.saucedemo.utils.ExtentUtils.endReport(ExtentUtils.java:31)
at com.saucedemo.utils.ExtentUtils.endReport(ExtentUtils.java:31)
at com.saucedemo.utils.ExtentUtils.endReport(ExtentUtils.java:31)
at com.saucedemo.utils.ExtentUtils.endReport(ExtentUtils.java:31)
at com.saucedemo.utils.ExtentUtils.endReport(ExtentUtils.java:31)
at com.saucedemo.utils.ExtentUtils.endReport(ExtentUtils.java:31)
at com.saucedemo.utils.ExtentUtils.endReport(ExtentUtils.java:31)
at com.saucedemo.utils.ExtentUtils.endReport(ExtentUtils.java:31)
at com.saucedemo.utils.ExtentUtils.endReport(ExtentUtils.java:31)
at com.saucedemo.utils.ExtentUtils.endReport(ExtentUtils.java:31)
at com.saucedemo.utils.ExtentUtils.endReport(ExtentUtils.java:31)
at com.saucedemo.utils.ExtentUtils.endReport(ExtentUtils.java:31)
at com.saucedemo.utils.ExtentUtils.endReport(ExtentUtils.java:31)
at com.saucedemo.utils.ExtentUtils.endReport(ExtentUtils.java:31)
at com.saucedemo.utils.ExtentUtils.endReport(ExtentUtils.java:31)
at com.saucedemo.utils.ExtentUtils.endReport(ExtentUtils.java:31)
at com.saucedemo.utils.ExtentUtils.endReport(ExtentUtils.java:31)
at com.saucedemo.utils.ExtentUtils.endReport(ExtentUtils.java:31)
at com.saucedemo.utils.ExtentUtils.endReport(ExtentUtils.java:31)
at com.saucedemo.utils.ExtentUtils.endReport(ExtentUtils.java:31)
at com.saucedemo.utils.ExtentUtils.endReport(ExtentUtils.java:31)
at com.saucedemo.utils.ExtentUtils.endReport(ExtentUtils.java:31)
at com.saucedemo.utils.ExtentUtils.endReport(ExtentUtils.java:31)
at com.saucedemo.utils.ExtentUtils.endReport(ExtentUtils.java:31)
at com.saucedemo.utils.ExtentUtils.endReport(ExtentUtils.java:31)
at com.saucedemo.utils.ExtentUtils.endReport(ExtentUtils.java:31)
at com.saucedemo.utils.ExtentUtils.endReport(ExtentUtils.java:31)
at com.saucedemo.utils.ExtentUtils.endReport(ExtentUtils.java:31)
at com.saucedemo.utils.ExtentUtils.endReport(ExtentUtils.java:31)
at com.saucedemo.utils.ExtentUtils.endReport(ExtentUtils.java:31)
at com.saucedemo.utils.ExtentUtils.endReport(ExtentUtils.java:31)
at com.saucedemo.utils.ExtentUtils.endReport(ExtentUtils.java:31)
at com.saucedemo.utils.ExtentUtils.endReport(ExtentUtils.java:31)
at com.saucedemo.utils.ExtentUtils.endReport(ExtentUtils.java:31)
at com.saucedemo.utils.ExtentUtils.endReport(ExtentUtils.java:31)
at com.saucedemo.utils.ExtentUtils.endReport(ExtentUtils.java:31)
at com.saucedemo.utils.ExtentUtils.endReport(ExtentUtils.java:31)
at com.saucedemo.utils.ExtentUtils.endReport(ExtentUtils.java:31)
at com.saucedemo.utils.ExtentUtils.endReport(ExtentUtils.java:31)
at com.saucedemo.utils.ExtentUtils.endReport(ExtentUtils.java:31)
at com.saucedemo.utils.ExtentUtils.endReport(ExtentUtils.java:31)
at com.saucedemo.utils.ExtentUtils.endReport(ExtentUtils.java:31)
at com.saucedemo.utils.ExtentUtils.endReport(ExtentUtils.java:31)
at com.saucedemo.utils.ExtentUtils.endReport(ExtentUtils.java:31)
at com.saucedemo.utils.ExtentUtils.endReport(ExtentUtils.java:31)
at com.saucedemo.utils.ExtentUtils.endReport(ExtentUtils.java:31)
at com.saucedemo.utils.ExtentUtils.endReport(ExtentUtils.java:31)
at com.saucedemo.utils.ExtentUtils.endReport(ExtentUtils.java:31)
at com.saucedemo.utils.ExtentUtils.endReport(ExtentUtils.java:31)
at com.saucedemo.utils.ExtentUtils.endReport(ExtentUtils.java:31)
at com.saucedemo.utils.ExtentUtils.endReport(ExtentUtils.java:31)
at com.saucedemo.utils.ExtentUtils.endReport(ExtentUtils.java:31)
at com.saucedemo.utils.ExtentUtils.endReport(ExtentUtils.java:31)
at com.saucedemo.utils.ExtentUtils.endReport(ExtentUtils.java:31)
at com.saucedemo.utils.ExtentUtils.endReport(ExtentUtils.java:31)
at com.saucedemo.utils.ExtentUtils.endReport(ExtentUtils.java:31)
at com.saucedemo.utils.ExtentUtils.endReport(ExtentUtils.java:31)
at com.saucedemo.utils.ExtentUtils.endReport(ExtentUtils.java:31)
at com.saucedemo.utils.ExtentUtils.endReport(ExtentUtils.java:31)
at com.saucedemo.utils.ExtentUtils.endReport(ExtentUtils.java:31)
at com.saucedemo.utils.ExtentUtils.endReport(ExtentUtils.java:31)
at com.saucedemo.utils.ExtentUtils.endReport(ExtentUtils.java:31)
at com.saucedemo.utils.ExtentUtils.endReport(ExtentUtils.java:31)
at com.saucedemo.utils.ExtentUtils.endReport(ExtentUtils.java:31)
at com.saucedemo.utils.ExtentUtils.endReport(ExtentUtils.java:31)
at com.saucedemo.utils.ExtentUtils.endReport(ExtentUtils.java:31)
at com.saucedemo.utils.ExtentUtils.endReport(ExtentUtils.java:31)
at com.saucedemo.utils.ExtentUtils.endReport(ExtentUtils.java:31)
at com.saucedemo.utils.ExtentUtils.endReport(ExtentUtils.java:31)
at com.saucedemo.utils.ExtentUtils.endReport(ExtentUtils.java:31)
at com.saucedemo.utils.ExtentUtils.endReport(ExtentUtils.java:31)
at com.saucedemo.utils.ExtentUtils.endReport(ExtentUtils.java:31)
at com.saucedemo.utils.ExtentUtils.endReport(ExtentUtils.java:31)
at com.saucedemo.utils.ExtentUtils.endReport(ExtentUtils.java:31)
at com.saucedemo.utils.ExtentUtils.endReport(ExtentUtils.java:31)
at com.saucedemo.utils.ExtentUtils.endReport(ExtentUtils.java:31)
at com.saucedemo.utils.ExtentUtils.endReport(ExtentUtils.java:31)
at com.saucedemo.utils.ExtentUtils.endReport(ExtentUtils.java:31)
at com.saucedemo.utils.ExtentUtils.endReport(ExtentUtils.java:31)
at com.saucedemo.utils.ExtentUtils.endReport(ExtentUtils.java:31)
at com.saucedemo.utils.ExtentUtils.endReport(ExtentUtils.java:31)
at com.saucedemo.utils.ExtentUtils.endReport(ExtentUtils.java:31)
at com.saucedemo.utils.ExtentUtils.endReport(ExtentUtils.java:31)
at com.saucedemo.utils.ExtentUtils.endReport(ExtentUtils.java:31)
at com.saucedemo.utils.ExtentUtils.endReport(ExtentUtils.java:31)
at com.saucedemo.utils.ExtentUtils.endReport(ExtentUtils.java:31)
at com.saucedemo.utils.ExtentUtils.endReport(ExtentUtils.java:31)
at com.saucedemo.utils.ExtentUtils.endReport(ExtentUtils.java:31)
at com.saucedemo.utils.ExtentUtils.endReport(ExtentUtils.java:31)
at com.saucedemo.utils.ExtentUtils.endReport(ExtentUtils.java:31)
at com.saucedemo.utils.ExtentUtils.endReport(ExtentUtils.java:31)
at com.saucedemo.utils.ExtentUtils.endReport(ExtentUtils.java:31)
at com.saucedemo.utils.ExtentUtils.endReport(ExtentUtils.java:31)
at com.saucedemo.utils.ExtentUtils.endReport(ExtentUtils.java:31)
at com.saucedemo.utils.ExtentUtils.endReport(ExtentUtils.java:31)
at com.saucedemo.utils.ExtentUtils.endReport(ExtentUtils.java:31)
at com.saucedemo.utils.ExtentUtils.endReport(ExtentUtils.java:31)
at com.saucedemo.utils.ExtentUtils.endReport(ExtentUtils.java:31)
at com.saucedemo.utils.ExtentUtils.endReport(ExtentUtils.java:31)
at com.saucedemo.utils.ExtentUtils.endReport(ExtentUtils.java:31)
at com.saucedemo.utils.ExtentUtils.endReport(ExtentUtils.java:31)
at com.saucedemo.utils.ExtentUtils.endReport(ExtentUtils.java:31)
at com.saucedemo.utils.ExtentUtils.endReport(ExtentUtils.java:31)
at com.saucedemo.utils.ExtentUtils.endReport(ExtentUtils.java:31)
at com.saucedemo.utils.ExtentUtils.endReport(ExtentUtils.java:31)
at com.saucedemo.utils.ExtentUtils.endReport(ExtentUtils.java:31)
at com.saucedemo.utils.ExtentUtils.endReport(ExtentUtils.java:31)
at com.saucedemo.utils.ExtentUtils.endReport(ExtentUtils.java:31)
at com.saucedemo.utils.ExtentUtils.endReport(ExtentUtils.java:31)
at com.saucedemo.utils.ExtentUtils.endReport(ExtentUtils.java:31)
at com.saucedemo.utils.ExtentUtils.endReport(ExtentUtils.java:31)
at com.saucedemo.utils.ExtentUtils.endReport(ExtentUtils.java:31)
at com.saucedemo.utils.ExtentUtils.endReport(ExtentUtils.java:31)
at com.saucedemo.utils.ExtentUtils.endReport(ExtentUtils.java:31)
at com.saucedemo.utils.ExtentUtils.endReport(ExtentUtils.java:31)
at com.saucedemo.utils.ExtentUtils.endReport(ExtentUtils.java:31)
at com.saucedemo.utils.ExtentUtils.endReport(ExtentUtils.java:31)
at com.saucedemo.utils.ExtentUtils.endReport(ExtentUtils.java:31)
at com.saucedemo.utils.ExtentUtils.endReport(ExtentUtils.java:31)
at com.saucedemo.utils.ExtentUtils.endReport(ExtentUtils.java:31)
at com.saucedemo.utils.ExtentUtils.endReport(ExtentUtils.java:31)
at com.saucedemo.utils.ExtentUtils.endReport(ExtentUtils.java:31)
at com.saucedemo.utils.ExtentUtils.endReport(ExtentUtils.java:31)
at com.saucedemo.utils.ExtentUtils.endReport(ExtentUtils.java:31)
at com.saucedemo.utils.ExtentUtils.endReport(ExtentUtils.java:31)
at com.saucedemo.utils.ExtentUtils.endReport(ExtentUtils.java:31)
at com.saucedemo.utils.ExtentUtils.endReport(ExtentUtils.java:31)
at com.saucedemo.utils.ExtentUtils.endReport(ExtentUtils.java:31)
at com.saucedemo.utils.ExtentUtils.endReport(ExtentUtils.java:31)
at com.saucedemo.utils.ExtentUtils.endReport(ExtentUtils.java:31)
at com.saucedemo.utils.ExtentUtils.endReport(ExtentUtils.java:31)
at com.saucedemo.utils.ExtentUtils.endReport(ExtentUtils.java:31)
at com.saucedemo.utils.ExtentUtils.endReport(ExtentUtils.java:31)
at com.saucedemo.utils.ExtentUtils.endReport(ExtentUtils.java:31)
at com.saucedemo.utils.ExtentUtils.endReport(ExtentUtils.java:31)
at com.saucedemo.utils.ExtentUtils.endReport(ExtentUtils.java:31)
at com.saucedemo.utils.ExtentUtils.endReport(ExtentUtils.java:31)
at com.saucedemo.utils.ExtentUtils.endReport(ExtentUtils.java:31)
at com.saucedemo.utils.ExtentUtils.endReport(ExtentUtils.java:31)
at com.saucedemo.utils.ExtentUtils.endReport(ExtentUtils.java:31)
at com.saucedemo.utils.ExtentUtils.endReport(ExtentUtils.java:31)
at com.saucedemo.utils.ExtentUtils.endReport(ExtentUtils.java:31)
at com.saucedemo.utils.ExtentUtils.endReport(ExtentUtils.java:31)
at com.saucedemo.utils.ExtentUtils.endReport(ExtentUtils.java:31)
at com.saucedemo.utils.ExtentUtils.endReport(ExtentUtils.java:31)
at com.saucedemo.utils.ExtentUtils.endReport(ExtentUtils.java:31)
at com.saucedemo.utils.ExtentUtils.endReport(ExtentUtils.java:31)
at com.saucedemo.utils.ExtentUtils.endReport(ExtentUtils.java:31)
at com.saucedemo.utils.ExtentUtils.endReport(ExtentUtils.java:31)
at com.saucedemo.utils.ExtentUtils.endReport(ExtentUtils.java:31)
at com.saucedemo.utils.ExtentUtils.endReport(ExtentUtils.java:31)
at com.saucedemo.utils.ExtentUtils.endReport(ExtentUtils.java:31)
at com.saucedemo.utils.ExtentUtils.endReport(ExtentUtils.java:31)
at com.saucedemo.utils.ExtentUtils.endReport(ExtentUtils.java:31)
at com.saucedemo.utils.ExtentUtils.endReport(ExtentUtils.java:31)
at com.saucedemo.utils.ExtentUtils.endReport(ExtentUtils.java:31)
at com.saucedemo.utils.ExtentUtils.endReport(ExtentUtils.java:31)
at com.saucedemo.utils.ExtentUtils.endReport(ExtentUtils.java:31)
at com.saucedemo.utils.ExtentUtils.endReport(ExtentUtils.java:31)
at com.saucedemo.utils.ExtentUtils.endReport(ExtentUtils.java:31)
at com.saucedemo.utils.ExtentUtils.endReport(ExtentUtils.java:31)
at com.saucedemo.utils.ExtentUtils.endReport(ExtentUtils.java:31)
at com.saucedemo.utils.ExtentUtils.endReport(ExtentUtils.java:31)
at com.saucedemo.utils.ExtentUtils.endReport(ExtentUtils.java:31)
at com.saucedemo.utils.ExtentUtils.endReport(ExtentUtils.java:31)
at com.saucedemo.utils.ExtentUtils.endReport(ExtentUtils.java:31)
at com.saucedemo.utils.ExtentUtils.endReport(ExtentUtils.java:31)
at com.saucedemo.utils.ExtentUtils.endReport(ExtentUtils.java:31)
at com.saucedemo.utils.ExtentUtils.endReport(ExtentUtils.java:31)
at com.saucedemo.utils.ExtentUtils.endReport(ExtentUtils.java:31)
at com.saucedemo.utils.ExtentUtils.endReport(ExtentUtils.java:31)
at com.saucedemo.utils.ExtentUtils.endReport(ExtentUtils.java:31)
at com.saucedemo.utils.ExtentUtils.endReport(ExtentUtils.java:31)
at com.saucedemo.utils.ExtentUtils.endReport(ExtentUtils.java:31)
at com.saucedemo.utils.ExtentUtils.endReport(ExtentUtils.java:31)
at com.saucedemo.utils.ExtentUtils.endReport(ExtentUtils.java:31)
at com.saucedemo.utils.ExtentUtils.endReport(ExtentUtils.java:31)
at com.saucedemo.utils.ExtentUtils.endReport(ExtentUtils.java:31)
at com.saucedemo.utils.ExtentUtils.endReport(ExtentUtils.java:31)
at com.saucedemo.utils.ExtentUtils.endReport(ExtentUtils.java:31)
at com.saucedemo.utils.ExtentUtils.endReport(ExtentUtils.java:31)
at com.saucedemo.utils.ExtentUtils.endReport(ExtentUtils.java:31)
at com.saucedemo.utils.ExtentUtils.endReport(ExtentUtils.java:31)
at com.saucedemo.utils.ExtentUtils.endReport(ExtentUtils.java:31)
at com.saucedemo.utils.ExtentUtils.endReport(ExtentUtils.java:31)
at com.saucedemo.utils.ExtentUtils.endReport(ExtentUtils.java:31)
at com.saucedemo.utils.ExtentUtils.endReport(ExtentUtils.java:31)
at com.saucedemo.utils.ExtentUtils.endReport(ExtentUtils.java:31)
at com.saucedemo.utils.ExtentUtils.endReport(ExtentUtils.java:31)
at com.saucedemo.utils.ExtentUtils.endReport(ExtentUtils.java:31)
at com.saucedemo.utils.ExtentUtils.endReport(ExtentUtils.java:31)
at com.saucedemo.utils.ExtentUtils.endReport(ExtentUtils.java:31)
at com.saucedemo.utils.ExtentUtils.endReport(ExtentUtils.java:31)
at com.saucedemo.utils.ExtentUtils.endReport(ExtentUtils.java:31)
at com.saucedemo.utils.ExtentUtils.endReport(ExtentUtils.java:31)
at com.saucedemo.utils.ExtentUtils.endReport(ExtentUtils.java:31)
at com.saucedemo.utils.ExtentUtils.endReport(ExtentUtils.java:31)
at com.saucedemo.utils.ExtentUtils.endReport(ExtentUtils.java:31)
at com.saucedemo.utils.ExtentUtils.endReport(ExtentUtils.java:31)
at com.saucedemo.utils.ExtentUtils.endReport(ExtentUtils.java:31)
at com.saucedemo.utils.ExtentUtils.endReport(ExtentUtils.java:31)
at com.saucedemo.utils.ExtentUtils.endReport(ExtentUtils.java:31)
at com.saucedemo.utils.ExtentUtils.endReport(ExtentUtils.java:31)
at com.saucedemo.utils.ExtentUtils.endReport(ExtentUtils.java:31)
at com.saucedemo.utils.ExtentUtils.endReport(ExtentUtils.java:31)
at com.saucedemo.utils.ExtentUtils.endReport(ExtentUtils.java:31)
at com.saucedemo.utils.ExtentUtils.endReport(ExtentUtils.java:31)
at com.saucedemo.utils.ExtentUtils.endReport(ExtentUtils.java:31)
at com.saucedemo.utils.ExtentUtils.endReport(ExtentUtils.java:31)
at com.saucedemo.utils.ExtentUtils.endReport(ExtentUtils.java:31)
at com.saucedemo.utils.ExtentUtils.endReport(ExtentUtils.java:31)
at com.saucedemo.utils.ExtentUtils.endReport(ExtentUtils.java:31)
at com.saucedemo.utils.ExtentUtils.endReport(ExtentUtils.java:31)
at com.saucedemo.utils.ExtentUtils.endReport(ExtentUtils.java:31)
at com.saucedemo.utils.ExtentUtils.endReport(ExtentUtils.java:31)
at com.saucedemo.utils.ExtentUtils.endReport(ExtentUtils.java:31)
at com.saucedemo.utils.ExtentUtils.endReport(ExtentUtils.java:31)
at com.saucedemo.utils.ExtentUtils.endReport(ExtentUtils.java:31)
at com.saucedemo.utils.ExtentUtils.endReport(ExtentUtils.java:31)
at com.saucedemo.utils.ExtentUtils.endReport(ExtentUtils.java:31)
at com.saucedemo.utils.ExtentUtils.endReport(ExtentUtils.java:31)
at com.saucedemo.utils.ExtentUtils.endReport(ExtentUtils.java:31)
at com.saucedemo.utils.ExtentUtils.endReport(ExtentUtils.java:31)
at com.saucedemo.utils.ExtentUtils.endReport(ExtentUtils.java:31)
at com.saucedemo.utils.ExtentUtils.endReport(ExtentUtils.java:31)
at com.saucedemo.utils.ExtentUtils.endReport(ExtentUtils.java:31)
at com.saucedemo.utils.ExtentUtils.endReport(ExtentUtils.java:31)
at com.saucedemo.utils.ExtentUtils.endReport(ExtentUtils.java:31)
at com.saucedemo.utils.ExtentUtils.endReport(ExtentUtils.java:31)
at com.saucedemo.utils.ExtentUtils.endReport(ExtentUtils.java:31)
at com.saucedemo.utils.ExtentUtils.endReport(ExtentUtils.java:31)
at com.saucedemo.utils.ExtentUtils.endReport(ExtentUtils.java:31)
at com.saucedemo.utils.ExtentUtils.endReport(ExtentUtils.java:31)
at com.saucedemo.utils.ExtentUtils.endReport(ExtentUtils.java:31)
at com.saucedemo.utils.ExtentUtils.endReport(ExtentUtils.java:31)
at com.saucedemo.utils.ExtentUtils.endReport(ExtentUtils.java:31)
at com.saucedemo.utils.ExtentUtils.endReport(ExtentUtils.java:31)
at com.saucedemo.utils.ExtentUtils.endReport(ExtentUtils.java:31)
at com.saucedemo.utils.ExtentUtils.endReport(ExtentUtils.java:31)
at com.saucedemo.utils.ExtentUtils.endReport(ExtentUtils.java:31)
at com.saucedemo.utils.ExtentUtils.endReport(ExtentUtils.java:31)
at com.saucedemo.utils.ExtentUtils.endReport(ExtentUtils.java:31)
at com.saucedemo.utils.ExtentUtils.endReport(ExtentUtils.java:31)
at com.saucedemo.utils.ExtentUtils.endReport(ExtentUtils.java:31)
at com.saucedemo.utils.ExtentUtils.endReport(ExtentUtils.java:31)
at com.saucedemo.utils.ExtentUtils.endReport(ExtentUtils.java:31)
at com.saucedemo.utils.ExtentUtils.endReport(ExtentUtils.java:31)
at com.saucedemo.utils.ExtentUtils.endReport(ExtentUtils.java:31)
at com.saucedemo.utils.ExtentUtils.endReport(ExtentUtils.java:31)
at com.saucedemo.utils.ExtentUtils.endReport(ExtentUtils.java:31)
at com.saucedemo.utils.ExtentUtils.endReport(ExtentUtils.java:31)
at com.saucedemo.utils.ExtentUtils.endReport(ExtentUtils.java:31)
at com.saucedemo.utils.ExtentUtils.endReport(ExtentUtils.java:31)
at com.saucedemo.utils.ExtentUtils.endReport(ExtentUtils.java:31)
at com.saucedemo.utils.ExtentUtils.endReport(ExtentUtils.java:31)
at com.saucedemo.utils.ExtentUtils.endReport(ExtentUtils.java:31)
at com.saucedemo.utils.ExtentUtils.endReport(ExtentUtils.java:31)
at com.saucedemo.utils.ExtentUtils.endReport(ExtentUtils.java:31)
at com.saucedemo.utils.ExtentUtils.endReport(ExtentUtils.java:31)
at com.saucedemo.utils.ExtentUtils.endReport(ExtentUtils.java:31)
at com.saucedemo.utils.ExtentUtils.endReport(ExtentUtils.java:31)
at com.saucedemo.utils.ExtentUtils.endReport(ExtentUtils.java:31)
at com.saucedemo.utils.ExtentUtils.endReport(ExtentUtils.java:31)
at com.saucedemo.utils.ExtentUtils.endReport(ExtentUtils.java:31)
at com.saucedemo.utils.ExtentUtils.endReport(ExtentUtils.java:31)
at com.saucedemo.utils.ExtentUtils.endReport(ExtentUtils.java:31)
at com.saucedemo.utils.ExtentUtils.endReport(ExtentUtils.java:31)
at com.saucedemo.utils.ExtentUtils.endReport(ExtentUtils.java:31)
at com.saucedemo.utils.ExtentUtils.endReport(ExtentUtils.java:31)
at com.saucedemo.utils.ExtentUtils.endReport(ExtentUtils.java:31)
at com.saucedemo.utils.ExtentUtils.endReport(ExtentUtils.java:31)
at com.saucedemo.utils.ExtentUtils.endReport(ExtentUtils.java:31)
at com.saucedemo.utils.ExtentUtils.endReport(ExtentUtils.java:31)
at com.saucedemo.utils.ExtentUtils.endReport(ExtentUtils.java:31)
at com.saucedemo.utils.ExtentUtils.endReport(ExtentUtils.java:31)
at com.saucedemo.utils.ExtentUtils.endReport(ExtentUtils.java:31)
at com.saucedemo.utils.ExtentUtils.endReport(ExtentUtils.java:31)
at com.saucedemo.utils.ExtentUtils.endReport(ExtentUtils.java:31)
at com.saucedemo.utils.ExtentUtils.endReport(ExtentUtils.java:31)
at com.saucedemo.utils.ExtentUtils.endReport(ExtentUtils.java:31)
at com.saucedemo.utils.ExtentUtils.endReport(ExtentUtils.java:31)
at com.saucedemo.utils.ExtentUtils.endReport(ExtentUtils.java:31)
at com.saucedemo.utils.ExtentUtils.endReport(ExtentUtils.java:31)
at com.saucedemo.utils.ExtentUtils.endReport(ExtentUtils.java:31)
at com.saucedemo.utils.ExtentUtils.endReport(ExtentUtils.java:31)
at com.saucedemo.utils.ExtentUtils.endReport(ExtentUtils.java:31)
at com.saucedemo.utils.ExtentUtils.endReport(ExtentUtils.java:31)
at com.saucedemo.utils.ExtentUtils.endReport(ExtentUtils.java:31)
at com.saucedemo.utils.ExtentUtils.endReport(ExtentUtils.java:31)
at com.saucedemo.utils.ExtentUtils.endReport(ExtentUtils.java:31)
at com.saucedemo.utils.ExtentUtils.endReport(ExtentUtils.java:31)
at com.saucedemo.utils.ExtentUtils.endReport(ExtentUtils.java:31)
at com.saucedemo.utils.ExtentUtils.endReport(ExtentUtils.java:31)
at com.saucedemo.utils.ExtentUtils.endReport(ExtentUtils.java:31)
at com.saucedemo.utils.ExtentUtils.endReport(ExtentUtils.java:31)
]]>
    </failure>
  </testcase> <!-- @AfterMethod tearDown -->
  <testcase classname="com.saucedemo.base.BasePage" name="@BeforeMethod setUp" time="-1.694696368283E9">
    <skipped/>
  </testcase> <!-- @BeforeMethod setUp -->
  <testcase classname="com.saucedemo.base.BasePage" name="@AfterMethod tearDown" time="-1.694696368292E9">
    <skipped/>
  </testcase> <!-- @AfterMethod tearDown -->
  <testcase classname="com.saucedemo.base.BasePage" name="@AfterClass endParentReport" time="-1.694696368293E9">
    <skipped/>
  </testcase> <!-- @AfterClass endParentReport -->
  <testcase classname="com.saucedemo.base.BasePage" name="@AfterMethod tearDown" time="0.01">
    <failure type="java.lang.StackOverflowError">
      <![CDATA[java.lang.StackOverflowError
at com.saucedemo.utils.ExtentUtils.endReport(ExtentUtils.java:31)
at com.saucedemo.utils.ExtentUtils.endReport(ExtentUtils.java:31)
at com.saucedemo.utils.ExtentUtils.endReport(ExtentUtils.java:31)
at com.saucedemo.utils.ExtentUtils.endReport(ExtentUtils.java:31)
at com.saucedemo.utils.ExtentUtils.endReport(ExtentUtils.java:31)
at com.saucedemo.utils.ExtentUtils.endReport(ExtentUtils.java:31)
at com.saucedemo.utils.ExtentUtils.endReport(ExtentUtils.java:31)
at com.saucedemo.utils.ExtentUtils.endReport(ExtentUtils.java:31)
at com.saucedemo.utils.ExtentUtils.endReport(ExtentUtils.java:31)
at com.saucedemo.utils.ExtentUtils.endReport(ExtentUtils.java:31)
at com.saucedemo.utils.ExtentUtils.endReport(ExtentUtils.java:31)
at com.saucedemo.utils.ExtentUtils.endReport(ExtentUtils.java:31)
at com.saucedemo.utils.ExtentUtils.endReport(ExtentUtils.java:31)
at com.saucedemo.utils.ExtentUtils.endReport(ExtentUtils.java:31)
at com.saucedemo.utils.ExtentUtils.endReport(ExtentUtils.java:31)
at com.saucedemo.utils.ExtentUtils.endReport(ExtentUtils.java:31)
at com.saucedemo.utils.ExtentUtils.endReport(ExtentUtils.java:31)
at com.saucedemo.utils.ExtentUtils.endReport(ExtentUtils.java:31)
at com.saucedemo.utils.ExtentUtils.endReport(ExtentUtils.java:31)
at com.saucedemo.utils.ExtentUtils.endReport(ExtentUtils.java:31)
at com.saucedemo.utils.ExtentUtils.endReport(ExtentUtils.java:31)
at com.saucedemo.utils.ExtentUtils.endReport(ExtentUtils.java:31)
at com.saucedemo.utils.ExtentUtils.endReport(ExtentUtils.java:31)
at com.saucedemo.utils.ExtentUtils.endReport(ExtentUtils.java:31)
at com.saucedemo.utils.ExtentUtils.endReport(ExtentUtils.java:31)
at com.saucedemo.utils.ExtentUtils.endReport(ExtentUtils.java:31)
at com.saucedemo.utils.ExtentUtils.endReport(ExtentUtils.java:31)
at com.saucedemo.utils.ExtentUtils.endReport(ExtentUtils.java:31)
at com.saucedemo.utils.ExtentUtils.endReport(ExtentUtils.java:31)
at com.saucedemo.utils.ExtentUtils.endReport(ExtentUtils.java:31)
at com.saucedemo.utils.ExtentUtils.endReport(ExtentUtils.java:31)
at com.saucedemo.utils.ExtentUtils.endReport(ExtentUtils.java:31)
at com.saucedemo.utils.ExtentUtils.endReport(ExtentUtils.java:31)
at com.saucedemo.utils.ExtentUtils.endReport(ExtentUtils.java:31)
at com.saucedemo.utils.ExtentUtils.endReport(ExtentUtils.java:31)
at com.saucedemo.utils.ExtentUtils.endReport(ExtentUtils.java:31)
at com.saucedemo.utils.ExtentUtils.endReport(ExtentUtils.java:31)
at com.saucedemo.utils.ExtentUtils.endReport(ExtentUtils.java:31)
at com.saucedemo.utils.ExtentUtils.endReport(ExtentUtils.java:31)
at com.saucedemo.utils.ExtentUtils.endReport(ExtentUtils.java:31)
at com.saucedemo.utils.ExtentUtils.endReport(ExtentUtils.java:31)
at com.saucedemo.utils.ExtentUtils.endReport(ExtentUtils.java:31)
at com.saucedemo.utils.ExtentUtils.endReport(ExtentUtils.java:31)
at com.saucedemo.utils.ExtentUtils.endReport(ExtentUtils.java:31)
at com.saucedemo.utils.ExtentUtils.endReport(ExtentUtils.java:31)
at com.saucedemo.utils.ExtentUtils.endReport(ExtentUtils.java:31)
at com.saucedemo.utils.ExtentUtils.endReport(ExtentUtils.java:31)
at com.saucedemo.utils.ExtentUtils.endReport(ExtentUtils.java:31)
at com.saucedemo.utils.ExtentUtils.endReport(ExtentUtils.java:31)
at com.saucedemo.utils.ExtentUtils.endReport(ExtentUtils.java:31)
at com.saucedemo.utils.ExtentUtils.endReport(ExtentUtils.java:31)
at com.saucedemo.utils.ExtentUtils.endReport(ExtentUtils.java:31)
at com.saucedemo.utils.ExtentUtils.endReport(ExtentUtils.java:31)
at com.saucedemo.utils.ExtentUtils.endReport(ExtentUtils.java:31)
at com.saucedemo.utils.ExtentUtils.endReport(ExtentUtils.java:31)
at com.saucedemo.utils.ExtentUtils.endReport(ExtentUtils.java:31)
at com.saucedemo.utils.ExtentUtils.endReport(ExtentUtils.java:31)
at com.saucedemo.utils.ExtentUtils.endReport(ExtentUtils.java:31)
at com.saucedemo.utils.ExtentUtils.endReport(ExtentUtils.java:31)
at com.saucedemo.utils.ExtentUtils.endReport(ExtentUtils.java:31)
at com.saucedemo.utils.ExtentUtils.endReport(ExtentUtils.java:31)
at com.saucedemo.utils.ExtentUtils.endReport(ExtentUtils.java:31)
at com.saucedemo.utils.ExtentUtils.endReport(ExtentUtils.java:31)
at com.saucedemo.utils.ExtentUtils.endReport(ExtentUtils.java:31)
at com.saucedemo.utils.ExtentUtils.endReport(ExtentUtils.java:31)
at com.saucedemo.utils.ExtentUtils.endReport(ExtentUtils.java:31)
at com.saucedemo.utils.ExtentUtils.endReport(ExtentUtils.java:31)
at com.saucedemo.utils.ExtentUtils.endReport(ExtentUtils.java:31)
at com.saucedemo.utils.ExtentUtils.endReport(ExtentUtils.java:31)
at com.saucedemo.utils.ExtentUtils.endReport(ExtentUtils.java:31)
at com.saucedemo.utils.ExtentUtils.endReport(ExtentUtils.java:31)
at com.saucedemo.utils.ExtentUtils.endReport(ExtentUtils.java:31)
at com.saucedemo.utils.ExtentUtils.endReport(ExtentUtils.java:31)
at com.saucedemo.utils.ExtentUtils.endReport(ExtentUtils.java:31)
at com.saucedemo.utils.ExtentUtils.endReport(ExtentUtils.java:31)
at com.saucedemo.utils.ExtentUtils.endReport(ExtentUtils.java:31)
at com.saucedemo.utils.ExtentUtils.endReport(ExtentUtils.java:31)
at com.saucedemo.utils.ExtentUtils.endReport(ExtentUtils.java:31)
at com.saucedemo.utils.ExtentUtils.endReport(ExtentUtils.java:31)
at com.saucedemo.utils.ExtentUtils.endReport(ExtentUtils.java:31)
at com.saucedemo.utils.ExtentUtils.endReport(ExtentUtils.java:31)
at com.saucedemo.utils.ExtentUtils.endReport(ExtentUtils.java:31)
at com.saucedemo.utils.ExtentUtils.endReport(ExtentUtils.java:31)
at com.saucedemo.utils.ExtentUtils.endReport(ExtentUtils.java:31)
at com.saucedemo.utils.ExtentUtils.endReport(ExtentUtils.java:31)
at com.saucedemo.utils.ExtentUtils.endReport(ExtentUtils.java:31)
at com.saucedemo.utils.ExtentUtils.endReport(ExtentUtils.java:31)
at com.saucedemo.utils.ExtentUtils.endReport(ExtentUtils.java:31)
at com.saucedemo.utils.ExtentUtils.endReport(ExtentUtils.java:31)
at com.saucedemo.utils.ExtentUtils.endReport(ExtentUtils.java:31)
at com.saucedemo.utils.ExtentUtils.endReport(ExtentUtils.java:31)
at com.saucedemo.utils.ExtentUtils.endReport(ExtentUtils.java:31)
at com.saucedemo.utils.ExtentUtils.endReport(ExtentUtils.java:31)
at com.saucedemo.utils.ExtentUtils.endReport(ExtentUtils.java:31)
at com.saucedemo.utils.ExtentUtils.endReport(ExtentUtils.java:31)
at com.saucedemo.utils.ExtentUtils.endReport(ExtentUtils.java:31)
at com.saucedemo.utils.ExtentUtils.endReport(ExtentUtils.java:31)
at com.saucedemo.utils.ExtentUtils.endReport(ExtentUtils.java:31)
at com.saucedemo.utils.ExtentUtils.endReport(ExtentUtils.java:31)
at com.saucedemo.utils.ExtentUtils.endReport(ExtentUtils.java:31)
at com.saucedemo.utils.ExtentUtils.endReport(ExtentUtils.java:31)
at com.saucedemo.utils.ExtentUtils.endReport(ExtentUtils.java:31)
at com.saucedemo.utils.ExtentUtils.endReport(ExtentUtils.java:31)
at com.saucedemo.utils.ExtentUtils.endReport(ExtentUtils.java:31)
at com.saucedemo.utils.ExtentUtils.endReport(ExtentUtils.java:31)
at com.saucedemo.utils.ExtentUtils.endReport(ExtentUtils.java:31)
at com.saucedemo.utils.ExtentUtils.endReport(ExtentUtils.java:31)
at com.saucedemo.utils.ExtentUtils.endReport(ExtentUtils.java:31)
at com.saucedemo.utils.ExtentUtils.endReport(ExtentUtils.java:31)
at com.saucedemo.utils.ExtentUtils.endReport(ExtentUtils.java:31)
at com.saucedemo.utils.ExtentUtils.endReport(ExtentUtils.java:31)
at com.saucedemo.utils.ExtentUtils.endReport(ExtentUtils.java:31)
at com.saucedemo.utils.ExtentUtils.endReport(ExtentUtils.java:31)
at com.saucedemo.utils.ExtentUtils.endReport(ExtentUtils.java:31)
at com.saucedemo.utils.ExtentUtils.endReport(ExtentUtils.java:31)
at com.saucedemo.utils.ExtentUtils.endReport(ExtentUtils.java:31)
at com.saucedemo.utils.ExtentUtils.endReport(ExtentUtils.java:31)
at com.saucedemo.utils.ExtentUtils.endReport(ExtentUtils.java:31)
at com.saucedemo.utils.ExtentUtils.endReport(ExtentUtils.java:31)
at com.saucedemo.utils.ExtentUtils.endReport(ExtentUtils.java:31)
at com.saucedemo.utils.ExtentUtils.endReport(ExtentUtils.java:31)
at com.saucedemo.utils.ExtentUtils.endReport(ExtentUtils.java:31)
at com.saucedemo.utils.ExtentUtils.endReport(ExtentUtils.java:31)
at com.saucedemo.utils.ExtentUtils.endReport(ExtentUtils.java:31)
at com.saucedemo.utils.ExtentUtils.endReport(ExtentUtils.java:31)
at com.saucedemo.utils.ExtentUtils.endReport(ExtentUtils.java:31)
at com.saucedemo.utils.ExtentUtils.endReport(ExtentUtils.java:31)
at com.saucedemo.utils.ExtentUtils.endReport(ExtentUtils.java:31)
at com.saucedemo.utils.ExtentUtils.endReport(ExtentUtils.java:31)
at com.saucedemo.utils.ExtentUtils.endReport(ExtentUtils.java:31)
at com.saucedemo.utils.ExtentUtils.endReport(ExtentUtils.java:31)
at com.saucedemo.utils.ExtentUtils.endReport(ExtentUtils.java:31)
at com.saucedemo.utils.ExtentUtils.endReport(ExtentUtils.java:31)
at com.saucedemo.utils.ExtentUtils.endReport(ExtentUtils.java:31)
at com.saucedemo.utils.ExtentUtils.endReport(ExtentUtils.java:31)
at com.saucedemo.utils.ExtentUtils.endReport(ExtentUtils.java:31)
at com.saucedemo.utils.ExtentUtils.endReport(ExtentUtils.java:31)
at com.saucedemo.utils.ExtentUtils.endReport(ExtentUtils.java:31)
at com.saucedemo.utils.ExtentUtils.endReport(ExtentUtils.java:31)
at com.saucedemo.utils.ExtentUtils.endReport(ExtentUtils.java:31)
at com.saucedemo.utils.ExtentUtils.endReport(ExtentUtils.java:31)
at com.saucedemo.utils.ExtentUtils.endReport(ExtentUtils.java:31)
at com.saucedemo.utils.ExtentUtils.endReport(ExtentUtils.java:31)
at com.saucedemo.utils.ExtentUtils.endReport(ExtentUtils.java:31)
at com.saucedemo.utils.ExtentUtils.endReport(ExtentUtils.java:31)
at com.saucedemo.utils.ExtentUtils.endReport(ExtentUtils.java:31)
at com.saucedemo.utils.ExtentUtils.endReport(ExtentUtils.java:31)
at com.saucedemo.utils.ExtentUtils.endReport(ExtentUtils.java:31)
at com.saucedemo.utils.ExtentUtils.endReport(ExtentUtils.java:31)
at com.saucedemo.utils.ExtentUtils.endReport(ExtentUtils.java:31)
at com.saucedemo.utils.ExtentUtils.endReport(ExtentUtils.java:31)
at com.saucedemo.utils.ExtentUtils.endReport(ExtentUtils.java:31)
at com.saucedemo.utils.ExtentUtils.endReport(ExtentUtils.java:31)
at com.saucedemo.utils.ExtentUtils.endReport(ExtentUtils.java:31)
at com.saucedemo.utils.ExtentUtils.endReport(ExtentUtils.java:31)
at com.saucedemo.utils.ExtentUtils.endReport(ExtentUtils.java:31)
at com.saucedemo.utils.ExtentUtils.endReport(ExtentUtils.java:31)
at com.saucedemo.utils.ExtentUtils.endReport(ExtentUtils.java:31)
at com.saucedemo.utils.ExtentUtils.endReport(ExtentUtils.java:31)
at com.saucedemo.utils.ExtentUtils.endReport(ExtentUtils.java:31)
at com.saucedemo.utils.ExtentUtils.endReport(ExtentUtils.java:31)
at com.saucedemo.utils.ExtentUtils.endReport(ExtentUtils.java:31)
at com.saucedemo.utils.ExtentUtils.endReport(ExtentUtils.java:31)
at com.saucedemo.utils.ExtentUtils.endReport(ExtentUtils.java:31)
at com.saucedemo.utils.ExtentUtils.endReport(ExtentUtils.java:31)
at com.saucedemo.utils.ExtentUtils.endReport(ExtentUtils.java:31)
at com.saucedemo.utils.ExtentUtils.endReport(ExtentUtils.java:31)
at com.saucedemo.utils.ExtentUtils.endReport(ExtentUtils.java:31)
at com.saucedemo.utils.ExtentUtils.endReport(ExtentUtils.java:31)
at com.saucedemo.utils.ExtentUtils.endReport(ExtentUtils.java:31)
[...]
at com.saucedemo.utils.ExtentUtils.endReport(ExtentUtils.java:31)
at com.saucedemo.utils.ExtentUtils.endReport(ExtentUtils.java:31)
at com.saucedemo.utils.ExtentUtils.endReport(ExtentUtils.java:31)
at com.saucedemo.utils.ExtentUtils.endReport(ExtentUtils.java:31)
at com.saucedemo.utils.ExtentUtils.endReport(ExtentUtils.java:31)
at com.saucedemo.utils.ExtentUtils.endReport(ExtentUtils.java:31)
at com.saucedemo.utils.ExtentUtils.endReport(ExtentUtils.java:31)
at com.saucedemo.utils.ExtentUtils.endReport(ExtentUtils.java:31)
at com.saucedemo.utils.ExtentUtils.endReport(ExtentUtils.java:31)
at com.saucedemo.utils.ExtentUtils.endReport(ExtentUtils.java:31)
at com.saucedemo.utils.ExtentUtils.endReport(ExtentUtils.java:31)
at com.saucedemo.utils.ExtentUtils.endReport(ExtentUtils.java:31)
at com.saucedemo.utils.ExtentUtils.endReport(ExtentUtils.java:31)
at com.saucedemo.utils.ExtentUtils.endReport(ExtentUtils.java:31)
at com.saucedemo.utils.ExtentUtils.endReport(ExtentUtils.java:31)
at com.saucedemo.utils.ExtentUtils.endReport(ExtentUtils.java:31)
at com.saucedemo.utils.ExtentUtils.endReport(ExtentUtils.java:31)
at com.saucedemo.utils.ExtentUtils.endReport(ExtentUtils.java:31)
at com.saucedemo.utils.ExtentUtils.endReport(ExtentUtils.java:31)
at com.saucedemo.utils.ExtentUtils.endReport(ExtentUtils.java:31)
at com.saucedemo.utils.ExtentUtils.endReport(ExtentUtils.java:31)
at com.saucedemo.utils.ExtentUtils.endReport(ExtentUtils.java:31)
at com.saucedemo.utils.ExtentUtils.endReport(ExtentUtils.java:31)
at com.saucedemo.utils.ExtentUtils.endReport(ExtentUtils.java:31)
at com.saucedemo.utils.ExtentUtils.endReport(ExtentUtils.java:31)
at com.saucedemo.utils.ExtentUtils.endReport(ExtentUtils.java:31)
at com.saucedemo.utils.ExtentUtils.endReport(ExtentUtils.java:31)
at com.saucedemo.utils.ExtentUtils.endReport(ExtentUtils.java:31)
at com.saucedemo.utils.ExtentUtils.endReport(ExtentUtils.java:31)
at com.saucedemo.utils.ExtentUtils.endReport(ExtentUtils.java:31)
at com.saucedemo.utils.ExtentUtils.endReport(ExtentUtils.java:31)
at com.saucedemo.utils.ExtentUtils.endReport(ExtentUtils.java:31)
at com.saucedemo.utils.ExtentUtils.endReport(ExtentUtils.java:31)
at com.saucedemo.utils.ExtentUtils.endReport(ExtentUtils.java:31)
at com.saucedemo.utils.ExtentUtils.endReport(ExtentUtils.java:31)
at com.saucedemo.utils.ExtentUtils.endReport(ExtentUtils.java:31)
at com.saucedemo.utils.ExtentUtils.endReport(ExtentUtils.java:31)
at com.saucedemo.utils.ExtentUtils.endReport(ExtentUtils.java:31)
at com.saucedemo.utils.ExtentUtils.endReport(ExtentUtils.java:31)
at com.saucedemo.utils.ExtentUtils.endReport(ExtentUtils.java:31)
at com.saucedemo.utils.ExtentUtils.endReport(ExtentUtils.java:31)
at com.saucedemo.utils.ExtentUtils.endReport(ExtentUtils.java:31)
at com.saucedemo.utils.ExtentUtils.endReport(ExtentUtils.java:31)
at com.saucedemo.utils.ExtentUtils.endReport(ExtentUtils.java:31)
at com.saucedemo.utils.ExtentUtils.endReport(ExtentUtils.java:31)
at com.saucedemo.utils.ExtentUtils.endReport(ExtentUtils.java:31)
at com.saucedemo.utils.ExtentUtils.endReport(ExtentUtils.java:31)
at com.saucedemo.utils.ExtentUtils.endReport(ExtentUtils.java:31)
at com.saucedemo.utils.ExtentUtils.endReport(ExtentUtils.java:31)
at com.saucedemo.utils.ExtentUtils.endReport(ExtentUtils.java:31)
at com.saucedemo.utils.ExtentUtils.endReport(ExtentUtils.java:31)
at com.saucedemo.utils.ExtentUtils.endReport(ExtentUtils.java:31)
at com.saucedemo.utils.ExtentUtils.endReport(ExtentUtils.java:31)
at com.saucedemo.utils.ExtentUtils.endReport(ExtentUtils.java:31)
at com.saucedemo.utils.ExtentUtils.endReport(ExtentUtils.java:31)
at com.saucedemo.utils.ExtentUtils.endReport(ExtentUtils.java:31)
at com.saucedemo.utils.ExtentUtils.endReport(ExtentUtils.java:31)
at com.saucedemo.utils.ExtentUtils.endReport(ExtentUtils.java:31)
at com.saucedemo.utils.ExtentUtils.endReport(ExtentUtils.java:31)
at com.saucedemo.utils.ExtentUtils.endReport(ExtentUtils.java:31)
at com.saucedemo.utils.ExtentUtils.endReport(ExtentUtils.java:31)
at com.saucedemo.utils.ExtentUtils.endReport(ExtentUtils.java:31)
at com.saucedemo.utils.ExtentUtils.endReport(ExtentUtils.java:31)
at com.saucedemo.utils.ExtentUtils.endReport(ExtentUtils.java:31)
at com.saucedemo.utils.ExtentUtils.endReport(ExtentUtils.java:31)
at com.saucedemo.utils.ExtentUtils.endReport(ExtentUtils.java:31)
at com.saucedemo.utils.ExtentUtils.endReport(ExtentUtils.java:31)
at com.saucedemo.utils.ExtentUtils.endReport(ExtentUtils.java:31)
at com.saucedemo.utils.ExtentUtils.endReport(ExtentUtils.java:31)
at com.saucedemo.utils.ExtentUtils.endReport(ExtentUtils.java:31)
at com.saucedemo.utils.ExtentUtils.endReport(ExtentUtils.java:31)
at com.saucedemo.utils.ExtentUtils.endReport(ExtentUtils.java:31)
at com.saucedemo.utils.ExtentUtils.endReport(ExtentUtils.java:31)
at com.saucedemo.utils.ExtentUtils.endReport(ExtentUtils.java:31)
at com.saucedemo.utils.ExtentUtils.endReport(ExtentUtils.java:31)
at com.saucedemo.utils.ExtentUtils.endReport(ExtentUtils.java:31)
at com.saucedemo.utils.ExtentUtils.endReport(ExtentUtils.java:31)
at com.saucedemo.utils.ExtentUtils.endReport(ExtentUtils.java:31)
at com.saucedemo.utils.ExtentUtils.endReport(ExtentUtils.java:31)
at com.saucedemo.utils.ExtentUtils.endReport(ExtentUtils.java:31)
at com.saucedemo.utils.ExtentUtils.endReport(ExtentUtils.java:31)
at com.saucedemo.utils.ExtentUtils.endReport(ExtentUtils.java:31)
at com.saucedemo.utils.ExtentUtils.endReport(ExtentUtils.java:31)
at com.saucedemo.utils.ExtentUtils.endReport(ExtentUtils.java:31)
at com.saucedemo.utils.ExtentUtils.endReport(ExtentUtils.java:31)
at com.saucedemo.utils.ExtentUtils.endReport(ExtentUtils.java:31)
at com.saucedemo.utils.ExtentUtils.endReport(ExtentUtils.java:31)
at com.saucedemo.utils.ExtentUtils.endReport(ExtentUtils.java:31)
at com.saucedemo.utils.ExtentUtils.endReport(ExtentUtils.java:31)
at com.saucedemo.utils.ExtentUtils.endReport(ExtentUtils.java:31)
at com.saucedemo.utils.ExtentUtils.endReport(ExtentUtils.java:31)
at com.saucedemo.utils.ExtentUtils.endReport(ExtentUtils.java:31)
at com.saucedemo.utils.ExtentUtils.endReport(ExtentUtils.java:31)
at com.saucedemo.utils.ExtentUtils.endReport(ExtentUtils.java:31)
at com.saucedemo.utils.ExtentUtils.endReport(ExtentUtils.java:31)
at com.saucedemo.utils.ExtentUtils.endReport(ExtentUtils.java:31)
at com.saucedemo.utils.ExtentUtils.endReport(ExtentUtils.java:31)
at com.saucedemo.utils.ExtentUtils.endReport(ExtentUtils.java:31)
at com.saucedemo.utils.ExtentUtils.endReport(ExtentUtils.java:31)
at com.saucedemo.utils.ExtentUtils.endReport(ExtentUtils.java:31)
at com.saucedemo.utils.ExtentUtils.endReport(ExtentUtils.java:31)
at com.saucedemo.utils.ExtentUtils.endReport(ExtentUtils.java:31)
at com.saucedemo.utils.ExtentUtils.endReport(ExtentUtils.java:31)
at com.saucedemo.utils.ExtentUtils.endReport(ExtentUtils.java:31)
at com.saucedemo.utils.ExtentUtils.endReport(ExtentUtils.java:31)
at com.saucedemo.utils.ExtentUtils.endReport(ExtentUtils.java:31)
at com.saucedemo.utils.ExtentUtils.endReport(ExtentUtils.java:31)
at com.saucedemo.utils.ExtentUtils.endReport(ExtentUtils.java:31)
at com.saucedemo.utils.ExtentUtils.endReport(ExtentUtils.java:31)
at com.saucedemo.utils.ExtentUtils.endReport(ExtentUtils.java:31)
at com.saucedemo.utils.ExtentUtils.endReport(ExtentUtils.java:31)
at com.saucedemo.utils.ExtentUtils.endReport(ExtentUtils.java:31)
at com.saucedemo.utils.ExtentUtils.endReport(ExtentUtils.java:31)
at com.saucedemo.utils.ExtentUtils.endReport(ExtentUtils.java:31)
at com.saucedemo.utils.ExtentUtils.endReport(ExtentUtils.java:31)
at com.saucedemo.utils.ExtentUtils.endReport(ExtentUtils.java:31)
at com.saucedemo.utils.ExtentUtils.endReport(ExtentUtils.java:31)
at com.saucedemo.utils.ExtentUtils.endReport(ExtentUtils.java:31)
at com.saucedemo.utils.ExtentUtils.endReport(ExtentUtils.java:31)
at com.saucedemo.utils.ExtentUtils.endReport(ExtentUtils.java:31)
at com.saucedemo.utils.ExtentUtils.endReport(ExtentUtils.java:31)
at com.saucedemo.utils.ExtentUtils.endReport(ExtentUtils.java:31)
at com.saucedemo.utils.ExtentUtils.endReport(ExtentUtils.java:31)
at com.saucedemo.utils.ExtentUtils.endReport(ExtentUtils.java:31)
at com.saucedemo.utils.ExtentUtils.endReport(ExtentUtils.java:31)
at com.saucedemo.utils.ExtentUtils.endReport(ExtentUtils.java:31)
at com.saucedemo.utils.ExtentUtils.endReport(ExtentUtils.java:31)
at com.saucedemo.utils.ExtentUtils.endReport(ExtentUtils.java:31)
at com.saucedemo.utils.ExtentUtils.endReport(ExtentUtils.java:31)
at com.saucedemo.utils.ExtentUtils.endReport(ExtentUtils.java:31)
at com.saucedemo.utils.ExtentUtils.endReport(ExtentUtils.java:31)
at com.saucedemo.utils.ExtentUtils.endReport(ExtentUtils.java:31)
at com.saucedemo.utils.ExtentUtils.endReport(ExtentUtils.java:31)
at com.saucedemo.utils.ExtentUtils.endReport(ExtentUtils.java:31)
at com.saucedemo.utils.ExtentUtils.endReport(ExtentUtils.java:31)
at com.saucedemo.utils.ExtentUtils.endReport(ExtentUtils.java:31)
at com.saucedemo.utils.ExtentUtils.endReport(ExtentUtils.java:31)
at com.saucedemo.utils.ExtentUtils.endReport(ExtentUtils.java:31)
at com.saucedemo.utils.ExtentUtils.endReport(ExtentUtils.java:31)
at com.saucedemo.utils.ExtentUtils.endReport(ExtentUtils.java:31)
at com.saucedemo.utils.ExtentUtils.endReport(ExtentUtils.java:31)
at com.saucedemo.utils.ExtentUtils.endReport(ExtentUtils.java:31)
at com.saucedemo.utils.ExtentUtils.endReport(ExtentUtils.java:31)
at com.saucedemo.utils.ExtentUtils.endReport(ExtentUtils.java:31)
at com.saucedemo.utils.ExtentUtils.endReport(ExtentUtils.java:31)
at com.saucedemo.utils.ExtentUtils.endReport(ExtentUtils.java:31)
at com.saucedemo.utils.ExtentUtils.endReport(ExtentUtils.java:31)
at com.saucedemo.utils.ExtentUtils.endReport(ExtentUtils.java:31)
at com.saucedemo.utils.ExtentUtils.endReport(ExtentUtils.java:31)
at com.saucedemo.utils.ExtentUtils.endReport(ExtentUtils.java:31)
at com.saucedemo.utils.ExtentUtils.endReport(ExtentUtils.java:31)
at com.saucedemo.utils.ExtentUtils.endReport(ExtentUtils.java:31)
at com.saucedemo.utils.ExtentUtils.endReport(ExtentUtils.java:31)
at com.saucedemo.utils.ExtentUtils.endReport(ExtentUtils.java:31)
at com.saucedemo.utils.ExtentUtils.endReport(ExtentUtils.java:31)
at com.saucedemo.utils.ExtentUtils.endReport(ExtentUtils.java:31)
at com.saucedemo.utils.ExtentUtils.endReport(ExtentUtils.java:31)
at com.saucedemo.utils.ExtentUtils.endReport(ExtentUtils.java:31)
at com.saucedemo.utils.ExtentUtils.endReport(ExtentUtils.java:31)
at com.saucedemo.utils.ExtentUtils.endReport(ExtentUtils.java:31)
at com.saucedemo.utils.ExtentUtils.endReport(ExtentUtils.java:31)
at com.saucedemo.utils.ExtentUtils.endReport(ExtentUtils.java:31)
at com.saucedemo.utils.ExtentUtils.endReport(ExtentUtils.java:31)
at com.saucedemo.utils.ExtentUtils.endReport(ExtentUtils.java:31)
at com.saucedemo.utils.ExtentUtils.endReport(ExtentUtils.java:31)
at com.saucedemo.utils.ExtentUtils.endReport(ExtentUtils.java:31)
at com.saucedemo.utils.ExtentUtils.endReport(ExtentUtils.java:31)
at com.saucedemo.utils.ExtentUtils.endReport(ExtentUtils.java:31)
at com.saucedemo.utils.ExtentUtils.endReport(ExtentUtils.java:31)
at com.saucedemo.utils.ExtentUtils.endReport(ExtentUtils.java:31)
at com.saucedemo.utils.ExtentUtils.endReport(ExtentUtils.java:31)
at com.saucedemo.utils.ExtentUtils.endReport(ExtentUtils.java:31)
at com.saucedemo.utils.ExtentUtils.endReport(ExtentUtils.java:31)
at com.saucedemo.utils.ExtentUtils.endReport(ExtentUtils.java:31)
at com.saucedemo.utils.ExtentUtils.endReport(ExtentUtils.java:31)
at com.saucedemo.utils.ExtentUtils.endReport(ExtentUtils.java:31)
at com.saucedemo.utils.ExtentUtils.endReport(ExtentUtils.java:31)
at com.saucedemo.utils.ExtentUtils.endReport(ExtentUtils.java:31)
at com.saucedemo.utils.ExtentUtils.endReport(ExtentUtils.java:31)
at com.saucedemo.utils.ExtentUtils.endReport(ExtentUtils.java:31)
at com.saucedemo.utils.ExtentUtils.endReport(ExtentUtils.java:31)
at com.saucedemo.utils.ExtentUtils.endReport(ExtentUtils.java:31)
at com.saucedemo.utils.ExtentUtils.endReport(ExtentUtils.java:31)
at com.saucedemo.utils.ExtentUtils.endReport(ExtentUtils.java:31)
at com.saucedemo.utils.ExtentUtils.endReport(ExtentUtils.java:31)
at com.saucedemo.utils.ExtentUtils.endReport(ExtentUtils.java:31)
at com.saucedemo.utils.ExtentUtils.endReport(ExtentUtils.java:31)
at com.saucedemo.utils.ExtentUtils.endReport(ExtentUtils.java:31)
at com.saucedemo.utils.ExtentUtils.endReport(ExtentUtils.java:31)
at com.saucedemo.utils.ExtentUtils.endReport(ExtentUtils.java:31)
at com.saucedemo.utils.ExtentUtils.endReport(ExtentUtils.java:31)
at com.saucedemo.utils.ExtentUtils.endReport(ExtentUtils.java:31)
at com.saucedemo.utils.ExtentUtils.endReport(ExtentUtils.java:31)
at com.saucedemo.utils.ExtentUtils.endReport(ExtentUtils.java:31)
at com.saucedemo.utils.ExtentUtils.endReport(ExtentUtils.java:31)
at com.saucedemo.utils.ExtentUtils.endReport(ExtentUtils.java:31)
at com.saucedemo.utils.ExtentUtils.endReport(ExtentUtils.java:31)
at com.saucedemo.utils.ExtentUtils.endReport(ExtentUtils.java:31)
at com.saucedemo.utils.ExtentUtils.endReport(ExtentUtils.java:31)
at com.saucedemo.utils.ExtentUtils.endReport(ExtentUtils.java:31)
at com.saucedemo.utils.ExtentUtils.endReport(ExtentUtils.java:31)
at com.saucedemo.utils.ExtentUtils.endReport(ExtentUtils.java:31)
at com.saucedemo.utils.ExtentUtils.endReport(ExtentUtils.java:31)
at com.saucedemo.utils.ExtentUtils.endReport(ExtentUtils.java:31)
at com.saucedemo.utils.ExtentUtils.endReport(ExtentUtils.java:31)
at com.saucedemo.utils.ExtentUtils.endReport(ExtentUtils.java:31)
at com.saucedemo.utils.ExtentUtils.endReport(ExtentUtils.java:31)
at com.saucedemo.utils.ExtentUtils.endReport(ExtentUtils.java:31)
at com.saucedemo.utils.ExtentUtils.endReport(ExtentUtils.java:31)
at com.saucedemo.utils.ExtentUtils.endReport(ExtentUtils.java:31)
at com.saucedemo.utils.ExtentUtils.endReport(ExtentUtils.java:31)
at com.saucedemo.utils.ExtentUtils.endReport(ExtentUtils.java:31)
at com.saucedemo.utils.ExtentUtils.endReport(ExtentUtils.java:31)
at com.saucedemo.utils.ExtentUtils.endReport(ExtentUtils.java:31)
at com.saucedemo.utils.ExtentUtils.endReport(ExtentUtils.java:31)
at com.saucedemo.utils.ExtentUtils.endReport(ExtentUtils.java:31)
at com.saucedemo.utils.ExtentUtils.endReport(ExtentUtils.java:31)
at com.saucedemo.utils.ExtentUtils.endReport(ExtentUtils.java:31)
at com.saucedemo.utils.ExtentUtils.endReport(ExtentUtils.java:31)
at com.saucedemo.utils.ExtentUtils.endReport(ExtentUtils.java:31)
at com.saucedemo.utils.ExtentUtils.endReport(ExtentUtils.java:31)
at com.saucedemo.utils.ExtentUtils.endReport(ExtentUtils.java:31)
at com.saucedemo.utils.ExtentUtils.endReport(ExtentUtils.java:31)
at com.saucedemo.utils.ExtentUtils.endReport(ExtentUtils.java:31)
at com.saucedemo.utils.ExtentUtils.endReport(ExtentUtils.java:31)
at com.saucedemo.utils.ExtentUtils.endReport(ExtentUtils.java:31)
at com.saucedemo.utils.ExtentUtils.endReport(ExtentUtils.java:31)
at com.saucedemo.utils.ExtentUtils.endReport(ExtentUtils.java:31)
at com.saucedemo.utils.ExtentUtils.endReport(ExtentUtils.java:31)
at com.saucedemo.utils.ExtentUtils.endReport(ExtentUtils.java:31)
at com.saucedemo.utils.ExtentUtils.endReport(ExtentUtils.java:31)
at com.saucedemo.utils.ExtentUtils.endReport(ExtentUtils.java:31)
at com.saucedemo.utils.ExtentUtils.endReport(ExtentUtils.java:31)
at com.saucedemo.utils.ExtentUtils.endReport(ExtentUtils.java:31)
at com.saucedemo.utils.ExtentUtils.endReport(ExtentUtils.java:31)
at com.saucedemo.utils.ExtentUtils.endReport(ExtentUtils.java:31)
at com.saucedemo.utils.ExtentUtils.endReport(ExtentUtils.java:31)
at com.saucedemo.utils.ExtentUtils.endReport(ExtentUtils.java:31)
at com.saucedemo.utils.ExtentUtils.endReport(ExtentUtils.java:31)
at com.saucedemo.utils.ExtentUtils.endReport(ExtentUtils.java:31)
at com.saucedemo.utils.ExtentUtils.endReport(ExtentUtils.java:31)
at com.saucedemo.utils.ExtentUtils.endReport(ExtentUtils.java:31)
at com.saucedemo.utils.ExtentUtils.endReport(ExtentUtils.java:31)
at com.saucedemo.utils.ExtentUtils.endReport(ExtentUtils.java:31)
at com.saucedemo.utils.ExtentUtils.endReport(ExtentUtils.java:31)
at com.saucedemo.utils.ExtentUtils.endReport(ExtentUtils.java:31)
at com.saucedemo.utils.ExtentUtils.endReport(ExtentUtils.java:31)
at com.saucedemo.utils.ExtentUtils.endReport(ExtentUtils.java:31)
at com.saucedemo.utils.ExtentUtils.endReport(ExtentUtils.java:31)
at com.saucedemo.utils.ExtentUtils.endReport(ExtentUtils.java:31)
at com.saucedemo.utils.ExtentUtils.endReport(ExtentUtils.java:31)
at com.saucedemo.utils.ExtentUtils.endReport(ExtentUtils.java:31)
at com.saucedemo.utils.ExtentUtils.endReport(ExtentUtils.java:31)
at com.saucedemo.utils.ExtentUtils.endReport(ExtentUtils.java:31)
at com.saucedemo.utils.ExtentUtils.endReport(ExtentUtils.java:31)
at com.saucedemo.utils.ExtentUtils.endReport(ExtentUtils.java:31)
at com.saucedemo.utils.ExtentUtils.endReport(ExtentUtils.java:31)
at com.saucedemo.utils.ExtentUtils.endReport(ExtentUtils.java:31)
at com.saucedemo.utils.ExtentUtils.endReport(ExtentUtils.java:31)
at com.saucedemo.utils.ExtentUtils.endReport(ExtentUtils.java:31)
at com.saucedemo.utils.ExtentUtils.endReport(ExtentUtils.java:31)
at com.saucedemo.utils.ExtentUtils.endReport(ExtentUtils.java:31)
at com.saucedemo.utils.ExtentUtils.endReport(ExtentUtils.java:31)
at com.saucedemo.utils.ExtentUtils.endReport(ExtentUtils.java:31)
at com.saucedemo.utils.ExtentUtils.endReport(ExtentUtils.java:31)
at com.saucedemo.utils.ExtentUtils.endReport(ExtentUtils.java:31)
at com.saucedemo.utils.ExtentUtils.endReport(ExtentUtils.java:31)
at com.saucedemo.utils.ExtentUtils.endReport(ExtentUtils.java:31)
at com.saucedemo.utils.ExtentUtils.endReport(ExtentUtils.java:31)
at com.saucedemo.utils.ExtentUtils.endReport(ExtentUtils.java:31)
at com.saucedemo.utils.ExtentUtils.endReport(ExtentUtils.java:31)
at com.saucedemo.utils.ExtentUtils.endReport(ExtentUtils.java:31)
at com.saucedemo.utils.ExtentUtils.endReport(ExtentUtils.java:31)
at com.saucedemo.utils.ExtentUtils.endReport(ExtentUtils.java:31)
at com.saucedemo.utils.ExtentUtils.endReport(ExtentUtils.java:31)
at com.saucedemo.utils.ExtentUtils.endReport(ExtentUtils.java:31)
at com.saucedemo.utils.ExtentUtils.endReport(ExtentUtils.java:31)
at com.saucedemo.utils.ExtentUtils.endReport(ExtentUtils.java:31)
at com.saucedemo.utils.ExtentUtils.endReport(ExtentUtils.java:31)
at com.saucedemo.utils.ExtentUtils.endReport(ExtentUtils.java:31)
at com.saucedemo.utils.ExtentUtils.endReport(ExtentUtils.java:31)
]]>
    </failure>
  </testcase> <!-- @AfterMethod tearDown -->
  <testcase classname="com.saucedemo.base.BasePage" name="@AfterClass endParentReport" time="-1.694696371101E9">
    <skipped/>
  </testcase> <!-- @AfterClass endParentReport -->
  <testcase classname="com.saucedemo.tests.endtoend.TestAddtToCartAndOrderCreation" name="OrderCreationTest1" time="1.323">
    <failure type="java.lang.AssertionError" message="expected [true] but found [false]">
      <![CDATA[java.lang.AssertionError: expected [true] but found [false]
at com.saucedemo.tests.endtoend.TestAddtToCartAndOrderCreation.OrderCreationTest1(TestAddtToCartAndOrderCreation.java:90)
at java.base/java.util.ArrayList.forEach(ArrayList.java:1511)
... Removed 31 stack frames]]>
    </failure>
  </testcase> <!-- OrderCreationTest1 -->
  <testcase classname="com.saucedemo.tests.endtoend.TestAddtToCartAndOrderCreation" name="OrderCreationTest2" time="0.0">
    <skipped/>
  </testcase> <!-- OrderCreationTest2 -->
  <testcase classname="com.saucedemo.tests.endtoend.OrderDispatchedTest" name="OrderDispatchedJourney" time="0.001"/>
  <testcase classname="com.saucedemo.base.BasePage" name="@AfterSuite endReport" time="0.0">
    <ignored/>
  </testcase> <!-- @AfterSuite endReport -->
  <testcase classname="com.saucedemo.base.BasePage" name="@BeforeSuite initiaLize" time="0.0">
    <ignored/>
  </testcase> <!-- @BeforeSuite initiaLize -->
</testsuite> <!-- Test -->
