<?xml version="1.0" encoding="UTF-8"?>
<testng-results ignored="2" total="5" passed="1" failed="1" skipped="1">
  <reporter-output>
    <line>
      <![CDATA[Launch browser and Navigate to Application]]>
    </line>
    <line>
      <![CDATA[Login to the Application]]>
    </line>
    <line>
      <![CDATA[User navigates to home page and verifies Product name, description and Price]]>
    </line>
    <line>
      <![CDATA[User navigates to product details page by clicking on Product link and verifies Product name, description and Price]]>
    </line>
    <line>
      <![CDATA[User clicks on Add to cart button and verifies the product quantity]]>
    </line>
    <line>
      <![CDATA[User navigates to Shopping cart page by clicking on shopping cart link and verifies Product name, description, Price and quantity ]]>
    </line>
    <line>
      <![CDATA[User navigates to Checkout Informaion page by clicking on Checkout button]]>
    </line>
    <line>
      <![CDATA[User enters customer details like firstname, Lastname and Zipcode in Checkout Information page and clicks on continue button]]>
    </line>
    <line>
      <![CDATA[User navigates to Checkout overview page and verifies Product name, description, Price and quantity]]>
    </line>
    <line>
      <![CDATA[User navaigates to Checkout complete page and verifies complete image, Thank you message and Order dispatch message ]]>
    </line>
    <line>
      <![CDATA[User navigates to Home page by clicking on Back to home button and verifies the current url]]>
    </line>
    <line>
      <![CDATA[Launch browser and Navigate to Application]]>
    </line>
  </reporter-output>
  <suite started-at="2023-09-14T18:29:22 IST" name="Suite" finished-at="2023-09-14T18:29:31 IST" duration-ms="8391">
    <groups>
    </groups>
    <test started-at="2023-09-14T18:29:22 IST" name="Test" finished-at="2023-09-14T18:29:31 IST" duration-ms="8391">
      <class name="com.saucedemo.tests.endtoend.TestAddtToCartAndOrderCreation">
        <test-method is-config="true" signature="initiaLize()[pri:0, instance:com.saucedemo.tests.endtoend.TestAddtToCartAndOrderCreation@7db12bb6]" started-at="2023-09-14T18:29:22 IST" name="initiaLize" finished-at="2023-09-14T18:29:22 IST" duration-ms="182" status="PASS">
          <reporter-output>
          </reporter-output>
        </test-method> <!-- initiaLize -->
        <test-method is-config="true" signature="createParentReport()[pri:0, instance:com.saucedemo.tests.endtoend.TestAddtToCartAndOrderCreation@7db12bb6]" started-at="2023-09-14T18:29:22 IST" name="createParentReport" finished-at="2023-09-14T18:29:22 IST" duration-ms="4" status="PASS">
          <reporter-output>
          </reporter-output>
        </test-method> <!-- createParentReport -->
        <test-method is-config="true" signature="setUp(java.lang.reflect.Method)[pri:0, instance:com.saucedemo.tests.endtoend.TestAddtToCartAndOrderCreation@7db12bb6]" started-at="2023-09-14T18:29:22 IST" name="setUp" finished-at="2023-09-14T18:29:26 IST" duration-ms="4001" status="PASS">
          <params>
            <param index="0">
              <value>
                <![CDATA[public void com.saucedemo.tests.endtoend.TestAddtToCartAndOrderCreation.OrderCreationTest1()]]>
              </value>
            </param>
          </params>
          <reporter-output>
            <line>
              <![CDATA[Launch browser and Navigate to Application]]>
            </line>
          </reporter-output>
        </test-method> <!-- setUp -->
        <test-method signature="OrderCreationTest1()[pri:0, instance:com.saucedemo.tests.endtoend.TestAddtToCartAndOrderCreation@7db12bb6]" started-at="2023-09-14T18:29:26 IST" name="OrderCreationTest1" finished-at="2023-09-14T18:29:28 IST" duration-ms="1323" status="FAIL">
          <exception class="java.lang.AssertionError">
            <message>
              <![CDATA[expected [true] but found [false]]]>
            </message>
            <full-stacktrace>
              <![CDATA[java.lang.AssertionError: expected [true] but found [false]
at org.testng.Assert.fail(Assert.java:99)
at org.testng.Assert.failNotEquals(Assert.java:1037)
at org.testng.Assert.assertTrue(Assert.java:45)
at org.testng.Assert.assertTrue(Assert.java:55)
at com.saucedemo.tests.endtoend.TestAddtToCartAndOrderCreation.OrderCreationTest1(TestAddtToCartAndOrderCreation.java:90)
at java.base/jdk.internal.reflect.NativeMethodAccessorImpl.invoke0(Native Method)
at java.base/jdk.internal.reflect.NativeMethodAccessorImpl.invoke(NativeMethodAccessorImpl.java:77)
at java.base/jdk.internal.reflect.DelegatingMethodAccessorImpl.invoke(DelegatingMethodAccessorImpl.java:43)
at java.base/java.lang.reflect.Method.invoke(Method.java:568)
at org.testng.internal.MethodInvocationHelper.invokeMethod(MethodInvocationHelper.java:133)
at org.testng.internal.TestInvoker.invokeMethod(TestInvoker.java:598)
at org.testng.internal.TestInvoker.invokeTestMethod(TestInvoker.java:173)
at org.testng.internal.MethodRunner.runInSequence(MethodRunner.java:46)
at org.testng.internal.TestInvoker$MethodInvocationAgent.invoke(TestInvoker.java:824)
at org.testng.internal.TestInvoker.invokeTestMethods(TestInvoker.java:146)
at org.testng.internal.TestMethodWorker.invokeTestMethods(TestMethodWorker.java:146)
at org.testng.internal.TestMethodWorker.run(TestMethodWorker.java:128)
at java.base/java.util.ArrayList.forEach(ArrayList.java:1511)
at org.testng.TestRunner.privateRun(TestRunner.java:794)
at org.testng.TestRunner.run(TestRunner.java:596)
at org.testng.SuiteRunner.runTest(SuiteRunner.java:377)
at org.testng.SuiteRunner.runSequentially(SuiteRunner.java:371)
at org.testng.SuiteRunner.privateRun(SuiteRunner.java:332)
at org.testng.SuiteRunner.run(SuiteRunner.java:276)
at org.testng.SuiteRunnerWorker.runSuite(SuiteRunnerWorker.java:53)
at org.testng.SuiteRunnerWorker.run(SuiteRunnerWorker.java:96)
at org.testng.TestNG.runSuitesSequentially(TestNG.java:1212)
at org.testng.TestNG.runSuitesLocally(TestNG.java:1134)
at org.testng.TestNG.runSuites(TestNG.java:1063)
at org.testng.TestNG.run(TestNG.java:1031)
at org.testng.remote.AbstractRemoteTestNG.run(AbstractRemoteTestNG.java:115)
at org.testng.remote.RemoteTestNG.initAndRun(RemoteTestNG.java:251)
at org.testng.remote.RemoteTestNG.main(RemoteTestNG.java:77)
]]>
            </full-stacktrace>
          </exception> <!-- java.lang.AssertionError -->
          <reporter-output>
            <line>
              <![CDATA[Login to the Application]]>
            </line>
            <line>
              <![CDATA[User navigates to home page and verifies Product name, description and Price]]>
            </line>
            <line>
              <![CDATA[User navigates to product details page by clicking on Product link and verifies Product name, description and Price]]>
            </line>
            <line>
              <![CDATA[User clicks on Add to cart button and verifies the product quantity]]>
            </line>
            <line>
              <![CDATA[User navigates to Shopping cart page by clicking on shopping cart link and verifies Product name, description, Price and quantity ]]>
            </line>
            <line>
              <![CDATA[User navigates to Checkout Informaion page by clicking on Checkout button]]>
            </line>
            <line>
              <![CDATA[User enters customer details like firstname, Lastname and Zipcode in Checkout Information page and clicks on continue button]]>
            </line>
            <line>
              <![CDATA[User navigates to Checkout overview page and verifies Product name, description, Price and quantity]]>
            </line>
            <line>
              <![CDATA[User navaigates to Checkout complete page and verifies complete image, Thank you message and Order dispatch message ]]>
            </line>
            <line>
              <![CDATA[User navigates to Home page by clicking on Back to home button and verifies the current url]]>
            </line>
          </reporter-output>
        </test-method> <!-- OrderCreationTest1 -->
        <test-method is-config="true" signature="tearDown(org.testng.ITestResult,java.lang.reflect.Method)[pri:0, instance:com.saucedemo.tests.endtoend.TestAddtToCartAndOrderCreation@7db12bb6]" started-at="2023-09-14T18:29:28 IST" name="tearDown" finished-at="2023-09-14T18:29:28 IST" duration-ms="220" status="FAIL">
          <params>
            <param index="0">
              <value>
                <![CDATA[[TestResult name=OrderCreationTest1 status=FAILURE method=TestAddtToCartAndOrderCreation.OrderCreationTest1()[pri:0, instance:com.saucedemo.tests.endtoend.TestAddtToCartAndOrderCreation@7db12bb6] output=Login to the Application]]]>
              </value>
            </param>
            <param index="1">
              <value>
                <![CDATA[public void com.saucedemo.tests.endtoend.TestAddtToCartAndOrderCreation.OrderCreationTest1()]]>
              </value>
            </param>
          </params>
          <exception class="java.lang.StackOverflowError">
            <full-stacktrace>
              <![CDATA[java.lang.StackOverflowError
at com.saucedemo.utils.ExtentUtils.endReport(ExtentUtils.java:31)
at com.saucedemo.utils.ExtentUtils.endReport(ExtentUtils.java:31)
at com.saucedemo.utils.ExtentUtils.endReport(ExtentUtils.java:31)
at com.saucedemo.utils.ExtentUtils.endReport(ExtentUtils.java:31)
at com.saucedemo.utils.ExtentUtils.endReport(ExtentUtils.java:31)
at com.saucedemo.utils.ExtentUtils.endReport(ExtentUtils.java:31)
at com.saucedemo.utils.ExtentUtils.endReport(ExtentUtils.java:31)
at com.saucedemo.utils.ExtentUtils.endReport(ExtentUtils.java:31)
at com.saucedemo.utils.ExtentUtils.endReport(ExtentUtils.java:31)
at com.saucedemo.utils.ExtentUtils.endReport(ExtentUtils.java:31)
at com.saucedemo.utils.ExtentUtils.endReport(ExtentUtils.java:31)
at com.saucedemo.utils.ExtentUtils.endReport(ExtentUtils.java:31)
at com.saucedemo.utils.ExtentUtils.endReport(ExtentUtils.java:31)
at com.saucedemo.utils.ExtentUtils.endReport(ExtentUtils.java:31)
at com.saucedemo.utils.ExtentUtils.endReport(ExtentUtils.java:31)
at com.saucedemo.utils.ExtentUtils.endReport(ExtentUtils.java:31)
at com.saucedemo.utils.ExtentUtils.endReport(ExtentUtils.java:31)
at com.saucedemo.utils.ExtentUtils.endReport(ExtentUtils.java:31)
at com.saucedemo.utils.ExtentUtils.endReport(ExtentUtils.java:31)
at com.saucedemo.utils.ExtentUtils.endReport(ExtentUtils.java:31)
at com.saucedemo.utils.ExtentUtils.endReport(ExtentUtils.java:31)
at com.saucedemo.utils.ExtentUtils.endReport(ExtentUtils.java:31)
at com.saucedemo.utils.ExtentUtils.endReport(ExtentUtils.java:31)
at com.saucedemo.utils.ExtentUtils.endReport(ExtentUtils.java:31)
at com.saucedemo.utils.ExtentUtils.endReport(ExtentUtils.java:31)
at com.saucedemo.utils.ExtentUtils.endReport(ExtentUtils.java:31)
at com.saucedemo.utils.ExtentUtils.endReport(ExtentUtils.java:31)
at com.saucedemo.utils.ExtentUtils.endReport(ExtentUtils.java:31)
at com.saucedemo.utils.ExtentUtils.endReport(ExtentUtils.java:31)
at com.saucedemo.utils.ExtentUtils.endReport(ExtentUtils.java:31)
at com.saucedemo.utils.ExtentUtils.endReport(ExtentUtils.java:31)
at com.saucedemo.utils.ExtentUtils.endReport(ExtentUtils.java:31)
at com.saucedemo.utils.ExtentUtils.endReport(ExtentUtils.java:31)
at com.saucedemo.utils.ExtentUtils.endReport(ExtentUtils.java:31)
at com.saucedemo.utils.ExtentUtils.endReport(ExtentUtils.java:31)
at com.saucedemo.utils.ExtentUtils.endReport(ExtentUtils.java:31)
at com.saucedemo.utils.ExtentUtils.endReport(ExtentUtils.java:31)
at com.saucedemo.utils.ExtentUtils.endReport(ExtentUtils.java:31)
at com.saucedemo.utils.ExtentUtils.endReport(ExtentUtils.java:31)
at com.saucedemo.utils.ExtentUtils.endReport(ExtentUtils.java:31)
at com.saucedemo.utils.ExtentUtils.endReport(ExtentUtils.java:31)
at com.saucedemo.utils.ExtentUtils.endReport(ExtentUtils.java:31)
at com.saucedemo.utils.ExtentUtils.endReport(ExtentUtils.java:31)
at com.saucedemo.utils.ExtentUtils.endReport(ExtentUtils.java:31)
at com.saucedemo.utils.ExtentUtils.endReport(ExtentUtils.java:31)
at com.saucedemo.utils.ExtentUtils.endReport(ExtentUtils.java:31)
at com.saucedemo.utils.ExtentUtils.endReport(ExtentUtils.java:31)
at com.saucedemo.utils.ExtentUtils.endReport(ExtentUtils.java:31)
at com.saucedemo.utils.ExtentUtils.endReport(ExtentUtils.java:31)
at com.saucedemo.utils.ExtentUtils.endReport(ExtentUtils.java:31)
at com.saucedemo.utils.ExtentUtils.endReport(ExtentUtils.java:31)
at com.saucedemo.utils.ExtentUtils.endReport(ExtentUtils.java:31)
at com.saucedemo.utils.ExtentUtils.endReport(ExtentUtils.java:31)
at com.saucedemo.utils.ExtentUtils.endReport(ExtentUtils.java:31)
at com.saucedemo.utils.ExtentUtils.endReport(ExtentUtils.java:31)
at com.saucedemo.utils.ExtentUtils.endReport(ExtentUtils.java:31)
at com.saucedemo.utils.ExtentUtils.endReport(ExtentUtils.java:31)
at com.saucedemo.utils.ExtentUtils.endReport(ExtentUtils.java:31)
at com.saucedemo.utils.ExtentUtils.endReport(ExtentUtils.java:31)
at com.saucedemo.utils.ExtentUtils.endReport(ExtentUtils.java:31)
at com.saucedemo.utils.ExtentUtils.endReport(ExtentUtils.java:31)
at com.saucedemo.utils.ExtentUtils.endReport(ExtentUtils.java:31)
at com.saucedemo.utils.ExtentUtils.endReport(ExtentUtils.java:31)
at com.saucedemo.utils.ExtentUtils.endReport(ExtentUtils.java:31)
at com.saucedemo.utils.ExtentUtils.endReport(ExtentUtils.java:31)
at com.saucedemo.utils.ExtentUtils.endReport(ExtentUtils.java:31)
at com.saucedemo.utils.ExtentUtils.endReport(ExtentUtils.java:31)
at com.saucedemo.utils.ExtentUtils.endReport(ExtentUtils.java:31)
at com.saucedemo.utils.ExtentUtils.endReport(ExtentUtils.java:31)
at com.saucedemo.utils.ExtentUtils.endReport(ExtentUtils.java:31)
at com.saucedemo.utils.ExtentUtils.endReport(ExtentUtils.java:31)
at com.saucedemo.utils.ExtentUtils.endReport(ExtentUtils.java:31)
at com.saucedemo.utils.ExtentUtils.endReport(ExtentUtils.java:31)
at com.saucedemo.utils.ExtentUtils.endReport(ExtentUtils.java:31)
at com.saucedemo.utils.ExtentUtils.endReport(ExtentUtils.java:31)
at com.saucedemo.utils.ExtentUtils.endReport(ExtentUtils.java:31)
at com.saucedemo.utils.ExtentUtils.endReport(ExtentUtils.java:31)
at com.saucedemo.utils.ExtentUtils.endReport(ExtentUtils.java:31)
at com.saucedemo.utils.ExtentUtils.endReport(ExtentUtils.java:31)
at com.saucedemo.utils.ExtentUtils.endReport(ExtentUtils.java:31)
at com.saucedemo.utils.ExtentUtils.endReport(ExtentUtils.java:31)
at com.saucedemo.utils.ExtentUtils.endReport(ExtentUtils.java:31)
at com.saucedemo.utils.ExtentUtils.endReport(ExtentUtils.java:31)
at com.saucedemo.utils.ExtentUtils.endReport(ExtentUtils.java:31)
at com.saucedemo.utils.ExtentUtils.endReport(ExtentUtils.java:31)
at com.saucedemo.utils.ExtentUtils.endReport(ExtentUtils.java:31)
at com.saucedemo.utils.ExtentUtils.endReport(ExtentUtils.java:31)
at com.saucedemo.utils.ExtentUtils.endReport(ExtentUtils.java:31)
at com.saucedemo.utils.ExtentUtils.endReport(ExtentUtils.java:31)
at com.saucedemo.utils.ExtentUtils.endReport(ExtentUtils.java:31)
at com.saucedemo.utils.ExtentUtils.endReport(ExtentUtils.java:31)
at com.saucedemo.utils.ExtentUtils.endReport(ExtentUtils.java:31)
at com.saucedemo.utils.ExtentUtils.endReport(ExtentUtils.java:31)
at com.saucedemo.utils.ExtentUtils.endReport(ExtentUtils.java:31)
at com.saucedemo.utils.ExtentUtils.endReport(ExtentUtils.java:31)
at com.saucedemo.utils.ExtentUtils.endReport(ExtentUtils.java:31)
at com.saucedemo.utils.ExtentUtils.endReport(ExtentUtils.java:31)
at com.saucedemo.utils.ExtentUtils.endReport(ExtentUtils.java:31)
at com.saucedemo.utils.ExtentUtils.endReport(ExtentUtils.java:31)
at com.saucedemo.utils.ExtentUtils.endReport(ExtentUtils.java:31)
at com.saucedemo.utils.ExtentUtils.endReport(ExtentUtils.java:31)
at com.saucedemo.utils.ExtentUtils.endReport(ExtentUtils.java:31)
at com.saucedemo.utils.ExtentUtils.endReport(ExtentUtils.java:31)
at com.saucedemo.utils.ExtentUtils.endReport(ExtentUtils.java:31)
at com.saucedemo.utils.ExtentUtils.endReport(ExtentUtils.java:31)
at com.saucedemo.utils.ExtentUtils.endReport(ExtentUtils.java:31)
at com.saucedemo.utils.ExtentUtils.endReport(ExtentUtils.java:31)
at com.saucedemo.utils.ExtentUtils.endReport(ExtentUtils.java:31)
at com.saucedemo.utils.ExtentUtils.endReport(ExtentUtils.java:31)
at com.saucedemo.utils.ExtentUtils.endReport(ExtentUtils.java:31)
at com.saucedemo.utils.ExtentUtils.endReport(ExtentUtils.java:31)
at com.saucedemo.utils.ExtentUtils.endReport(ExtentUtils.java:31)
at com.saucedemo.utils.ExtentUtils.endReport(ExtentUtils.java:31)
at com.saucedemo.utils.ExtentUtils.endReport(ExtentUtils.java:31)
at com.saucedemo.utils.ExtentUtils.endReport(ExtentUtils.java:31)
at com.saucedemo.utils.ExtentUtils.endReport(ExtentUtils.java:31)
at com.saucedemo.utils.ExtentUtils.endReport(ExtentUtils.java:31)
at com.saucedemo.utils.ExtentUtils.endReport(ExtentUtils.java:31)
at com.saucedemo.utils.ExtentUtils.endReport(ExtentUtils.java:31)
at com.saucedemo.utils.ExtentUtils.endReport(ExtentUtils.java:31)
at com.saucedemo.utils.ExtentUtils.endReport(ExtentUtils.java:31)
at com.saucedemo.utils.ExtentUtils.endReport(ExtentUtils.java:31)
at com.saucedemo.utils.ExtentUtils.endReport(ExtentUtils.java:31)
at com.saucedemo.utils.ExtentUtils.endReport(ExtentUtils.java:31)
at com.saucedemo.utils.ExtentUtils.endReport(ExtentUtils.java:31)
at com.saucedemo.utils.ExtentUtils.endReport(ExtentUtils.java:31)
at com.saucedemo.utils.ExtentUtils.endReport(ExtentUtils.java:31)
at com.saucedemo.utils.ExtentUtils.endReport(ExtentUtils.java:31)
at com.saucedemo.utils.ExtentUtils.endReport(ExtentUtils.java:31)
at com.saucedemo.utils.ExtentUtils.endReport(ExtentUtils.java:31)
at com.saucedemo.utils.ExtentUtils.endReport(ExtentUtils.java:31)
at com.saucedemo.utils.ExtentUtils.endReport(ExtentUtils.java:31)
at com.saucedemo.utils.ExtentUtils.endReport(ExtentUtils.java:31)
at com.saucedemo.utils.ExtentUtils.endReport(ExtentUtils.java:31)
at com.saucedemo.utils.ExtentUtils.endReport(ExtentUtils.java:31)
at com.saucedemo.utils.ExtentUtils.endReport(ExtentUtils.java:31)
at com.saucedemo.utils.ExtentUtils.endReport(ExtentUtils.java:31)
at com.saucedemo.utils.ExtentUtils.endReport(ExtentUtils.java:31)
at com.saucedemo.utils.ExtentUtils.endReport(ExtentUtils.java:31)
at com.saucedemo.utils.ExtentUtils.endReport(ExtentUtils.java:31)
at com.saucedemo.utils.ExtentUtils.endReport(ExtentUtils.java:31)
at com.saucedemo.utils.ExtentUtils.endReport(ExtentUtils.java:31)
at com.saucedemo.utils.ExtentUtils.endReport(ExtentUtils.java:31)
at com.saucedemo.utils.ExtentUtils.endReport(ExtentUtils.java:31)
at com.saucedemo.utils.ExtentUtils.endReport(ExtentUtils.java:31)
at com.saucedemo.utils.ExtentUtils.endReport(ExtentUtils.java:31)
at com.saucedemo.utils.ExtentUtils.endReport(ExtentUtils.java:31)
at com.saucedemo.utils.ExtentUtils.endReport(ExtentUtils.java:31)
at com.saucedemo.utils.ExtentUtils.endReport(ExtentUtils.java:31)
at com.saucedemo.utils.ExtentUtils.endReport(ExtentUtils.java:31)
at com.saucedemo.utils.ExtentUtils.endReport(ExtentUtils.java:31)
at com.saucedemo.utils.ExtentUtils.endReport(ExtentUtils.java:31)
at com.saucedemo.utils.ExtentUtils.endReport(ExtentUtils.java:31)
at com.saucedemo.utils.ExtentUtils.endReport(ExtentUtils.java:31)
at com.saucedemo.utils.ExtentUtils.endReport(ExtentUtils.java:31)
at com.saucedemo.utils.ExtentUtils.endReport(ExtentUtils.java:31)
at com.saucedemo.utils.ExtentUtils.endReport(ExtentUtils.java:31)
at com.saucedemo.utils.ExtentUtils.endReport(ExtentUtils.java:31)
at com.saucedemo.utils.ExtentUtils.endReport(ExtentUtils.java:31)
at com.saucedemo.utils.ExtentUtils.endReport(ExtentUtils.java:31)
at com.saucedemo.utils.ExtentUtils.endReport(ExtentUtils.java:31)
at com.saucedemo.utils.ExtentUtils.endReport(ExtentUtils.java:31)
at com.saucedemo.utils.ExtentUtils.endReport(ExtentUtils.java:31)
at com.saucedemo.utils.ExtentUtils.endReport(ExtentUtils.java:31)
at com.saucedemo.utils.ExtentUtils.endReport(ExtentUtils.java:31)
at com.saucedemo.utils.ExtentUtils.endReport(ExtentUtils.java:31)
at com.saucedemo.utils.ExtentUtils.endReport(ExtentUtils.java:31)
at com.saucedemo.utils.ExtentUtils.endReport(ExtentUtils.java:31)
at com.saucedemo.utils.ExtentUtils.endReport(ExtentUtils.java:31)
at com.saucedemo.utils.ExtentUtils.endReport(ExtentUtils.java:31)
at com.saucedemo.utils.ExtentUtils.endReport(ExtentUtils.java:31)
at com.saucedemo.utils.ExtentUtils.endReport(ExtentUtils.java:31)
at com.saucedemo.utils.ExtentUtils.endReport(ExtentUtils.java:31)
at com.saucedemo.utils.ExtentUtils.endReport(ExtentUtils.java:31)
at com.saucedemo.utils.ExtentUtils.endReport(ExtentUtils.java:31)
at com.saucedemo.utils.ExtentUtils.endReport(ExtentUtils.java:31)
at com.saucedemo.utils.ExtentUtils.endReport(ExtentUtils.java:31)
at com.saucedemo.utils.ExtentUtils.endReport(ExtentUtils.java:31)
at com.saucedemo.utils.ExtentUtils.endReport(ExtentUtils.java:31)
at com.saucedemo.utils.ExtentUtils.endReport(ExtentUtils.java:31)
at com.saucedemo.utils.ExtentUtils.endReport(ExtentUtils.java:31)
at com.saucedemo.utils.ExtentUtils.endReport(ExtentUtils.java:31)
at com.saucedemo.utils.ExtentUtils.endReport(ExtentUtils.java:31)
at com.saucedemo.utils.ExtentUtils.endReport(ExtentUtils.java:31)
at com.saucedemo.utils.ExtentUtils.endReport(ExtentUtils.java:31)
at com.saucedemo.utils.ExtentUtils.endReport(ExtentUtils.java:31)
at com.saucedemo.utils.ExtentUtils.endReport(ExtentUtils.java:31)
at com.saucedemo.utils.ExtentUtils.endReport(ExtentUtils.java:31)
at com.saucedemo.utils.ExtentUtils.endReport(ExtentUtils.java:31)
at com.saucedemo.utils.ExtentUtils.endReport(ExtentUtils.java:31)
at com.saucedemo.utils.ExtentUtils.endReport(ExtentUtils.java:31)
at com.saucedemo.utils.ExtentUtils.endReport(ExtentUtils.java:31)
at com.saucedemo.utils.ExtentUtils.endReport(ExtentUtils.java:31)
at com.saucedemo.utils.ExtentUtils.endReport(ExtentUtils.java:31)
at com.saucedemo.utils.ExtentUtils.endReport(ExtentUtils.java:31)
at com.saucedemo.utils.ExtentUtils.endReport(ExtentUtils.java:31)
at com.saucedemo.utils.ExtentUtils.endReport(ExtentUtils.java:31)
at com.saucedemo.utils.ExtentUtils.endReport(ExtentUtils.java:31)
at com.saucedemo.utils.ExtentUtils.endReport(ExtentUtils.java:31)
at com.saucedemo.utils.ExtentUtils.endReport(ExtentUtils.java:31)
at com.saucedemo.utils.ExtentUtils.endReport(ExtentUtils.java:31)
at com.saucedemo.utils.ExtentUtils.endReport(ExtentUtils.java:31)
at com.saucedemo.utils.ExtentUtils.endReport(ExtentUtils.java:31)
at com.saucedemo.utils.ExtentUtils.endReport(ExtentUtils.java:31)
at com.saucedemo.utils.ExtentUtils.endReport(ExtentUtils.java:31)
at com.saucedemo.utils.ExtentUtils.endReport(ExtentUtils.java:31)
at com.saucedemo.utils.ExtentUtils.endReport(ExtentUtils.java:31)
at com.saucedemo.utils.ExtentUtils.endReport(ExtentUtils.java:31)
at com.saucedemo.utils.ExtentUtils.endReport(ExtentUtils.java:31)
at com.saucedemo.utils.ExtentUtils.endReport(ExtentUtils.java:31)
at com.saucedemo.utils.ExtentUtils.endReport(ExtentUtils.java:31)
at com.saucedemo.utils.ExtentUtils.endReport(ExtentUtils.java:31)
at com.saucedemo.utils.ExtentUtils.endReport(ExtentUtils.java:31)
at com.saucedemo.utils.ExtentUtils.endReport(ExtentUtils.java:31)
at com.saucedemo.utils.ExtentUtils.endReport(ExtentUtils.java:31)
at com.saucedemo.utils.ExtentUtils.endReport(ExtentUtils.java:31)
at com.saucedemo.utils.ExtentUtils.endReport(ExtentUtils.java:31)
at com.saucedemo.utils.ExtentUtils.endReport(ExtentUtils.java:31)
at com.saucedemo.utils.ExtentUtils.endReport(ExtentUtils.java:31)
at com.saucedemo.utils.ExtentUtils.endReport(ExtentUtils.java:31)
at com.saucedemo.utils.ExtentUtils.endReport(ExtentUtils.java:31)
at com.saucedemo.utils.ExtentUtils.endReport(ExtentUtils.java:31)
at com.saucedemo.utils.ExtentUtils.endReport(ExtentUtils.java:31)
at com.saucedemo.utils.ExtentUtils.endReport(ExtentUtils.java:31)
at com.saucedemo.utils.ExtentUtils.endReport(ExtentUtils.java:31)
at com.saucedemo.utils.ExtentUtils.endReport(ExtentUtils.java:31)
at com.saucedemo.utils.ExtentUtils.endReport(ExtentUtils.java:31)
at com.saucedemo.utils.ExtentUtils.endReport(ExtentUtils.java:31)
at com.saucedemo.utils.ExtentUtils.endReport(ExtentUtils.java:31)
at com.saucedemo.utils.ExtentUtils.endReport(ExtentUtils.java:31)
at com.saucedemo.utils.ExtentUtils.endReport(ExtentUtils.java:31)
at com.saucedemo.utils.ExtentUtils.endReport(ExtentUtils.java:31)
at com.saucedemo.utils.ExtentUtils.endReport(ExtentUtils.java:31)
at com.saucedemo.utils.ExtentUtils.endReport(ExtentUtils.java:31)
at com.saucedemo.utils.ExtentUtils.endReport(ExtentUtils.java:31)
at com.saucedemo.utils.ExtentUtils.endReport(ExtentUtils.java:31)
at com.saucedemo.utils.ExtentUtils.endReport(ExtentUtils.java:31)
at com.saucedemo.utils.ExtentUtils.endReport(ExtentUtils.java:31)
at com.saucedemo.utils.ExtentUtils.endReport(ExtentUtils.java:31)
at com.saucedemo.utils.ExtentUtils.endReport(ExtentUtils.java:31)
at com.saucedemo.utils.ExtentUtils.endReport(ExtentUtils.java:31)
at com.saucedemo.utils.ExtentUtils.endReport(ExtentUtils.java:31)
at com.saucedemo.utils.ExtentUtils.endReport(ExtentUtils.java:31)
at com.saucedemo.utils.ExtentUtils.endReport(ExtentUtils.java:31)
at com.saucedemo.utils.ExtentUtils.endReport(ExtentUtils.java:31)
at com.saucedemo.utils.ExtentUtils.endReport(ExtentUtils.java:31)
at com.saucedemo.utils.ExtentUtils.endReport(ExtentUtils.java:31)
at com.saucedemo.utils.ExtentUtils.endReport(ExtentUtils.java:31)
at com.saucedemo.utils.ExtentUtils.endReport(ExtentUtils.java:31)
at com.saucedemo.utils.ExtentUtils.endReport(ExtentUtils.java:31)
at com.saucedemo.utils.ExtentUtils.endReport(ExtentUtils.java:31)
at com.saucedemo.utils.ExtentUtils.endReport(ExtentUtils.java:31)
at com.saucedemo.utils.ExtentUtils.endReport(ExtentUtils.java:31)
at com.saucedemo.utils.ExtentUtils.endReport(ExtentUtils.java:31)
at com.saucedemo.utils.ExtentUtils.endReport(ExtentUtils.java:31)
at com.saucedemo.utils.ExtentUtils.endReport(ExtentUtils.java:31)
at com.saucedemo.utils.ExtentUtils.endReport(ExtentUtils.java:31)
at com.saucedemo.utils.ExtentUtils.endReport(ExtentUtils.java:31)
at com.saucedemo.utils.ExtentUtils.endReport(ExtentUtils.java:31)
at com.saucedemo.utils.ExtentUtils.endReport(ExtentUtils.java:31)
at com.saucedemo.utils.ExtentUtils.endReport(ExtentUtils.java:31)
at com.saucedemo.utils.ExtentUtils.endReport(ExtentUtils.java:31)
at com.saucedemo.utils.ExtentUtils.endReport(ExtentUtils.java:31)
at com.saucedemo.utils.ExtentUtils.endReport(ExtentUtils.java:31)
at com.saucedemo.utils.ExtentUtils.endReport(ExtentUtils.java:31)
at com.saucedemo.utils.ExtentUtils.endReport(ExtentUtils.java:31)
at com.saucedemo.utils.ExtentUtils.endReport(ExtentUtils.java:31)
at com.saucedemo.utils.ExtentUtils.endReport(ExtentUtils.java:31)
at com.saucedemo.utils.ExtentUtils.endReport(ExtentUtils.java:31)
at com.saucedemo.utils.ExtentUtils.endReport(ExtentUtils.java:31)
at com.saucedemo.utils.ExtentUtils.endReport(ExtentUtils.java:31)
at com.saucedemo.utils.ExtentUtils.endReport(ExtentUtils.java:31)
at com.saucedemo.utils.ExtentUtils.endReport(ExtentUtils.java:31)
at com.saucedemo.utils.ExtentUtils.endReport(ExtentUtils.java:31)
at com.saucedemo.utils.ExtentUtils.endReport(ExtentUtils.java:31)
at com.saucedemo.utils.ExtentUtils.endReport(ExtentUtils.java:31)
at com.saucedemo.utils.ExtentUtils.endReport(ExtentUtils.java:31)
at com.saucedemo.utils.ExtentUtils.endReport(ExtentUtils.java:31)
at com.saucedemo.utils.ExtentUtils.endReport(ExtentUtils.java:31)
at com.saucedemo.utils.ExtentUtils.endReport(ExtentUtils.java:31)
at com.saucedemo.utils.ExtentUtils.endReport(ExtentUtils.java:31)
at com.saucedemo.utils.ExtentUtils.endReport(ExtentUtils.java:31)
at com.saucedemo.utils.ExtentUtils.endReport(ExtentUtils.java:31)
at com.saucedemo.utils.ExtentUtils.endReport(ExtentUtils.java:31)
at com.saucedemo.utils.ExtentUtils.endReport(ExtentUtils.java:31)
at com.saucedemo.utils.ExtentUtils.endReport(ExtentUtils.java:31)
at com.saucedemo.utils.ExtentUtils.endReport(ExtentUtils.java:31)
at com.saucedemo.utils.ExtentUtils.endReport(ExtentUtils.java:31)
at com.saucedemo.utils.ExtentUtils.endReport(ExtentUtils.java:31)
at com.saucedemo.utils.ExtentUtils.endReport(ExtentUtils.java:31)
at com.saucedemo.utils.ExtentUtils.endReport(ExtentUtils.java:31)
at com.saucedemo.utils.ExtentUtils.endReport(ExtentUtils.java:31)
at com.saucedemo.utils.ExtentUtils.endReport(ExtentUtils.java:31)
at com.saucedemo.utils.ExtentUtils.endReport(ExtentUtils.java:31)
at com.saucedemo.utils.ExtentUtils.endReport(ExtentUtils.java:31)
at com.saucedemo.utils.ExtentUtils.endReport(ExtentUtils.java:31)
at com.saucedemo.utils.ExtentUtils.endReport(ExtentUtils.java:31)
at com.saucedemo.utils.ExtentUtils.endReport(ExtentUtils.java:31)
at com.saucedemo.utils.ExtentUtils.endReport(ExtentUtils.java:31)
at com.saucedemo.utils.ExtentUtils.endReport(ExtentUtils.java:31)
at com.saucedemo.utils.ExtentUtils.endReport(ExtentUtils.java:31)
at com.saucedemo.utils.ExtentUtils.endReport(ExtentUtils.java:31)
at com.saucedemo.utils.ExtentUtils.endReport(ExtentUtils.java:31)
at com.saucedemo.utils.ExtentUtils.endReport(ExtentUtils.java:31)
at com.saucedemo.utils.ExtentUtils.endReport(ExtentUtils.java:31)
at com.saucedemo.utils.ExtentUtils.endReport(ExtentUtils.java:31)
at com.saucedemo.utils.ExtentUtils.endReport(ExtentUtils.java:31)
at com.saucedemo.utils.ExtentUtils.endReport(ExtentUtils.java:31)
at com.saucedemo.utils.ExtentUtils.endReport(ExtentUtils.java:31)
at com.saucedemo.utils.ExtentUtils.endReport(ExtentUtils.java:31)
at com.saucedemo.utils.ExtentUtils.endReport(ExtentUtils.java:31)
at com.saucedemo.utils.ExtentUtils.endReport(ExtentUtils.java:31)
at com.saucedemo.utils.ExtentUtils.endReport(ExtentUtils.java:31)
at com.saucedemo.utils.ExtentUtils.endReport(ExtentUtils.java:31)
at com.saucedemo.utils.ExtentUtils.endReport(ExtentUtils.java:31)
at com.saucedemo.utils.ExtentUtils.endReport(ExtentUtils.java:31)
at com.saucedemo.utils.ExtentUtils.endReport(ExtentUtils.java:31)
at com.saucedemo.utils.ExtentUtils.endReport(ExtentUtils.java:31)
at com.saucedemo.utils.ExtentUtils.endReport(ExtentUtils.java:31)
at com.saucedemo.utils.ExtentUtils.endReport(ExtentUtils.java:31)
at com.saucedemo.utils.ExtentUtils.endReport(ExtentUtils.java:31)
at com.saucedemo.utils.ExtentUtils.endReport(ExtentUtils.java:31)
at com.saucedemo.utils.ExtentUtils.endReport(ExtentUtils.java:31)
at com.saucedemo.utils.ExtentUtils.endReport(ExtentUtils.java:31)
at com.saucedemo.utils.ExtentUtils.endReport(ExtentUtils.java:31)
at com.saucedemo.utils.ExtentUtils.endReport(ExtentUtils.java:31)
at com.saucedemo.utils.ExtentUtils.endReport(ExtentUtils.java:31)
at com.saucedemo.utils.ExtentUtils.endReport(ExtentUtils.java:31)
at com.saucedemo.utils.ExtentUtils.endReport(ExtentUtils.java:31)
at com.saucedemo.utils.ExtentUtils.endReport(ExtentUtils.java:31)
at com.saucedemo.utils.ExtentUtils.endReport(ExtentUtils.java:31)
at com.saucedemo.utils.ExtentUtils.endReport(ExtentUtils.java:31)
at com.saucedemo.utils.ExtentUtils.endReport(ExtentUtils.java:31)
at com.saucedemo.utils.ExtentUtils.endReport(ExtentUtils.java:31)
at com.saucedemo.utils.ExtentUtils.endReport(ExtentUtils.java:31)
at com.saucedemo.utils.ExtentUtils.endReport(ExtentUtils.java:31)
at com.saucedemo.utils.ExtentUtils.endReport(ExtentUtils.java:31)
at com.saucedemo.utils.ExtentUtils.endReport(ExtentUtils.java:31)
at com.saucedemo.utils.ExtentUtils.endReport(ExtentUtils.java:31)
at com.saucedemo.utils.ExtentUtils.endReport(ExtentUtils.java:31)
at com.saucedemo.utils.ExtentUtils.endReport(ExtentUtils.java:31)
at com.saucedemo.utils.ExtentUtils.endReport(ExtentUtils.java:31)
at com.saucedemo.utils.ExtentUtils.endReport(ExtentUtils.java:31)
at com.saucedemo.utils.ExtentUtils.endReport(ExtentUtils.java:31)
at com.saucedemo.utils.ExtentUtils.endReport(ExtentUtils.java:31)
at com.saucedemo.utils.ExtentUtils.endReport(ExtentUtils.java:31)
at com.saucedemo.utils.ExtentUtils.endReport(ExtentUtils.java:31)
at com.saucedemo.utils.ExtentUtils.endReport(ExtentUtils.java:31)
at com.saucedemo.utils.ExtentUtils.endReport(ExtentUtils.java:31)
at com.saucedemo.utils.ExtentUtils.endReport(ExtentUtils.java:31)
at com.saucedemo.utils.ExtentUtils.endReport(ExtentUtils.java:31)
at com.saucedemo.utils.ExtentUtils.endReport(ExtentUtils.java:31)
at com.saucedemo.utils.ExtentUtils.endReport(ExtentUtils.java:31)
at com.saucedemo.utils.ExtentUtils.endReport(ExtentUtils.java:31)
at com.saucedemo.utils.ExtentUtils.endReport(ExtentUtils.java:31)
at com.saucedemo.utils.ExtentUtils.endReport(ExtentUtils.java:31)
at com.saucedemo.utils.ExtentUtils.endReport(ExtentUtils.java:31)
at com.saucedemo.utils.ExtentUtils.endReport(ExtentUtils.java:31)
at com.saucedemo.utils.ExtentUtils.endReport(ExtentUtils.java:31)
at com.saucedemo.utils.ExtentUtils.endReport(ExtentUtils.java:31)
at com.saucedemo.utils.ExtentUtils.endReport(ExtentUtils.java:31)
at com.saucedemo.utils.ExtentUtils.endReport(ExtentUtils.java:31)
at com.saucedemo.utils.ExtentUtils.endReport(ExtentUtils.java:31)
at com.saucedemo.utils.ExtentUtils.endReport(ExtentUtils.java:31)
at com.saucedemo.utils.ExtentUtils.endReport(ExtentUtils.java:31)
at com.saucedemo.utils.ExtentUtils.endReport(ExtentUtils.java:31)
at com.saucedemo.utils.ExtentUtils.endReport(ExtentUtils.java:31)
at com.saucedemo.utils.ExtentUtils.endReport(ExtentUtils.java:31)
at com.saucedemo.utils.ExtentUtils.endReport(ExtentUtils.java:31)
at com.saucedemo.utils.ExtentUtils.endReport(ExtentUtils.java:31)
at com.saucedemo.utils.ExtentUtils.endReport(ExtentUtils.java:31)
at com.saucedemo.utils.ExtentUtils.endReport(ExtentUtils.java:31)
at com.saucedemo.utils.ExtentUtils.endReport(ExtentUtils.java:31)
at com.saucedemo.utils.ExtentUtils.endReport(ExtentUtils.java:31)
at com.saucedemo.utils.ExtentUtils.endReport(ExtentUtils.java:31)
at com.saucedemo.utils.ExtentUtils.endReport(ExtentUtils.java:31)
at com.saucedemo.utils.ExtentUtils.endReport(ExtentUtils.java:31)
at com.saucedemo.utils.ExtentUtils.endReport(ExtentUtils.java:31)
at com.saucedemo.utils.ExtentUtils.endReport(ExtentUtils.java:31)
at com.saucedemo.utils.ExtentUtils.endReport(ExtentUtils.java:31)
at com.saucedemo.utils.ExtentUtils.endReport(ExtentUtils.java:31)
at com.saucedemo.utils.ExtentUtils.endReport(ExtentUtils.java:31)
at com.saucedemo.utils.ExtentUtils.endReport(ExtentUtils.java:31)
at com.saucedemo.utils.ExtentUtils.endReport(ExtentUtils.java:31)
at com.saucedemo.utils.ExtentUtils.endReport(ExtentUtils.java:31)
at com.saucedemo.utils.ExtentUtils.endReport(ExtentUtils.java:31)
at com.saucedemo.utils.ExtentUtils.endReport(ExtentUtils.java:31)
at com.saucedemo.utils.ExtentUtils.endReport(ExtentUtils.java:31)
at com.saucedemo.utils.ExtentUtils.endReport(ExtentUtils.java:31)
at com.saucedemo.utils.ExtentUtils.endReport(ExtentUtils.java:31)
at com.saucedemo.utils.ExtentUtils.endReport(ExtentUtils.java:31)
at com.saucedemo.utils.ExtentUtils.endReport(ExtentUtils.java:31)
at com.saucedemo.utils.ExtentUtils.endReport(ExtentUtils.java:31)
at com.saucedemo.utils.ExtentUtils.endReport(ExtentUtils.java:31)
at com.saucedemo.utils.ExtentUtils.endReport(ExtentUtils.java:31)
at com.saucedemo.utils.ExtentUtils.endReport(ExtentUtils.java:31)
at com.saucedemo.utils.ExtentUtils.endReport(ExtentUtils.java:31)
at com.saucedemo.utils.ExtentUtils.endReport(ExtentUtils.java:31)
at com.saucedemo.utils.ExtentUtils.endReport(ExtentUtils.java:31)
at com.saucedemo.utils.ExtentUtils.endReport(ExtentUtils.java:31)
at com.saucedemo.utils.ExtentUtils.endReport(ExtentUtils.java:31)
at com.saucedemo.utils.ExtentUtils.endReport(ExtentUtils.java:31)
at com.saucedemo.utils.ExtentUtils.endReport(ExtentUtils.java:31)
at com.saucedemo.utils.ExtentUtils.endReport(ExtentUtils.java:31)
at com.saucedemo.utils.ExtentUtils.endReport(ExtentUtils.java:31)
at com.saucedemo.utils.ExtentUtils.endReport(ExtentUtils.java:31)
at com.saucedemo.utils.ExtentUtils.endReport(ExtentUtils.java:31)
at com.saucedemo.utils.ExtentUtils.endReport(ExtentUtils.java:31)
at com.saucedemo.utils.ExtentUtils.endReport(ExtentUtils.java:31)
at com.saucedemo.utils.ExtentUtils.endReport(ExtentUtils.java:31)
at com.saucedemo.utils.ExtentUtils.endReport(ExtentUtils.java:31)
at com.saucedemo.utils.ExtentUtils.endReport(ExtentUtils.java:31)
at com.saucedemo.utils.ExtentUtils.endReport(ExtentUtils.java:31)
at com.saucedemo.utils.ExtentUtils.endReport(ExtentUtils.java:31)
at com.saucedemo.utils.ExtentUtils.endReport(ExtentUtils.java:31)
at com.saucedemo.utils.ExtentUtils.endReport(ExtentUtils.java:31)
at com.saucedemo.utils.ExtentUtils.endReport(ExtentUtils.java:31)
at com.saucedemo.utils.ExtentUtils.endReport(ExtentUtils.java:31)
at com.saucedemo.utils.ExtentUtils.endReport(ExtentUtils.java:31)
at com.saucedemo.utils.ExtentUtils.endReport(ExtentUtils.java:31)
at com.saucedemo.utils.ExtentUtils.endReport(ExtentUtils.java:31)
at com.saucedemo.utils.ExtentUtils.endReport(ExtentUtils.java:31)
at com.saucedemo.utils.ExtentUtils.endReport(ExtentUtils.java:31)
at com.saucedemo.utils.ExtentUtils.endReport(ExtentUtils.java:31)
at com.saucedemo.utils.ExtentUtils.endReport(ExtentUtils.java:31)
at com.saucedemo.utils.ExtentUtils.endReport(ExtentUtils.java:31)
at com.saucedemo.utils.ExtentUtils.endReport(ExtentUtils.java:31)
at com.saucedemo.utils.ExtentUtils.endReport(ExtentUtils.java:31)
at com.saucedemo.utils.ExtentUtils.endReport(ExtentUtils.java:31)
at com.saucedemo.utils.ExtentUtils.endReport(ExtentUtils.java:31)
at com.saucedemo.utils.ExtentUtils.endReport(ExtentUtils.java:31)
at com.saucedemo.utils.ExtentUtils.endReport(ExtentUtils.java:31)
at com.saucedemo.utils.ExtentUtils.endReport(ExtentUtils.java:31)
at com.saucedemo.utils.ExtentUtils.endReport(ExtentUtils.java:31)
at com.saucedemo.utils.ExtentUtils.endReport(ExtentUtils.java:31)
at com.saucedemo.utils.ExtentUtils.endReport(ExtentUtils.java:31)
at com.saucedemo.utils.ExtentUtils.endReport(ExtentUtils.java:31)
at com.saucedemo.utils.ExtentUtils.endReport(ExtentUtils.java:31)
at com.saucedemo.utils.ExtentUtils.endReport(ExtentUtils.java:31)
at com.saucedemo.utils.ExtentUtils.endReport(ExtentUtils.java:31)
at com.saucedemo.utils.ExtentUtils.endReport(ExtentUtils.java:31)
at com.saucedemo.utils.ExtentUtils.endReport(ExtentUtils.java:31)
at com.saucedemo.utils.ExtentUtils.endReport(ExtentUtils.java:31)
at com.saucedemo.utils.ExtentUtils.endReport(ExtentUtils.java:31)
at com.saucedemo.utils.ExtentUtils.endReport(ExtentUtils.java:31)
at com.saucedemo.utils.ExtentUtils.endReport(ExtentUtils.java:31)
at com.saucedemo.utils.ExtentUtils.endReport(ExtentUtils.java:31)
at com.saucedemo.utils.ExtentUtils.endReport(ExtentUtils.java:31)
at com.saucedemo.utils.ExtentUtils.endReport(ExtentUtils.java:31)
at com.saucedemo.utils.ExtentUtils.endReport(ExtentUtils.java:31)
at com.saucedemo.utils.ExtentUtils.endReport(ExtentUtils.java:31)
at com.saucedemo.utils.ExtentUtils.endReport(ExtentUtils.java:31)
at com.saucedemo.utils.ExtentUtils.endReport(ExtentUtils.java:31)
at com.saucedemo.utils.ExtentUtils.endReport(ExtentUtils.java:31)
at com.saucedemo.utils.ExtentUtils.endReport(ExtentUtils.java:31)
at com.saucedemo.utils.ExtentUtils.endReport(ExtentUtils.java:31)
at com.saucedemo.utils.ExtentUtils.endReport(ExtentUtils.java:31)
at com.saucedemo.utils.ExtentUtils.endReport(ExtentUtils.java:31)
at com.saucedemo.utils.ExtentUtils.endReport(ExtentUtils.java:31)
at com.saucedemo.utils.ExtentUtils.endReport(ExtentUtils.java:31)
at com.saucedemo.utils.ExtentUtils.endReport(ExtentUtils.java:31)
at com.saucedemo.utils.ExtentUtils.endReport(ExtentUtils.java:31)
at com.saucedemo.utils.ExtentUtils.endReport(ExtentUtils.java:31)
at com.saucedemo.utils.ExtentUtils.endReport(ExtentUtils.java:31)
at com.saucedemo.utils.ExtentUtils.endReport(ExtentUtils.java:31)
at com.saucedemo.utils.ExtentUtils.endReport(ExtentUtils.java:31)
at com.saucedemo.utils.ExtentUtils.endReport(ExtentUtils.java:31)
at com.saucedemo.utils.ExtentUtils.endReport(ExtentUtils.java:31)
at com.saucedemo.utils.ExtentUtils.endReport(ExtentUtils.java:31)
at com.saucedemo.utils.ExtentUtils.endReport(ExtentUtils.java:31)
at com.saucedemo.utils.ExtentUtils.endReport(ExtentUtils.java:31)
at com.saucedemo.utils.ExtentUtils.endReport(ExtentUtils.java:31)
at com.saucedemo.utils.ExtentUtils.endReport(ExtentUtils.java:31)
at com.saucedemo.utils.ExtentUtils.endReport(ExtentUtils.java:31)
at com.saucedemo.utils.ExtentUtils.endReport(ExtentUtils.java:31)
at com.saucedemo.utils.ExtentUtils.endReport(ExtentUtils.java:31)
at com.saucedemo.utils.ExtentUtils.endReport(ExtentUtils.java:31)
at com.saucedemo.utils.ExtentUtils.endReport(ExtentUtils.java:31)
at com.saucedemo.utils.ExtentUtils.endReport(ExtentUtils.java:31)
at com.saucedemo.utils.ExtentUtils.endReport(ExtentUtils.java:31)
at com.saucedemo.utils.ExtentUtils.endReport(ExtentUtils.java:31)
at com.saucedemo.utils.ExtentUtils.endReport(ExtentUtils.java:31)
at com.saucedemo.utils.ExtentUtils.endReport(ExtentUtils.java:31)
at com.saucedemo.utils.ExtentUtils.endReport(ExtentUtils.java:31)
at com.saucedemo.utils.ExtentUtils.endReport(ExtentUtils.java:31)
at com.saucedemo.utils.ExtentUtils.endReport(ExtentUtils.java:31)
at com.saucedemo.utils.ExtentUtils.endReport(ExtentUtils.java:31)
at com.saucedemo.utils.ExtentUtils.endReport(ExtentUtils.java:31)
at com.saucedemo.utils.ExtentUtils.endReport(ExtentUtils.java:31)
at com.saucedemo.utils.ExtentUtils.endReport(ExtentUtils.java:31)
at com.saucedemo.utils.ExtentUtils.endReport(ExtentUtils.java:31)
at com.saucedemo.utils.ExtentUtils.endReport(ExtentUtils.java:31)
at com.saucedemo.utils.ExtentUtils.endReport(ExtentUtils.java:31)
at com.saucedemo.utils.ExtentUtils.endReport(ExtentUtils.java:31)
at com.saucedemo.utils.ExtentUtils.endReport(ExtentUtils.java:31)
at com.saucedemo.utils.ExtentUtils.endReport(ExtentUtils.java:31)
at com.saucedemo.utils.ExtentUtils.endReport(ExtentUtils.java:31)
at com.saucedemo.utils.ExtentUtils.endReport(ExtentUtils.java:31)
at com.saucedemo.utils.ExtentUtils.endReport(ExtentUtils.java:31)
at com.saucedemo.utils.ExtentUtils.endReport(ExtentUtils.java:31)
at com.saucedemo.utils.ExtentUtils.endReport(ExtentUtils.java:31)
at com.saucedemo.utils.ExtentUtils.endReport(ExtentUtils.java:31)
at com.saucedemo.utils.ExtentUtils.endReport(ExtentUtils.java:31)
at com.saucedemo.utils.ExtentUtils.endReport(ExtentUtils.java:31)
at com.saucedemo.utils.ExtentUtils.endReport(ExtentUtils.java:31)
at com.saucedemo.utils.ExtentUtils.endReport(ExtentUtils.java:31)
at com.saucedemo.utils.ExtentUtils.endReport(ExtentUtils.java:31)
at com.saucedemo.utils.ExtentUtils.endReport(ExtentUtils.java:31)
at com.saucedemo.utils.ExtentUtils.endReport(ExtentUtils.java:31)
at com.saucedemo.utils.ExtentUtils.endReport(ExtentUtils.java:31)
at com.saucedemo.utils.ExtentUtils.endReport(ExtentUtils.java:31)
at com.saucedemo.utils.ExtentUtils.endReport(ExtentUtils.java:31)
at com.saucedemo.utils.ExtentUtils.endReport(ExtentUtils.java:31)
at com.saucedemo.utils.ExtentUtils.endReport(ExtentUtils.java:31)
at com.saucedemo.utils.ExtentUtils.endReport(ExtentUtils.java:31)
at com.saucedemo.utils.ExtentUtils.endReport(ExtentUtils.java:31)
at com.saucedemo.utils.ExtentUtils.endReport(ExtentUtils.java:31)
at com.saucedemo.utils.ExtentUtils.endReport(ExtentUtils.java:31)
at com.saucedemo.utils.ExtentUtils.endReport(ExtentUtils.java:31)
at com.saucedemo.utils.ExtentUtils.endReport(ExtentUtils.java:31)
at com.saucedemo.utils.ExtentUtils.endReport(ExtentUtils.java:31)
at com.saucedemo.utils.ExtentUtils.endReport(ExtentUtils.java:31)
at com.saucedemo.utils.ExtentUtils.endReport(ExtentUtils.java:31)
at com.saucedemo.utils.ExtentUtils.endReport(ExtentUtils.java:31)
at com.saucedemo.utils.ExtentUtils.endReport(ExtentUtils.java:31)
at com.saucedemo.utils.ExtentUtils.endReport(ExtentUtils.java:31)
at com.saucedemo.utils.ExtentUtils.endReport(ExtentUtils.java:31)
at com.saucedemo.utils.ExtentUtils.endReport(ExtentUtils.java:31)
at com.saucedemo.utils.ExtentUtils.endReport(ExtentUtils.java:31)
at com.saucedemo.utils.ExtentUtils.endReport(ExtentUtils.java:31)
at com.saucedemo.utils.ExtentUtils.endReport(ExtentUtils.java:31)
at com.saucedemo.utils.ExtentUtils.endReport(ExtentUtils.java:31)
at com.saucedemo.utils.ExtentUtils.endReport(ExtentUtils.java:31)
at com.saucedemo.utils.ExtentUtils.endReport(ExtentUtils.java:31)
at com.saucedemo.utils.ExtentUtils.endReport(ExtentUtils.java:31)
at com.saucedemo.utils.ExtentUtils.endReport(ExtentUtils.java:31)
at com.saucedemo.utils.ExtentUtils.endReport(ExtentUtils.java:31)
at com.saucedemo.utils.ExtentUtils.endReport(ExtentUtils.java:31)
at com.saucedemo.utils.ExtentUtils.endReport(ExtentUtils.java:31)
at com.saucedemo.utils.ExtentUtils.endReport(ExtentUtils.java:31)
at com.saucedemo.utils.ExtentUtils.endReport(ExtentUtils.java:31)
at com.saucedemo.utils.ExtentUtils.endReport(ExtentUtils.java:31)
at com.saucedemo.utils.ExtentUtils.endReport(ExtentUtils.java:31)
at com.saucedemo.utils.ExtentUtils.endReport(ExtentUtils.java:31)
at com.saucedemo.utils.ExtentUtils.endReport(ExtentUtils.java:31)
at com.saucedemo.utils.ExtentUtils.endReport(ExtentUtils.java:31)
at com.saucedemo.utils.ExtentUtils.endReport(ExtentUtils.java:31)
at com.saucedemo.utils.ExtentUtils.endReport(ExtentUtils.java:31)
at com.saucedemo.utils.ExtentUtils.endReport(ExtentUtils.java:31)
at com.saucedemo.utils.ExtentUtils.endReport(ExtentUtils.java:31)
at com.saucedemo.utils.ExtentUtils.endReport(ExtentUtils.java:31)
at com.saucedemo.utils.ExtentUtils.endReport(ExtentUtils.java:31)
at com.saucedemo.utils.ExtentUtils.endReport(ExtentUtils.java:31)
at com.saucedemo.utils.ExtentUtils.endReport(ExtentUtils.java:31)
at com.saucedemo.utils.ExtentUtils.endReport(ExtentUtils.java:31)
at com.saucedemo.utils.ExtentUtils.endReport(ExtentUtils.java:31)
at com.saucedemo.utils.ExtentUtils.endReport(ExtentUtils.java:31)
at com.saucedemo.utils.ExtentUtils.endReport(ExtentUtils.java:31)
at com.saucedemo.utils.ExtentUtils.endReport(ExtentUtils.java:31)
at com.saucedemo.utils.ExtentUtils.endReport(ExtentUtils.java:31)
at com.saucedemo.utils.ExtentUtils.endReport(ExtentUtils.java:31)
at com.saucedemo.utils.ExtentUtils.endReport(ExtentUtils.java:31)
at com.saucedemo.utils.ExtentUtils.endReport(ExtentUtils.java:31)
at com.saucedemo.utils.ExtentUtils.endReport(ExtentUtils.java:31)
at com.saucedemo.utils.ExtentUtils.endReport(ExtentUtils.java:31)
at com.saucedemo.utils.ExtentUtils.endReport(ExtentUtils.java:31)
at com.saucedemo.utils.ExtentUtils.endReport(ExtentUtils.java:31)
at com.saucedemo.utils.ExtentUtils.endReport(ExtentUtils.java:31)
at com.saucedemo.utils.ExtentUtils.endReport(ExtentUtils.java:31)
at com.saucedemo.utils.ExtentUtils.endReport(ExtentUtils.java:31)
at com.saucedemo.utils.ExtentUtils.endReport(ExtentUtils.java:31)
at com.saucedemo.utils.ExtentUtils.endReport(ExtentUtils.java:31)
at com.saucedemo.utils.ExtentUtils.endReport(ExtentUtils.java:31)
at com.saucedemo.utils.ExtentUtils.endReport(ExtentUtils.java:31)
at com.saucedemo.utils.ExtentUtils.endReport(ExtentUtils.java:31)
at com.saucedemo.utils.ExtentUtils.endReport(ExtentUtils.java:31)
at com.saucedemo.utils.ExtentUtils.endReport(ExtentUtils.java:31)
at com.saucedemo.utils.ExtentUtils.endReport(ExtentUtils.java:31)
at com.saucedemo.utils.ExtentUtils.endReport(ExtentUtils.java:31)
at com.saucedemo.utils.ExtentUtils.endReport(ExtentUtils.java:31)
at com.saucedemo.utils.ExtentUtils.endReport(ExtentUtils.java:31)
at com.saucedemo.utils.ExtentUtils.endReport(ExtentUtils.java:31)
at com.saucedemo.utils.ExtentUtils.endReport(ExtentUtils.java:31)
at com.saucedemo.utils.ExtentUtils.endReport(ExtentUtils.java:31)
at com.saucedemo.utils.ExtentUtils.endReport(ExtentUtils.java:31)
at com.saucedemo.utils.ExtentUtils.endReport(ExtentUtils.java:31)
at com.saucedemo.utils.ExtentUtils.endReport(ExtentUtils.java:31)
at com.saucedemo.utils.ExtentUtils.endReport(ExtentUtils.java:31)
at com.saucedemo.utils.ExtentUtils.endReport(ExtentUtils.java:31)
at com.saucedemo.utils.ExtentUtils.endReport(ExtentUtils.java:31)
at com.saucedemo.utils.ExtentUtils.endReport(ExtentUtils.java:31)
at com.saucedemo.utils.ExtentUtils.endReport(ExtentUtils.java:31)
at com.saucedemo.utils.ExtentUtils.endReport(ExtentUtils.java:31)
at com.saucedemo.utils.ExtentUtils.endReport(ExtentUtils.java:31)
at com.saucedemo.utils.ExtentUtils.endReport(ExtentUtils.java:31)
at com.saucedemo.utils.ExtentUtils.endReport(ExtentUtils.java:31)
at com.saucedemo.utils.ExtentUtils.endReport(ExtentUtils.java:31)
at com.saucedemo.utils.ExtentUtils.endReport(ExtentUtils.java:31)
at com.saucedemo.utils.ExtentUtils.endReport(ExtentUtils.java:31)
at com.saucedemo.utils.ExtentUtils.endReport(ExtentUtils.java:31)
at com.saucedemo.utils.ExtentUtils.endReport(ExtentUtils.java:31)
at com.saucedemo.utils.ExtentUtils.endReport(ExtentUtils.java:31)
at com.saucedemo.utils.ExtentUtils.endReport(ExtentUtils.java:31)
at com.saucedemo.utils.ExtentUtils.endReport(ExtentUtils.java:31)
at com.saucedemo.utils.ExtentUtils.endReport(ExtentUtils.java:31)
at com.saucedemo.utils.ExtentUtils.endReport(ExtentUtils.java:31)
at com.saucedemo.utils.ExtentUtils.endReport(ExtentUtils.java:31)
at com.saucedemo.utils.ExtentUtils.endReport(ExtentUtils.java:31)
at com.saucedemo.utils.ExtentUtils.endReport(ExtentUtils.java:31)
at com.saucedemo.utils.ExtentUtils.endReport(ExtentUtils.java:31)
at com.saucedemo.utils.ExtentUtils.endReport(ExtentUtils.java:31)
at com.saucedemo.utils.ExtentUtils.endReport(ExtentUtils.java:31)
at com.saucedemo.utils.ExtentUtils.endReport(ExtentUtils.java:31)
at com.saucedemo.utils.ExtentUtils.endReport(ExtentUtils.java:31)
at com.saucedemo.utils.ExtentUtils.endReport(ExtentUtils.java:31)
at com.saucedemo.utils.ExtentUtils.endReport(ExtentUtils.java:31)
at com.saucedemo.utils.ExtentUtils.endReport(ExtentUtils.java:31)
at com.saucedemo.utils.ExtentUtils.endReport(ExtentUtils.java:31)
at com.saucedemo.utils.ExtentUtils.endReport(ExtentUtils.java:31)
at com.saucedemo.utils.ExtentUtils.endReport(ExtentUtils.java:31)
at com.saucedemo.utils.ExtentUtils.endReport(ExtentUtils.java:31)
at com.saucedemo.utils.ExtentUtils.endReport(ExtentUtils.java:31)
at com.saucedemo.utils.ExtentUtils.endReport(ExtentUtils.java:31)
at com.saucedemo.utils.ExtentUtils.endReport(ExtentUtils.java:31)
at com.saucedemo.utils.ExtentUtils.endReport(ExtentUtils.java:31)
at com.saucedemo.utils.ExtentUtils.endReport(ExtentUtils.java:31)
at com.saucedemo.utils.ExtentUtils.endReport(ExtentUtils.java:31)
at com.saucedemo.utils.ExtentUtils.endReport(ExtentUtils.java:31)
at com.saucedemo.utils.ExtentUtils.endReport(ExtentUtils.java:31)
at com.saucedemo.utils.ExtentUtils.endReport(ExtentUtils.java:31)
at com.saucedemo.utils.ExtentUtils.endReport(ExtentUtils.java:31)
at com.saucedemo.utils.ExtentUtils.endReport(ExtentUtils.java:31)
at com.saucedemo.utils.ExtentUtils.endReport(ExtentUtils.java:31)
at com.saucedemo.utils.ExtentUtils.endReport(ExtentUtils.java:31)
at com.saucedemo.utils.ExtentUtils.endReport(ExtentUtils.java:31)
at com.saucedemo.utils.ExtentUtils.endReport(ExtentUtils.java:31)
at com.saucedemo.utils.ExtentUtils.endReport(ExtentUtils.java:31)
at com.saucedemo.utils.ExtentUtils.endReport(ExtentUtils.java:31)
at com.saucedemo.utils.ExtentUtils.endReport(ExtentUtils.java:31)
at com.saucedemo.utils.ExtentUtils.endReport(ExtentUtils.java:31)
at com.saucedemo.utils.ExtentUtils.endReport(ExtentUtils.java:31)
at com.saucedemo.utils.ExtentUtils.endReport(ExtentUtils.java:31)
at com.saucedemo.utils.ExtentUtils.endReport(ExtentUtils.java:31)
at com.saucedemo.utils.ExtentUtils.endReport(ExtentUtils.java:31)
at com.saucedemo.utils.ExtentUtils.endReport(ExtentUtils.java:31)
at com.saucedemo.utils.ExtentUtils.endReport(ExtentUtils.java:31)
at com.saucedemo.utils.ExtentUtils.endReport(ExtentUtils.java:31)
at com.saucedemo.utils.ExtentUtils.endReport(ExtentUtils.java:31)
at com.saucedemo.utils.ExtentUtils.endReport(ExtentUtils.java:31)
at com.saucedemo.utils.ExtentUtils.endReport(ExtentUtils.java:31)
at com.saucedemo.utils.ExtentUtils.endReport(ExtentUtils.java:31)
at com.saucedemo.utils.ExtentUtils.endReport(ExtentUtils.java:31)
at com.saucedemo.utils.ExtentUtils.endReport(ExtentUtils.java:31)
at com.saucedemo.utils.ExtentUtils.endReport(ExtentUtils.java:31)
at com.saucedemo.utils.ExtentUtils.endReport(ExtentUtils.java:31)
at com.saucedemo.utils.ExtentUtils.endReport(ExtentUtils.java:31)
at com.saucedemo.utils.ExtentUtils.endReport(ExtentUtils.java:31)
at com.saucedemo.utils.ExtentUtils.endReport(ExtentUtils.java:31)
at com.saucedemo.utils.ExtentUtils.endReport(ExtentUtils.java:31)
at com.saucedemo.utils.ExtentUtils.endReport(ExtentUtils.java:31)
at com.saucedemo.utils.ExtentUtils.endReport(ExtentUtils.java:31)
at com.saucedemo.utils.ExtentUtils.endReport(ExtentUtils.java:31)
at com.saucedemo.utils.ExtentUtils.endReport(ExtentUtils.java:31)
at com.saucedemo.utils.ExtentUtils.endReport(ExtentUtils.java:31)
at com.saucedemo.utils.ExtentUtils.endReport(ExtentUtils.java:31)
at com.saucedemo.utils.ExtentUtils.endReport(ExtentUtils.java:31)
at com.saucedemo.utils.ExtentUtils.endReport(ExtentUtils.java:31)
at com.saucedemo.utils.ExtentUtils.endReport(ExtentUtils.java:31)
at com.saucedemo.utils.ExtentUtils.endReport(ExtentUtils.java:31)
at com.saucedemo.utils.ExtentUtils.endReport(ExtentUtils.java:31)
at com.saucedemo.utils.ExtentUtils.endReport(ExtentUtils.java:31)
at com.saucedemo.utils.ExtentUtils.endReport(ExtentUtils.java:31)
at com.saucedemo.utils.ExtentUtils.endReport(ExtentUtils.java:31)
at com.saucedemo.utils.ExtentUtils.endReport(ExtentUtils.java:31)
at com.saucedemo.utils.ExtentUtils.endReport(ExtentUtils.java:31)
at com.saucedemo.utils.ExtentUtils.endReport(ExtentUtils.java:31)
at com.saucedemo.utils.ExtentUtils.endReport(ExtentUtils.java:31)
at com.saucedemo.utils.ExtentUtils.endReport(ExtentUtils.java:31)
at com.saucedemo.utils.ExtentUtils.endReport(ExtentUtils.java:31)
at com.saucedemo.utils.ExtentUtils.endReport(ExtentUtils.java:31)
at com.saucedemo.utils.ExtentUtils.endReport(ExtentUtils.java:31)
at com.saucedemo.utils.ExtentUtils.endReport(ExtentUtils.java:31)
at com.saucedemo.utils.ExtentUtils.endReport(ExtentUtils.java:31)
at com.saucedemo.utils.ExtentUtils.endReport(ExtentUtils.java:31)
at com.saucedemo.utils.ExtentUtils.endReport(ExtentUtils.java:31)
at com.saucedemo.utils.ExtentUtils.endReport(ExtentUtils.java:31)
at com.saucedemo.utils.ExtentUtils.endReport(ExtentUtils.java:31)
at com.saucedemo.utils.ExtentUtils.endReport(ExtentUtils.java:31)
at com.saucedemo.utils.ExtentUtils.endReport(ExtentUtils.java:31)
at com.saucedemo.utils.ExtentUtils.endReport(ExtentUtils.java:31)
at com.saucedemo.utils.ExtentUtils.endReport(ExtentUtils.java:31)
at com.saucedemo.utils.ExtentUtils.endReport(ExtentUtils.java:31)
at com.saucedemo.utils.ExtentUtils.endReport(ExtentUtils.java:31)
at com.saucedemo.utils.ExtentUtils.endReport(ExtentUtils.java:31)
at com.saucedemo.utils.ExtentUtils.endReport(ExtentUtils.java:31)
at com.saucedemo.utils.ExtentUtils.endReport(ExtentUtils.java:31)
at com.saucedemo.utils.ExtentUtils.endReport(ExtentUtils.java:31)
at com.saucedemo.utils.ExtentUtils.endReport(ExtentUtils.java:31)
at com.saucedemo.utils.ExtentUtils.endReport(ExtentUtils.java:31)
at com.saucedemo.utils.ExtentUtils.endReport(ExtentUtils.java:31)
at com.saucedemo.utils.ExtentUtils.endReport(ExtentUtils.java:31)
at com.saucedemo.utils.ExtentUtils.endReport(ExtentUtils.java:31)
at com.saucedemo.utils.ExtentUtils.endReport(ExtentUtils.java:31)
at com.saucedemo.utils.ExtentUtils.endReport(ExtentUtils.java:31)
at com.saucedemo.utils.ExtentUtils.endReport(ExtentUtils.java:31)
at com.saucedemo.utils.ExtentUtils.endReport(ExtentUtils.java:31)
at com.saucedemo.utils.ExtentUtils.endReport(ExtentUtils.java:31)
at com.saucedemo.utils.ExtentUtils.endReport(ExtentUtils.java:31)
at com.saucedemo.utils.ExtentUtils.endReport(ExtentUtils.java:31)
at com.saucedemo.utils.ExtentUtils.endReport(ExtentUtils.java:31)
at com.saucedemo.utils.ExtentUtils.endReport(ExtentUtils.java:31)
at com.saucedemo.utils.ExtentUtils.endReport(ExtentUtils.java:31)
at com.saucedemo.utils.ExtentUtils.endReport(ExtentUtils.java:31)
at com.saucedemo.utils.ExtentUtils.endReport(ExtentUtils.java:31)
at com.saucedemo.utils.ExtentUtils.endReport(ExtentUtils.java:31)
at com.saucedemo.utils.ExtentUtils.endReport(ExtentUtils.java:31)
at com.saucedemo.utils.ExtentUtils.endReport(ExtentUtils.java:31)
at com.saucedemo.utils.ExtentUtils.endReport(ExtentUtils.java:31)
at com.saucedemo.utils.ExtentUtils.endReport(ExtentUtils.java:31)
at com.saucedemo.utils.ExtentUtils.endReport(ExtentUtils.java:31)
at com.saucedemo.utils.ExtentUtils.endReport(ExtentUtils.java:31)
at com.saucedemo.utils.ExtentUtils.endReport(ExtentUtils.java:31)
at com.saucedemo.utils.ExtentUtils.endReport(ExtentUtils.java:31)
at com.saucedemo.utils.ExtentUtils.endReport(ExtentUtils.java:31)
at com.saucedemo.utils.ExtentUtils.endReport(ExtentUtils.java:31)
at com.saucedemo.utils.ExtentUtils.endReport(ExtentUtils.java:31)
at com.saucedemo.utils.ExtentUtils.endReport(ExtentUtils.java:31)
at com.saucedemo.utils.ExtentUtils.endReport(ExtentUtils.java:31)
at com.saucedemo.utils.ExtentUtils.endReport(ExtentUtils.java:31)
at com.saucedemo.utils.ExtentUtils.endReport(ExtentUtils.java:31)
at com.saucedemo.utils.ExtentUtils.endReport(ExtentUtils.java:31)
at com.saucedemo.utils.ExtentUtils.endReport(ExtentUtils.java:31)
at com.saucedemo.utils.ExtentUtils.endReport(ExtentUtils.java:31)
at com.saucedemo.utils.ExtentUtils.endReport(ExtentUtils.java:31)
at com.saucedemo.utils.ExtentUtils.endReport(ExtentUtils.java:31)
at com.saucedemo.utils.ExtentUtils.endReport(ExtentUtils.java:31)
at com.saucedemo.utils.ExtentUtils.endReport(ExtentUtils.java:31)
at com.saucedemo.utils.ExtentUtils.endReport(ExtentUtils.java:31)
at com.saucedemo.utils.ExtentUtils.endReport(ExtentUtils.java:31)
at com.saucedemo.utils.ExtentUtils.endReport(ExtentUtils.java:31)
at com.saucedemo.utils.ExtentUtils.endReport(ExtentUtils.java:31)
at com.saucedemo.utils.ExtentUtils.endReport(ExtentUtils.java:31)
at com.saucedemo.utils.ExtentUtils.endReport(ExtentUtils.java:31)
at com.saucedemo.utils.ExtentUtils.endReport(ExtentUtils.java:31)
at com.saucedemo.utils.ExtentUtils.endReport(ExtentUtils.java:31)
at com.saucedemo.utils.ExtentUtils.endReport(ExtentUtils.java:31)
at com.saucedemo.utils.ExtentUtils.endReport(ExtentUtils.java:31)
at com.saucedemo.utils.ExtentUtils.endReport(ExtentUtils.java:31)
at com.saucedemo.utils.ExtentUtils.endReport(ExtentUtils.java:31)
at com.saucedemo.utils.ExtentUtils.endReport(ExtentUtils.java:31)
at com.saucedemo.utils.ExtentUtils.endReport(ExtentUtils.java:31)
at com.saucedemo.utils.ExtentUtils.endReport(ExtentUtils.java:31)
at com.saucedemo.utils.ExtentUtils.endReport(ExtentUtils.java:31)
at com.saucedemo.utils.ExtentUtils.endReport(ExtentUtils.java:31)
at com.saucedemo.utils.ExtentUtils.endReport(ExtentUtils.java:31)
at com.saucedemo.utils.ExtentUtils.endReport(ExtentUtils.java:31)
at com.saucedemo.utils.ExtentUtils.endReport(ExtentUtils.java:31)
at com.saucedemo.utils.ExtentUtils.endReport(ExtentUtils.java:31)
at com.saucedemo.utils.ExtentUtils.endReport(ExtentUtils.java:31)
at com.saucedemo.utils.ExtentUtils.endReport(ExtentUtils.java:31)
at com.saucedemo.utils.ExtentUtils.endReport(ExtentUtils.java:31)
at com.saucedemo.utils.ExtentUtils.endReport(ExtentUtils.java:31)
at com.saucedemo.utils.ExtentUtils.endReport(ExtentUtils.java:31)
at com.saucedemo.utils.ExtentUtils.endReport(ExtentUtils.java:31)
at com.saucedemo.utils.ExtentUtils.endReport(ExtentUtils.java:31)
at com.saucedemo.utils.ExtentUtils.endReport(ExtentUtils.java:31)
at com.saucedemo.utils.ExtentUtils.endReport(ExtentUtils.java:31)
at com.saucedemo.utils.ExtentUtils.endReport(ExtentUtils.java:31)
at com.saucedemo.utils.ExtentUtils.endReport(ExtentUtils.java:31)
at com.saucedemo.utils.ExtentUtils.endReport(ExtentUtils.java:31)
at com.saucedemo.utils.ExtentUtils.endReport(ExtentUtils.java:31)
at com.saucedemo.utils.ExtentUtils.endReport(ExtentUtils.java:31)
at com.saucedemo.utils.ExtentUtils.endReport(ExtentUtils.java:31)
at com.saucedemo.utils.ExtentUtils.endReport(ExtentUtils.java:31)
at com.saucedemo.utils.ExtentUtils.endReport(ExtentUtils.java:31)
at com.saucedemo.utils.ExtentUtils.endReport(ExtentUtils.java:31)
at com.saucedemo.utils.ExtentUtils.endReport(ExtentUtils.java:31)
at com.saucedemo.utils.ExtentUtils.endReport(ExtentUtils.java:31)
at com.saucedemo.utils.ExtentUtils.endReport(ExtentUtils.java:31)
at com.saucedemo.utils.ExtentUtils.endReport(ExtentUtils.java:31)
at com.saucedemo.utils.ExtentUtils.endReport(ExtentUtils.java:31)
at com.saucedemo.utils.ExtentUtils.endReport(ExtentUtils.java:31)
at com.saucedemo.utils.ExtentUtils.endReport(ExtentUtils.java:31)
at com.saucedemo.utils.ExtentUtils.endReport(ExtentUtils.java:31)
at com.saucedemo.utils.ExtentUtils.endReport(ExtentUtils.java:31)
at com.saucedemo.utils.ExtentUtils.endReport(ExtentUtils.java:31)
at com.saucedemo.utils.ExtentUtils.endReport(ExtentUtils.java:31)
at com.saucedemo.utils.ExtentUtils.endReport(ExtentUtils.java:31)
at com.saucedemo.utils.ExtentUtils.endReport(ExtentUtils.java:31)
at com.saucedemo.utils.ExtentUtils.endReport(ExtentUtils.java:31)
at com.saucedemo.utils.ExtentUtils.endReport(ExtentUtils.java:31)
at com.saucedemo.utils.ExtentUtils.endReport(ExtentUtils.java:31)
at com.saucedemo.utils.ExtentUtils.endReport(ExtentUtils.java:31)
at com.saucedemo.utils.ExtentUtils.endReport(ExtentUtils.java:31)
at com.saucedemo.utils.ExtentUtils.endReport(ExtentUtils.java:31)
at com.saucedemo.utils.ExtentUtils.endReport(ExtentUtils.java:31)
at com.saucedemo.utils.ExtentUtils.endReport(ExtentUtils.java:31)
at com.saucedemo.utils.ExtentUtils.endReport(ExtentUtils.java:31)
at com.saucedemo.utils.ExtentUtils.endReport(ExtentUtils.java:31)
at com.saucedemo.utils.ExtentUtils.endReport(ExtentUtils.java:31)
at com.saucedemo.utils.ExtentUtils.endReport(ExtentUtils.java:31)
at com.saucedemo.utils.ExtentUtils.endReport(ExtentUtils.java:31)
at com.saucedemo.utils.ExtentUtils.endReport(ExtentUtils.java:31)
at com.saucedemo.utils.ExtentUtils.endReport(ExtentUtils.java:31)
at com.saucedemo.utils.ExtentUtils.endReport(ExtentUtils.java:31)
at com.saucedemo.utils.ExtentUtils.endReport(ExtentUtils.java:31)
at com.saucedemo.utils.ExtentUtils.endReport(ExtentUtils.java:31)
at com.saucedemo.utils.ExtentUtils.endReport(ExtentUtils.java:31)
at com.saucedemo.utils.ExtentUtils.endReport(ExtentUtils.java:31)
at com.saucedemo.utils.ExtentUtils.endReport(ExtentUtils.java:31)
at com.saucedemo.utils.ExtentUtils.endReport(ExtentUtils.java:31)
at com.saucedemo.utils.ExtentUtils.endReport(ExtentUtils.java:31)
at com.saucedemo.utils.ExtentUtils.endReport(ExtentUtils.java:31)
at com.saucedemo.utils.ExtentUtils.endReport(ExtentUtils.java:31)
at com.saucedemo.utils.ExtentUtils.endReport(ExtentUtils.java:31)
at com.saucedemo.utils.ExtentUtils.endReport(ExtentUtils.java:31)
at com.saucedemo.utils.ExtentUtils.endReport(ExtentUtils.java:31)
at com.saucedemo.utils.ExtentUtils.endReport(ExtentUtils.java:31)
at com.saucedemo.utils.ExtentUtils.endReport(ExtentUtils.java:31)
at com.saucedemo.utils.ExtentUtils.endReport(ExtentUtils.java:31)
at com.saucedemo.utils.ExtentUtils.endReport(ExtentUtils.java:31)
at com.saucedemo.utils.ExtentUtils.endReport(ExtentUtils.java:31)
at com.saucedemo.utils.ExtentUtils.endReport(ExtentUtils.java:31)
at com.saucedemo.utils.ExtentUtils.endReport(ExtentUtils.java:31)
at com.saucedemo.utils.ExtentUtils.endReport(ExtentUtils.java:31)
at com.saucedemo.utils.ExtentUtils.endReport(ExtentUtils.java:31)
at com.saucedemo.utils.ExtentUtils.endReport(ExtentUtils.java:31)
at com.saucedemo.utils.ExtentUtils.endReport(ExtentUtils.java:31)
at com.saucedemo.utils.ExtentUtils.endReport(ExtentUtils.java:31)
at com.saucedemo.utils.ExtentUtils.endReport(ExtentUtils.java:31)
at com.saucedemo.utils.ExtentUtils.endReport(ExtentUtils.java:31)
at com.saucedemo.utils.ExtentUtils.endReport(ExtentUtils.java:31)
at com.saucedemo.utils.ExtentUtils.endReport(ExtentUtils.java:31)
at com.saucedemo.utils.ExtentUtils.endReport(ExtentUtils.java:31)
at com.saucedemo.utils.ExtentUtils.endReport(ExtentUtils.java:31)
at com.saucedemo.utils.ExtentUtils.endReport(ExtentUtils.java:31)
at com.saucedemo.utils.ExtentUtils.endReport(ExtentUtils.java:31)
at com.saucedemo.utils.ExtentUtils.endReport(ExtentUtils.java:31)
at com.saucedemo.utils.ExtentUtils.endReport(ExtentUtils.java:31)
at com.saucedemo.utils.ExtentUtils.endReport(ExtentUtils.java:31)
at com.saucedemo.utils.ExtentUtils.endReport(ExtentUtils.java:31)
at com.saucedemo.utils.ExtentUtils.endReport(ExtentUtils.java:31)
at com.saucedemo.utils.ExtentUtils.endReport(ExtentUtils.java:31)
at com.saucedemo.utils.ExtentUtils.endReport(ExtentUtils.java:31)
at com.saucedemo.utils.ExtentUtils.endReport(ExtentUtils.java:31)
at com.saucedemo.utils.ExtentUtils.endReport(ExtentUtils.java:31)
at com.saucedemo.utils.ExtentUtils.endReport(ExtentUtils.java:31)
at com.saucedemo.utils.ExtentUtils.endReport(ExtentUtils.java:31)
at com.saucedemo.utils.ExtentUtils.endReport(ExtentUtils.java:31)
at com.saucedemo.utils.ExtentUtils.endReport(ExtentUtils.java:31)
at com.saucedemo.utils.ExtentUtils.endReport(ExtentUtils.java:31)
at com.saucedemo.utils.ExtentUtils.endReport(ExtentUtils.java:31)
at com.saucedemo.utils.ExtentUtils.endReport(ExtentUtils.java:31)
at com.saucedemo.utils.ExtentUtils.endReport(ExtentUtils.java:31)
at com.saucedemo.utils.ExtentUtils.endReport(ExtentUtils.java:31)
at com.saucedemo.utils.ExtentUtils.endReport(ExtentUtils.java:31)
at com.saucedemo.utils.ExtentUtils.endReport(ExtentUtils.java:31)
at com.saucedemo.utils.ExtentUtils.endReport(ExtentUtils.java:31)
at com.saucedemo.utils.ExtentUtils.endReport(ExtentUtils.java:31)
at com.saucedemo.utils.ExtentUtils.endReport(ExtentUtils.java:31)
at com.saucedemo.utils.ExtentUtils.endReport(ExtentUtils.java:31)
at com.saucedemo.utils.ExtentUtils.endReport(ExtentUtils.java:31)
at com.saucedemo.utils.ExtentUtils.endReport(ExtentUtils.java:31)
at com.saucedemo.utils.ExtentUtils.endReport(ExtentUtils.java:31)
at com.saucedemo.utils.ExtentUtils.endReport(ExtentUtils.java:31)
at com.saucedemo.utils.ExtentUtils.endReport(ExtentUtils.java:31)
at com.saucedemo.utils.ExtentUtils.endReport(ExtentUtils.java:31)
at com.saucedemo.utils.ExtentUtils.endReport(ExtentUtils.java:31)
at com.saucedemo.utils.ExtentUtils.endReport(ExtentUtils.java:31)
at com.saucedemo.utils.ExtentUtils.endReport(ExtentUtils.java:31)
at com.saucedemo.utils.ExtentUtils.endReport(ExtentUtils.java:31)
at com.saucedemo.utils.ExtentUtils.endReport(ExtentUtils.java:31)
at com.saucedemo.utils.ExtentUtils.endReport(ExtentUtils.java:31)
at com.saucedemo.utils.ExtentUtils.endReport(ExtentUtils.java:31)
at com.saucedemo.utils.ExtentUtils.endReport(ExtentUtils.java:31)
at com.saucedemo.utils.ExtentUtils.endReport(ExtentUtils.java:31)
at com.saucedemo.utils.ExtentUtils.endReport(ExtentUtils.java:31)
at com.saucedemo.utils.ExtentUtils.endReport(ExtentUtils.java:31)
at com.saucedemo.utils.ExtentUtils.endReport(ExtentUtils.java:31)
at com.saucedemo.utils.ExtentUtils.endReport(ExtentUtils.java:31)
at com.saucedemo.utils.ExtentUtils.endReport(ExtentUtils.java:31)
at com.saucedemo.utils.ExtentUtils.endReport(ExtentUtils.java:31)
at com.saucedemo.utils.ExtentUtils.endReport(ExtentUtils.java:31)
at com.saucedemo.utils.ExtentUtils.endReport(ExtentUtils.java:31)
at com.saucedemo.utils.ExtentUtils.endReport(ExtentUtils.java:31)
at com.saucedemo.utils.ExtentUtils.endReport(ExtentUtils.java:31)
at com.saucedemo.utils.ExtentUtils.endReport(ExtentUtils.java:31)
at com.saucedemo.utils.ExtentUtils.endReport(ExtentUtils.java:31)
at com.saucedemo.utils.ExtentUtils.endReport(ExtentUtils.java:31)
at com.saucedemo.utils.ExtentUtils.endReport(ExtentUtils.java:31)
at com.saucedemo.utils.ExtentUtils.endReport(ExtentUtils.java:31)
at com.saucedemo.utils.ExtentUtils.endReport(ExtentUtils.java:31)
at com.saucedemo.utils.ExtentUtils.endReport(ExtentUtils.java:31)
at com.saucedemo.utils.ExtentUtils.endReport(ExtentUtils.java:31)
at com.saucedemo.utils.ExtentUtils.endReport(ExtentUtils.java:31)
at com.saucedemo.utils.ExtentUtils.endReport(ExtentUtils.java:31)
at com.saucedemo.utils.ExtentUtils.endReport(ExtentUtils.java:31)
at com.saucedemo.utils.ExtentUtils.endReport(ExtentUtils.java:31)
at com.saucedemo.utils.ExtentUtils.endReport(ExtentUtils.java:31)
at com.saucedemo.utils.ExtentUtils.endReport(ExtentUtils.java:31)
at com.saucedemo.utils.ExtentUtils.endReport(ExtentUtils.java:31)
at com.saucedemo.utils.ExtentUtils.endReport(ExtentUtils.java:31)
at com.saucedemo.utils.ExtentUtils.endReport(ExtentUtils.java:31)
at com.saucedemo.utils.ExtentUtils.endReport(ExtentUtils.java:31)
at com.saucedemo.utils.ExtentUtils.endReport(ExtentUtils.java:31)
at com.saucedemo.utils.ExtentUtils.endReport(ExtentUtils.java:31)
at com.saucedemo.utils.ExtentUtils.endReport(ExtentUtils.java:31)
at com.saucedemo.utils.ExtentUtils.endReport(ExtentUtils.java:31)
at com.saucedemo.utils.ExtentUtils.endReport(ExtentUtils.java:31)
at com.saucedemo.utils.ExtentUtils.endReport(ExtentUtils.java:31)
at com.saucedemo.utils.ExtentUtils.endReport(ExtentUtils.java:31)
at com.saucedemo.utils.ExtentUtils.endReport(ExtentUtils.java:31)
at com.saucedemo.utils.ExtentUtils.endReport(ExtentUtils.java:31)
at com.saucedemo.utils.ExtentUtils.endReport(ExtentUtils.java:31)
at com.saucedemo.utils.ExtentUtils.endReport(ExtentUtils.java:31)
at com.saucedemo.utils.ExtentUtils.endReport(ExtentUtils.java:31)
at com.saucedemo.utils.ExtentUtils.endReport(ExtentUtils.java:31)
at com.saucedemo.utils.ExtentUtils.endReport(ExtentUtils.java:31)
at com.saucedemo.utils.ExtentUtils.endReport(ExtentUtils.java:31)
at com.saucedemo.utils.ExtentUtils.endReport(ExtentUtils.java:31)
at com.saucedemo.utils.ExtentUtils.endReport(ExtentUtils.java:31)
at com.saucedemo.utils.ExtentUtils.endReport(ExtentUtils.java:31)
at com.saucedemo.utils.ExtentUtils.endReport(ExtentUtils.java:31)
at com.saucedemo.utils.ExtentUtils.endReport(ExtentUtils.java:31)
at com.saucedemo.utils.ExtentUtils.endReport(ExtentUtils.java:31)
at com.saucedemo.utils.ExtentUtils.endReport(ExtentUtils.java:31)
at com.saucedemo.utils.ExtentUtils.endReport(ExtentUtils.java:31)
at com.saucedemo.utils.ExtentUtils.endReport(ExtentUtils.java:31)
at com.saucedemo.utils.ExtentUtils.endReport(ExtentUtils.java:31)
at com.saucedemo.utils.ExtentUtils.endReport(ExtentUtils.java:31)
at com.saucedemo.utils.ExtentUtils.endReport(ExtentUtils.java:31)
at com.saucedemo.utils.ExtentUtils.endReport(ExtentUtils.java:31)
at com.saucedemo.utils.ExtentUtils.endReport(ExtentUtils.java:31)
at com.saucedemo.utils.ExtentUtils.endReport(ExtentUtils.java:31)
at com.saucedemo.utils.ExtentUtils.endReport(ExtentUtils.java:31)
at com.saucedemo.utils.ExtentUtils.endReport(ExtentUtils.java:31)
at com.saucedemo.utils.ExtentUtils.endReport(ExtentUtils.java:31)
at com.saucedemo.utils.ExtentUtils.endReport(ExtentUtils.java:31)
at com.saucedemo.utils.ExtentUtils.endReport(ExtentUtils.java:31)
at com.saucedemo.utils.ExtentUtils.endReport(ExtentUtils.java:31)
at com.saucedemo.utils.ExtentUtils.endReport(ExtentUtils.java:31)
at com.saucedemo.utils.ExtentUtils.endReport(ExtentUtils.java:31)
at com.saucedemo.utils.ExtentUtils.endReport(ExtentUtils.java:31)
at com.saucedemo.utils.ExtentUtils.endReport(ExtentUtils.java:31)
at com.saucedemo.utils.ExtentUtils.endReport(ExtentUtils.java:31)
at com.saucedemo.utils.ExtentUtils.endReport(ExtentUtils.java:31)
at com.saucedemo.utils.ExtentUtils.endReport(ExtentUtils.java:31)
at com.saucedemo.utils.ExtentUtils.endReport(ExtentUtils.java:31)
at com.saucedemo.utils.ExtentUtils.endReport(ExtentUtils.java:31)
at com.saucedemo.utils.ExtentUtils.endReport(ExtentUtils.java:31)
at com.saucedemo.utils.ExtentUtils.endReport(ExtentUtils.java:31)
at com.saucedemo.utils.ExtentUtils.endReport(ExtentUtils.java:31)
at com.saucedemo.utils.ExtentUtils.endReport(ExtentUtils.java:31)
at com.saucedemo.utils.ExtentUtils.endReport(ExtentUtils.java:31)
at com.saucedemo.utils.ExtentUtils.endReport(ExtentUtils.java:31)
at com.saucedemo.utils.ExtentUtils.endReport(ExtentUtils.java:31)
at com.saucedemo.utils.ExtentUtils.endReport(ExtentUtils.java:31)
at com.saucedemo.utils.ExtentUtils.endReport(ExtentUtils.java:31)
at com.saucedemo.utils.ExtentUtils.endReport(ExtentUtils.java:31)
at com.saucedemo.utils.ExtentUtils.endReport(ExtentUtils.java:31)
at com.saucedemo.utils.ExtentUtils.endReport(ExtentUtils.java:31)
at com.saucedemo.utils.ExtentUtils.endReport(ExtentUtils.java:31)
at com.saucedemo.utils.ExtentUtils.endReport(ExtentUtils.java:31)
at com.saucedemo.utils.ExtentUtils.endReport(ExtentUtils.java:31)
at com.saucedemo.utils.ExtentUtils.endReport(ExtentUtils.java:31)
at com.saucedemo.utils.ExtentUtils.endReport(ExtentUtils.java:31)
at com.saucedemo.utils.ExtentUtils.endReport(ExtentUtils.java:31)
at com.saucedemo.utils.ExtentUtils.endReport(ExtentUtils.java:31)
at com.saucedemo.utils.ExtentUtils.endReport(ExtentUtils.java:31)
at com.saucedemo.utils.ExtentUtils.endReport(ExtentUtils.java:31)
at com.saucedemo.utils.ExtentUtils.endReport(ExtentUtils.java:31)
at com.saucedemo.utils.ExtentUtils.endReport(ExtentUtils.java:31)
at com.saucedemo.utils.ExtentUtils.endReport(ExtentUtils.java:31)
at com.saucedemo.utils.ExtentUtils.endReport(ExtentUtils.java:31)
at com.saucedemo.utils.ExtentUtils.endReport(ExtentUtils.java:31)
at com.saucedemo.utils.ExtentUtils.endReport(ExtentUtils.java:31)
at com.saucedemo.utils.ExtentUtils.endReport(ExtentUtils.java:31)
at com.saucedemo.utils.ExtentUtils.endReport(ExtentUtils.java:31)
at com.saucedemo.utils.ExtentUtils.endReport(ExtentUtils.java:31)
at com.saucedemo.utils.ExtentUtils.endReport(ExtentUtils.java:31)
at com.saucedemo.utils.ExtentUtils.endReport(ExtentUtils.java:31)
at com.saucedemo.utils.ExtentUtils.endReport(ExtentUtils.java:31)
at com.saucedemo.utils.ExtentUtils.endReport(ExtentUtils.java:31)
at com.saucedemo.utils.ExtentUtils.endReport(ExtentUtils.java:31)
at com.saucedemo.utils.ExtentUtils.endReport(ExtentUtils.java:31)
at com.saucedemo.utils.ExtentUtils.endReport(ExtentUtils.java:31)
at com.saucedemo.utils.ExtentUtils.endReport(ExtentUtils.java:31)
at com.saucedemo.utils.ExtentUtils.endReport(ExtentUtils.java:31)
at com.saucedemo.utils.ExtentUtils.endReport(ExtentUtils.java:31)
at com.saucedemo.utils.ExtentUtils.endReport(ExtentUtils.java:31)
at com.saucedemo.utils.ExtentUtils.endReport(ExtentUtils.java:31)
at com.saucedemo.utils.ExtentUtils.endReport(ExtentUtils.java:31)
at com.saucedemo.utils.ExtentUtils.endReport(ExtentUtils.java:31)
at com.saucedemo.utils.ExtentUtils.endReport(ExtentUtils.java:31)
at com.saucedemo.utils.ExtentUtils.endReport(ExtentUtils.java:31)
at com.saucedemo.utils.ExtentUtils.endReport(ExtentUtils.java:31)
at com.saucedemo.utils.ExtentUtils.endReport(ExtentUtils.java:31)
at com.saucedemo.utils.ExtentUtils.endReport(ExtentUtils.java:31)
at com.saucedemo.utils.ExtentUtils.endReport(ExtentUtils.java:31)
at com.saucedemo.utils.ExtentUtils.endReport(ExtentUtils.java:31)
at com.saucedemo.utils.ExtentUtils.endReport(ExtentUtils.java:31)
at com.saucedemo.utils.ExtentUtils.endReport(ExtentUtils.java:31)
at com.saucedemo.utils.ExtentUtils.endReport(ExtentUtils.java:31)
at com.saucedemo.utils.ExtentUtils.endReport(ExtentUtils.java:31)
at com.saucedemo.utils.ExtentUtils.endReport(ExtentUtils.java:31)
at com.saucedemo.utils.ExtentUtils.endReport(ExtentUtils.java:31)
at com.saucedemo.utils.ExtentUtils.endReport(ExtentUtils.java:31)
at com.saucedemo.utils.ExtentUtils.endReport(ExtentUtils.java:31)
at com.saucedemo.utils.ExtentUtils.endReport(ExtentUtils.java:31)
at com.saucedemo.utils.ExtentUtils.endReport(ExtentUtils.java:31)
at com.saucedemo.utils.ExtentUtils.endReport(ExtentUtils.java:31)
at com.saucedemo.utils.ExtentUtils.endReport(ExtentUtils.java:31)
at com.saucedemo.utils.ExtentUtils.endReport(ExtentUtils.java:31)
at com.saucedemo.utils.ExtentUtils.endReport(ExtentUtils.java:31)
at com.saucedemo.utils.ExtentUtils.endReport(ExtentUtils.java:31)
at com.saucedemo.utils.ExtentUtils.endReport(ExtentUtils.java:31)
at com.saucedemo.utils.ExtentUtils.endReport(ExtentUtils.java:31)
at com.saucedemo.utils.ExtentUtils.endReport(ExtentUtils.java:31)
at com.saucedemo.utils.ExtentUtils.endReport(ExtentUtils.java:31)
at com.saucedemo.utils.ExtentUtils.endReport(ExtentUtils.java:31)
at com.saucedemo.utils.ExtentUtils.endReport(ExtentUtils.java:31)
at com.saucedemo.utils.ExtentUtils.endReport(ExtentUtils.java:31)
at com.saucedemo.utils.ExtentUtils.endReport(ExtentUtils.java:31)
at com.saucedemo.utils.ExtentUtils.endReport(ExtentUtils.java:31)
]]>
            </full-stacktrace>
          </exception> <!-- java.lang.StackOverflowError -->
          <reporter-output>
          </reporter-output>
        </test-method> <!-- tearDown -->
        <test-method is-config="true" signature="setUp(java.lang.reflect.Method)[pri:0, instance:com.saucedemo.tests.endtoend.TestAddtToCartAndOrderCreation@7db12bb6]" started-at="2023-09-14T18:29:28 IST" name="setUp" finished-at="1970-01-01T05:30:00 IST" duration-ms="-1694696368283" status="SKIP">
          <reporter-output>
          </reporter-output>
        </test-method> <!-- setUp -->
        <test-method signature="OrderCreationTest2()[pri:0, instance:com.saucedemo.tests.endtoend.TestAddtToCartAndOrderCreation@7db12bb6]" started-at="2023-09-14T18:29:28 IST" name="OrderCreationTest2" finished-at="2023-09-14T18:29:28 IST" duration-ms="0" status="SKIP">
          <exception class="java.lang.StackOverflowError">
            <full-stacktrace>
              <![CDATA[java.lang.StackOverflowError
at com.saucedemo.utils.ExtentUtils.endReport(ExtentUtils.java:31)
at com.saucedemo.utils.ExtentUtils.endReport(ExtentUtils.java:31)
at com.saucedemo.utils.ExtentUtils.endReport(ExtentUtils.java:31)
at com.saucedemo.utils.ExtentUtils.endReport(ExtentUtils.java:31)
at com.saucedemo.utils.ExtentUtils.endReport(ExtentUtils.java:31)
at com.saucedemo.utils.ExtentUtils.endReport(ExtentUtils.java:31)
at com.saucedemo.utils.ExtentUtils.endReport(ExtentUtils.java:31)
at com.saucedemo.utils.ExtentUtils.endReport(ExtentUtils.java:31)
at com.saucedemo.utils.ExtentUtils.endReport(ExtentUtils.java:31)
at com.saucedemo.utils.ExtentUtils.endReport(ExtentUtils.java:31)
at com.saucedemo.utils.ExtentUtils.endReport(ExtentUtils.java:31)
at com.saucedemo.utils.ExtentUtils.endReport(ExtentUtils.java:31)
at com.saucedemo.utils.ExtentUtils.endReport(ExtentUtils.java:31)
at com.saucedemo.utils.ExtentUtils.endReport(ExtentUtils.java:31)
at com.saucedemo.utils.ExtentUtils.endReport(ExtentUtils.java:31)
at com.saucedemo.utils.ExtentUtils.endReport(ExtentUtils.java:31)
at com.saucedemo.utils.ExtentUtils.endReport(ExtentUtils.java:31)
at com.saucedemo.utils.ExtentUtils.endReport(ExtentUtils.java:31)
at com.saucedemo.utils.ExtentUtils.endReport(ExtentUtils.java:31)
at com.saucedemo.utils.ExtentUtils.endReport(ExtentUtils.java:31)
at com.saucedemo.utils.ExtentUtils.endReport(ExtentUtils.java:31)
at com.saucedemo.utils.ExtentUtils.endReport(ExtentUtils.java:31)
at com.saucedemo.utils.ExtentUtils.endReport(ExtentUtils.java:31)
at com.saucedemo.utils.ExtentUtils.endReport(ExtentUtils.java:31)
at com.saucedemo.utils.ExtentUtils.endReport(ExtentUtils.java:31)
at com.saucedemo.utils.ExtentUtils.endReport(ExtentUtils.java:31)
at com.saucedemo.utils.ExtentUtils.endReport(ExtentUtils.java:31)
at com.saucedemo.utils.ExtentUtils.endReport(ExtentUtils.java:31)
at com.saucedemo.utils.ExtentUtils.endReport(ExtentUtils.java:31)
at com.saucedemo.utils.ExtentUtils.endReport(ExtentUtils.java:31)
at com.saucedemo.utils.ExtentUtils.endReport(ExtentUtils.java:31)
at com.saucedemo.utils.ExtentUtils.endReport(ExtentUtils.java:31)
at com.saucedemo.utils.ExtentUtils.endReport(ExtentUtils.java:31)
at com.saucedemo.utils.ExtentUtils.endReport(ExtentUtils.java:31)
[...]
at com.saucedemo.utils.ExtentUtils.endReport(ExtentUtils.java:31)
at com.saucedemo.utils.ExtentUtils.endReport(ExtentUtils.java:31)
at com.saucedemo.utils.ExtentUtils.endReport(ExtentUtils.java:31)
at com.saucedemo.utils.ExtentUtils.endReport(ExtentUtils.java:31)
at com.saucedemo.utils.ExtentUtils.endReport(ExtentUtils.java:31)
at com.saucedemo.utils.ExtentUtils.endReport(ExtentUtils.java:31)
at com.saucedemo.utils.ExtentUtils.endReport(ExtentUtils.java:31)
at com.saucedemo.utils.ExtentUtils.endReport(ExtentUtils.java:31)
at com.saucedemo.utils.ExtentUtils.endReport(ExtentUtils.java:31)
at com.saucedemo.utils.ExtentUtils.endReport(ExtentUtils.java:31)
at com.saucedemo.utils.ExtentUtils.endReport(ExtentUtils.java:31)
at com.saucedemo.utils.ExtentUtils.endReport(ExtentUtils.java:31)
at com.saucedemo.utils.ExtentUtils.endReport(ExtentUtils.java:31)
at com.saucedemo.utils.ExtentUtils.endReport(ExtentUtils.java:31)
at com.saucedemo.utils.ExtentUtils.endReport(ExtentUtils.java:31)
at com.saucedemo.utils.ExtentUtils.endReport(ExtentUtils.java:31)
at com.saucedemo.utils.ExtentUtils.endReport(ExtentUtils.java:31)
at com.saucedemo.utils.ExtentUtils.endReport(ExtentUtils.java:31)
at com.saucedemo.utils.ExtentUtils.endReport(ExtentUtils.java:31)
at com.saucedemo.utils.ExtentUtils.endReport(ExtentUtils.java:31)
at com.saucedemo.utils.ExtentUtils.endReport(ExtentUtils.java:31)
at com.saucedemo.utils.ExtentUtils.endReport(ExtentUtils.java:31)
at com.saucedemo.utils.ExtentUtils.endReport(ExtentUtils.java:31)
at com.saucedemo.utils.ExtentUtils.endReport(ExtentUtils.java:31)
at com.saucedemo.utils.ExtentUtils.endReport(ExtentUtils.java:31)
at com.saucedemo.utils.ExtentUtils.endReport(ExtentUtils.java:31)
at com.saucedemo.utils.ExtentUtils.endReport(ExtentUtils.java:31)
at com.saucedemo.utils.ExtentUtils.endReport(ExtentUtils.java:31)
at com.saucedemo.utils.ExtentUtils.endReport(ExtentUtils.java:31)
at com.saucedemo.utils.ExtentUtils.endReport(ExtentUtils.java:31)
at com.saucedemo.utils.ExtentUtils.endReport(ExtentUtils.java:31)
at com.saucedemo.utils.ExtentUtils.endReport(ExtentUtils.java:31)
at com.saucedemo.utils.ExtentUtils.endReport(ExtentUtils.java:31)
at com.saucedemo.utils.ExtentUtils.endReport(ExtentUtils.java:31)
at com.saucedemo.utils.ExtentUtils.endReport(ExtentUtils.java:31)
at com.saucedemo.utils.ExtentUtils.endReport(ExtentUtils.java:31)
at com.saucedemo.utils.ExtentUtils.endReport(ExtentUtils.java:31)
at com.saucedemo.utils.ExtentUtils.endReport(ExtentUtils.java:31)
at com.saucedemo.utils.ExtentUtils.endReport(ExtentUtils.java:31)
at com.saucedemo.utils.ExtentUtils.endReport(ExtentUtils.java:31)
at com.saucedemo.utils.ExtentUtils.endReport(ExtentUtils.java:31)
at com.saucedemo.utils.ExtentUtils.endReport(ExtentUtils.java:31)
at com.saucedemo.utils.ExtentUtils.endReport(ExtentUtils.java:31)
at com.saucedemo.utils.ExtentUtils.endReport(ExtentUtils.java:31)
at com.saucedemo.utils.ExtentUtils.endReport(ExtentUtils.java:31)
at com.saucedemo.utils.ExtentUtils.endReport(ExtentUtils.java:31)
at com.saucedemo.utils.ExtentUtils.endReport(ExtentUtils.java:31)
at com.saucedemo.utils.ExtentUtils.endReport(ExtentUtils.java:31)
at com.saucedemo.utils.ExtentUtils.endReport(ExtentUtils.java:31)
at com.saucedemo.utils.ExtentUtils.endReport(ExtentUtils.java:31)
at com.saucedemo.utils.ExtentUtils.endReport(ExtentUtils.java:31)
at com.saucedemo.utils.ExtentUtils.endReport(ExtentUtils.java:31)
at com.saucedemo.utils.ExtentUtils.endReport(ExtentUtils.java:31)
at com.saucedemo.utils.ExtentUtils.endReport(ExtentUtils.java:31)
at com.saucedemo.utils.ExtentUtils.endReport(ExtentUtils.java:31)
at com.saucedemo.utils.ExtentUtils.endReport(ExtentUtils.java:31)
at com.saucedemo.utils.ExtentUtils.endReport(ExtentUtils.java:31)
at com.saucedemo.utils.ExtentUtils.endReport(ExtentUtils.java:31)
at com.saucedemo.utils.ExtentUtils.endReport(ExtentUtils.java:31)
at com.saucedemo.utils.ExtentUtils.endReport(ExtentUtils.java:31)
at com.saucedemo.utils.ExtentUtils.endReport(ExtentUtils.java:31)
at com.saucedemo.utils.ExtentUtils.endReport(ExtentUtils.java:31)
at com.saucedemo.utils.ExtentUtils.endReport(ExtentUtils.java:31)
at com.saucedemo.utils.ExtentUtils.endReport(ExtentUtils.java:31)
at com.saucedemo.utils.ExtentUtils.endReport(ExtentUtils.java:31)
at com.saucedemo.utils.ExtentUtils.endReport(ExtentUtils.java:31)
at com.saucedemo.utils.ExtentUtils.endReport(ExtentUtils.java:31)
at com.saucedemo.utils.ExtentUtils.endReport(ExtentUtils.java:31)
at com.saucedemo.utils.ExtentUtils.endReport(ExtentUtils.java:31)
at com.saucedemo.utils.ExtentUtils.endReport(ExtentUtils.java:31)
at com.saucedemo.utils.ExtentUtils.endReport(ExtentUtils.java:31)
at com.saucedemo.utils.ExtentUtils.endReport(ExtentUtils.java:31)
at com.saucedemo.utils.ExtentUtils.endReport(ExtentUtils.java:31)
at com.saucedemo.utils.ExtentUtils.endReport(ExtentUtils.java:31)
at com.saucedemo.utils.ExtentUtils.endReport(ExtentUtils.java:31)
at com.saucedemo.utils.ExtentUtils.endReport(ExtentUtils.java:31)
at com.saucedemo.utils.ExtentUtils.endReport(ExtentUtils.java:31)
at com.saucedemo.utils.ExtentUtils.endReport(ExtentUtils.java:31)
at com.saucedemo.utils.ExtentUtils.endReport(ExtentUtils.java:31)
at com.saucedemo.utils.ExtentUtils.endReport(ExtentUtils.java:31)
at com.saucedemo.utils.ExtentUtils.endReport(ExtentUtils.java:31)
at com.saucedemo.utils.ExtentUtils.endReport(ExtentUtils.java:31)
at com.saucedemo.utils.ExtentUtils.endReport(ExtentUtils.java:31)
at com.saucedemo.utils.ExtentUtils.endReport(ExtentUtils.java:31)
at com.saucedemo.utils.ExtentUtils.endReport(ExtentUtils.java:31)
at com.saucedemo.utils.ExtentUtils.endReport(ExtentUtils.java:31)
at com.saucedemo.utils.ExtentUtils.endReport(ExtentUtils.java:31)
at com.saucedemo.utils.ExtentUtils.endReport(ExtentUtils.java:31)
at com.saucedemo.utils.ExtentUtils.endReport(ExtentUtils.java:31)
at com.saucedemo.utils.ExtentUtils.endReport(ExtentUtils.java:31)
at com.saucedemo.utils.ExtentUtils.endReport(ExtentUtils.java:31)
at com.saucedemo.utils.ExtentUtils.endReport(ExtentUtils.java:31)
at com.saucedemo.utils.ExtentUtils.endReport(ExtentUtils.java:31)
at com.saucedemo.utils.ExtentUtils.endReport(ExtentUtils.java:31)
at com.saucedemo.utils.ExtentUtils.endReport(ExtentUtils.java:31)
at com.saucedemo.utils.ExtentUtils.endReport(ExtentUtils.java:31)
at com.saucedemo.utils.ExtentUtils.endReport(ExtentUtils.java:31)
at com.saucedemo.utils.ExtentUtils.endReport(ExtentUtils.java:31)
at com.saucedemo.utils.ExtentUtils.endReport(ExtentUtils.java:31)
at com.saucedemo.utils.ExtentUtils.endReport(ExtentUtils.java:31)
at com.saucedemo.utils.ExtentUtils.endReport(ExtentUtils.java:31)
at com.saucedemo.utils.ExtentUtils.endReport(ExtentUtils.java:31)
at com.saucedemo.utils.ExtentUtils.endReport(ExtentUtils.java:31)
at com.saucedemo.utils.ExtentUtils.endReport(ExtentUtils.java:31)
at com.saucedemo.utils.ExtentUtils.endReport(ExtentUtils.java:31)
at com.saucedemo.utils.ExtentUtils.endReport(ExtentUtils.java:31)
at com.saucedemo.utils.ExtentUtils.endReport(ExtentUtils.java:31)
at com.saucedemo.utils.ExtentUtils.endReport(ExtentUtils.java:31)
at com.saucedemo.utils.ExtentUtils.endReport(ExtentUtils.java:31)
at com.saucedemo.utils.ExtentUtils.endReport(ExtentUtils.java:31)
at com.saucedemo.utils.ExtentUtils.endReport(ExtentUtils.java:31)
at com.saucedemo.utils.ExtentUtils.endReport(ExtentUtils.java:31)
at com.saucedemo.utils.ExtentUtils.endReport(ExtentUtils.java:31)
at com.saucedemo.utils.ExtentUtils.endReport(ExtentUtils.java:31)
at com.saucedemo.utils.ExtentUtils.endReport(ExtentUtils.java:31)
at com.saucedemo.utils.ExtentUtils.endReport(ExtentUtils.java:31)
at com.saucedemo.utils.ExtentUtils.endReport(ExtentUtils.java:31)
at com.saucedemo.utils.ExtentUtils.endReport(ExtentUtils.java:31)
at com.saucedemo.utils.ExtentUtils.endReport(ExtentUtils.java:31)
at com.saucedemo.utils.ExtentUtils.endReport(ExtentUtils.java:31)
at com.saucedemo.utils.ExtentUtils.endReport(ExtentUtils.java:31)
at com.saucedemo.utils.ExtentUtils.endReport(ExtentUtils.java:31)
at com.saucedemo.utils.ExtentUtils.endReport(ExtentUtils.java:31)
at com.saucedemo.utils.ExtentUtils.endReport(ExtentUtils.java:31)
at com.saucedemo.utils.ExtentUtils.endReport(ExtentUtils.java:31)
at com.saucedemo.utils.ExtentUtils.endReport(ExtentUtils.java:31)
at com.saucedemo.utils.ExtentUtils.endReport(ExtentUtils.java:31)
at com.saucedemo.utils.ExtentUtils.endReport(ExtentUtils.java:31)
at com.saucedemo.utils.ExtentUtils.endReport(ExtentUtils.java:31)
at com.saucedemo.utils.ExtentUtils.endReport(ExtentUtils.java:31)
at com.saucedemo.utils.ExtentUtils.endReport(ExtentUtils.java:31)
at com.saucedemo.utils.ExtentUtils.endReport(ExtentUtils.java:31)
at com.saucedemo.utils.ExtentUtils.endReport(ExtentUtils.java:31)
at com.saucedemo.utils.ExtentUtils.endReport(ExtentUtils.java:31)
at com.saucedemo.utils.ExtentUtils.endReport(ExtentUtils.java:31)
at com.saucedemo.utils.ExtentUtils.endReport(ExtentUtils.java:31)
at com.saucedemo.utils.ExtentUtils.endReport(ExtentUtils.java:31)
at com.saucedemo.utils.ExtentUtils.endReport(ExtentUtils.java:31)
at com.saucedemo.utils.ExtentUtils.endReport(ExtentUtils.java:31)
at com.saucedemo.utils.ExtentUtils.endReport(ExtentUtils.java:31)
at com.saucedemo.utils.ExtentUtils.endReport(ExtentUtils.java:31)
at com.saucedemo.utils.ExtentUtils.endReport(ExtentUtils.java:31)
at com.saucedemo.utils.ExtentUtils.endReport(ExtentUtils.java:31)
at com.saucedemo.utils.ExtentUtils.endReport(ExtentUtils.java:31)
at com.saucedemo.utils.ExtentUtils.endReport(ExtentUtils.java:31)
at com.saucedemo.utils.ExtentUtils.endReport(ExtentUtils.java:31)
at com.saucedemo.utils.ExtentUtils.endReport(ExtentUtils.java:31)
at com.saucedemo.utils.ExtentUtils.endReport(ExtentUtils.java:31)
at com.saucedemo.utils.ExtentUtils.endReport(ExtentUtils.java:31)
at com.saucedemo.utils.ExtentUtils.endReport(ExtentUtils.java:31)
at com.saucedemo.utils.ExtentUtils.endReport(ExtentUtils.java:31)
at com.saucedemo.utils.ExtentUtils.endReport(ExtentUtils.java:31)
at com.saucedemo.utils.ExtentUtils.endReport(ExtentUtils.java:31)
at com.saucedemo.utils.ExtentUtils.endReport(ExtentUtils.java:31)
at com.saucedemo.utils.ExtentUtils.endReport(ExtentUtils.java:31)
at com.saucedemo.utils.ExtentUtils.endReport(ExtentUtils.java:31)
at com.saucedemo.utils.ExtentUtils.endReport(ExtentUtils.java:31)
at com.saucedemo.utils.ExtentUtils.endReport(ExtentUtils.java:31)
at com.saucedemo.utils.ExtentUtils.endReport(ExtentUtils.java:31)
at com.saucedemo.utils.ExtentUtils.endReport(ExtentUtils.java:31)
at com.saucedemo.utils.ExtentUtils.endReport(ExtentUtils.java:31)
at com.saucedemo.utils.ExtentUtils.endReport(ExtentUtils.java:31)
at com.saucedemo.utils.ExtentUtils.endReport(ExtentUtils.java:31)
at com.saucedemo.utils.ExtentUtils.endReport(ExtentUtils.java:31)
at com.saucedemo.utils.ExtentUtils.endReport(ExtentUtils.java:31)
at com.saucedemo.utils.ExtentUtils.endReport(ExtentUtils.java:31)
at com.saucedemo.utils.ExtentUtils.endReport(ExtentUtils.java:31)
at com.saucedemo.utils.ExtentUtils.endReport(ExtentUtils.java:31)
at com.saucedemo.utils.ExtentUtils.endReport(ExtentUtils.java:31)
at com.saucedemo.utils.ExtentUtils.endReport(ExtentUtils.java:31)
at com.saucedemo.utils.ExtentUtils.endReport(ExtentUtils.java:31)
at com.saucedemo.utils.ExtentUtils.endReport(ExtentUtils.java:31)
at com.saucedemo.utils.ExtentUtils.endReport(ExtentUtils.java:31)
at com.saucedemo.utils.ExtentUtils.endReport(ExtentUtils.java:31)
at com.saucedemo.utils.ExtentUtils.endReport(ExtentUtils.java:31)
at com.saucedemo.utils.ExtentUtils.endReport(ExtentUtils.java:31)
at com.saucedemo.utils.ExtentUtils.endReport(ExtentUtils.java:31)
at com.saucedemo.utils.ExtentUtils.endReport(ExtentUtils.java:31)
at com.saucedemo.utils.ExtentUtils.endReport(ExtentUtils.java:31)
at com.saucedemo.utils.ExtentUtils.endReport(ExtentUtils.java:31)
at com.saucedemo.utils.ExtentUtils.endReport(ExtentUtils.java:31)
at com.saucedemo.utils.ExtentUtils.endReport(ExtentUtils.java:31)
at com.saucedemo.utils.ExtentUtils.endReport(ExtentUtils.java:31)
at com.saucedemo.utils.ExtentUtils.endReport(ExtentUtils.java:31)
at com.saucedemo.utils.ExtentUtils.endReport(ExtentUtils.java:31)
at com.saucedemo.utils.ExtentUtils.endReport(ExtentUtils.java:31)
at com.saucedemo.utils.ExtentUtils.endReport(ExtentUtils.java:31)
at com.saucedemo.utils.ExtentUtils.endReport(ExtentUtils.java:31)
at com.saucedemo.utils.ExtentUtils.endReport(ExtentUtils.java:31)
at com.saucedemo.utils.ExtentUtils.endReport(ExtentUtils.java:31)
at com.saucedemo.utils.ExtentUtils.endReport(ExtentUtils.java:31)
at com.saucedemo.utils.ExtentUtils.endReport(ExtentUtils.java:31)
at com.saucedemo.utils.ExtentUtils.endReport(ExtentUtils.java:31)
at com.saucedemo.utils.ExtentUtils.endReport(ExtentUtils.java:31)
at com.saucedemo.utils.ExtentUtils.endReport(ExtentUtils.java:31)
at com.saucedemo.utils.ExtentUtils.endReport(ExtentUtils.java:31)
at com.saucedemo.utils.ExtentUtils.endReport(ExtentUtils.java:31)
at com.saucedemo.utils.ExtentUtils.endReport(ExtentUtils.java:31)
at com.saucedemo.utils.ExtentUtils.endReport(ExtentUtils.java:31)
at com.saucedemo.utils.ExtentUtils.endReport(ExtentUtils.java:31)
at com.saucedemo.utils.ExtentUtils.endReport(ExtentUtils.java:31)
at com.saucedemo.utils.ExtentUtils.endReport(ExtentUtils.java:31)
at com.saucedemo.utils.ExtentUtils.endReport(ExtentUtils.java:31)
at com.saucedemo.utils.ExtentUtils.endReport(ExtentUtils.java:31)
at com.saucedemo.utils.ExtentUtils.endReport(ExtentUtils.java:31)
at com.saucedemo.utils.ExtentUtils.endReport(ExtentUtils.java:31)
at com.saucedemo.utils.ExtentUtils.endReport(ExtentUtils.java:31)
at com.saucedemo.utils.ExtentUtils.endReport(ExtentUtils.java:31)
at com.saucedemo.utils.ExtentUtils.endReport(ExtentUtils.java:31)
at com.saucedemo.utils.ExtentUtils.endReport(ExtentUtils.java:31)
at com.saucedemo.utils.ExtentUtils.endReport(ExtentUtils.java:31)
at com.saucedemo.utils.ExtentUtils.endReport(ExtentUtils.java:31)
at com.saucedemo.utils.ExtentUtils.endReport(ExtentUtils.java:31)
at com.saucedemo.utils.ExtentUtils.endReport(ExtentUtils.java:31)
at com.saucedemo.utils.ExtentUtils.endReport(ExtentUtils.java:31)
at com.saucedemo.utils.ExtentUtils.endReport(ExtentUtils.java:31)
at com.saucedemo.utils.ExtentUtils.endReport(ExtentUtils.java:31)
at com.saucedemo.utils.ExtentUtils.endReport(ExtentUtils.java:31)
at com.saucedemo.utils.ExtentUtils.endReport(ExtentUtils.java:31)
at com.saucedemo.utils.ExtentUtils.endReport(ExtentUtils.java:31)
at com.saucedemo.utils.ExtentUtils.endReport(ExtentUtils.java:31)
at com.saucedemo.utils.ExtentUtils.endReport(ExtentUtils.java:31)
at com.saucedemo.utils.ExtentUtils.endReport(ExtentUtils.java:31)
at com.saucedemo.utils.ExtentUtils.endReport(ExtentUtils.java:31)
at com.saucedemo.utils.ExtentUtils.endReport(ExtentUtils.java:31)
at com.saucedemo.utils.ExtentUtils.endReport(ExtentUtils.java:31)
at com.saucedemo.utils.ExtentUtils.endReport(ExtentUtils.java:31)
at com.saucedemo.utils.ExtentUtils.endReport(ExtentUtils.java:31)
at com.saucedemo.utils.ExtentUtils.endReport(ExtentUtils.java:31)
at com.saucedemo.utils.ExtentUtils.endReport(ExtentUtils.java:31)
at com.saucedemo.utils.ExtentUtils.endReport(ExtentUtils.java:31)
at com.saucedemo.utils.ExtentUtils.endReport(ExtentUtils.java:31)
at com.saucedemo.utils.ExtentUtils.endReport(ExtentUtils.java:31)
at com.saucedemo.utils.ExtentUtils.endReport(ExtentUtils.java:31)
at com.saucedemo.utils.ExtentUtils.endReport(ExtentUtils.java:31)
at com.saucedemo.utils.ExtentUtils.endReport(ExtentUtils.java:31)
at com.saucedemo.utils.ExtentUtils.endReport(ExtentUtils.java:31)
at com.saucedemo.utils.ExtentUtils.endReport(ExtentUtils.java:31)
at com.saucedemo.utils.ExtentUtils.endReport(ExtentUtils.java:31)
at com.saucedemo.utils.ExtentUtils.endReport(ExtentUtils.java:31)
at com.saucedemo.utils.ExtentUtils.endReport(ExtentUtils.java:31)
at com.saucedemo.utils.ExtentUtils.endReport(ExtentUtils.java:31)
at com.saucedemo.utils.ExtentUtils.endReport(ExtentUtils.java:31)
at com.saucedemo.utils.ExtentUtils.endReport(ExtentUtils.java:31)
at com.saucedemo.utils.ExtentUtils.endReport(ExtentUtils.java:31)
at com.saucedemo.utils.ExtentUtils.endReport(ExtentUtils.java:31)
at com.saucedemo.utils.ExtentUtils.endReport(ExtentUtils.java:31)
at com.saucedemo.utils.ExtentUtils.endReport(ExtentUtils.java:31)
at com.saucedemo.utils.ExtentUtils.endReport(ExtentUtils.java:31)
at com.saucedemo.utils.ExtentUtils.endReport(ExtentUtils.java:31)
at com.saucedemo.utils.ExtentUtils.endReport(ExtentUtils.java:31)
at com.saucedemo.utils.ExtentUtils.endReport(ExtentUtils.java:31)
at com.saucedemo.utils.ExtentUtils.endReport(ExtentUtils.java:31)
at com.saucedemo.utils.ExtentUtils.endReport(ExtentUtils.java:31)
at com.saucedemo.utils.ExtentUtils.endReport(ExtentUtils.java:31)
at com.saucedemo.utils.ExtentUtils.endReport(ExtentUtils.java:31)
at com.saucedemo.utils.ExtentUtils.endReport(ExtentUtils.java:31)
at com.saucedemo.utils.ExtentUtils.endReport(ExtentUtils.java:31)
at com.saucedemo.utils.ExtentUtils.endReport(ExtentUtils.java:31)
at com.saucedemo.utils.ExtentUtils.endReport(ExtentUtils.java:31)
at com.saucedemo.utils.ExtentUtils.endReport(ExtentUtils.java:31)
at com.saucedemo.utils.ExtentUtils.endReport(ExtentUtils.java:31)
at com.saucedemo.utils.ExtentUtils.endReport(ExtentUtils.java:31)
at com.saucedemo.utils.ExtentUtils.endReport(ExtentUtils.java:31)
at com.saucedemo.utils.ExtentUtils.endReport(ExtentUtils.java:31)
at com.saucedemo.utils.ExtentUtils.endReport(ExtentUtils.java:31)
at com.saucedemo.utils.ExtentUtils.endReport(ExtentUtils.java:31)
at com.saucedemo.utils.ExtentUtils.endReport(ExtentUtils.java:31)
at com.saucedemo.utils.ExtentUtils.endReport(ExtentUtils.java:31)
at com.saucedemo.utils.ExtentUtils.endReport(ExtentUtils.java:31)
at com.saucedemo.utils.ExtentUtils.endReport(ExtentUtils.java:31)
at com.saucedemo.utils.ExtentUtils.endReport(ExtentUtils.java:31)
at com.saucedemo.utils.ExtentUtils.endReport(ExtentUtils.java:31)
at com.saucedemo.utils.ExtentUtils.endReport(ExtentUtils.java:31)
at com.saucedemo.utils.ExtentUtils.endReport(ExtentUtils.java:31)
at com.saucedemo.utils.ExtentUtils.endReport(ExtentUtils.java:31)
at com.saucedemo.utils.ExtentUtils.endReport(ExtentUtils.java:31)
at com.saucedemo.utils.ExtentUtils.endReport(ExtentUtils.java:31)
at com.saucedemo.utils.ExtentUtils.endReport(ExtentUtils.java:31)
at com.saucedemo.utils.ExtentUtils.endReport(ExtentUtils.java:31)
at com.saucedemo.utils.ExtentUtils.endReport(ExtentUtils.java:31)
at com.saucedemo.utils.ExtentUtils.endReport(ExtentUtils.java:31)
at com.saucedemo.utils.ExtentUtils.endReport(ExtentUtils.java:31)
at com.saucedemo.utils.ExtentUtils.endReport(ExtentUtils.java:31)
at com.saucedemo.utils.ExtentUtils.endReport(ExtentUtils.java:31)
at com.saucedemo.utils.ExtentUtils.endReport(ExtentUtils.java:31)
at com.saucedemo.utils.ExtentUtils.endReport(ExtentUtils.java:31)
at com.saucedemo.utils.ExtentUtils.endReport(ExtentUtils.java:31)
at com.saucedemo.utils.ExtentUtils.endReport(ExtentUtils.java:31)
at com.saucedemo.utils.ExtentUtils.endReport(ExtentUtils.java:31)
at com.saucedemo.utils.ExtentUtils.endReport(ExtentUtils.java:31)
at com.saucedemo.utils.ExtentUtils.endReport(ExtentUtils.java:31)
]]>
            </full-stacktrace>
          </exception> <!-- java.lang.StackOverflowError -->
          <reporter-output>
          </reporter-output>
        </test-method> <!-- tearDown -->
        <test-method is-config="true" signature="endParentReport()[pri:0, instance:com.saucedemo.tests.endtoend.OrderDispatchedTest@942a29c]" started-at="2023-09-14T18:29:31 IST" name="endParentReport" finished-at="1970-01-01T05:30:00 IST" duration-ms="-1694696371101" status="SKIP">
          <reporter-output>
          </reporter-output>
        </test-method> <!-- endParentReport -->
      </class> <!-- com.saucedemo.tests.endtoend.OrderDispatchedTest -->
    </test> <!-- Test -->
  </suite> <!-- Suite -->
</testng-results>
